<?xml version="1.0" encoding="UTF-8"?>
<testsuite name="learn.programming.StudentRepositoryTest" tests="2" skipped="0" failures="0" errors="0" timestamp="2019-02-19T16:54:36" hostname="ascension" time="0.109">
  <properties/>
  <testcase name="getStudentByIdTest" classname="learn.programming.StudentRepositoryTest" time="0.089"/>
  <testcase name="getStudentFromPassport" classname="learn.programming.StudentRepositoryTest" time="0.016"/>
  <system-out><![CDATA[22:24:26.102 [Test worker] DEBUG org.springframework.test.context.junit4.SpringJUnit4ClassRunner - SpringJUnit4ClassRunner constructor called with [class learn.programming.StudentRepositoryTest]
22:24:26.118 [Test worker] DEBUG org.springframework.test.context.BootstrapUtils - Instantiating CacheAwareContextLoaderDelegate from class [org.springframework.test.context.cache.DefaultCacheAwareContextLoaderDelegate]
22:24:26.133 [Test worker] DEBUG org.springframework.test.context.BootstrapUtils - Instantiating BootstrapContext using constructor [public org.springframework.test.context.support.DefaultBootstrapContext(java.lang.Class,org.springframework.test.context.CacheAwareContextLoaderDelegate)]
22:24:26.161 [Test worker] DEBUG org.springframework.test.context.BootstrapUtils - Instantiating TestContextBootstrapper for test class [learn.programming.StudentRepositoryTest] from class [org.springframework.boot.test.context.SpringBootTestContextBootstrapper]
22:24:26.175 [Test worker] INFO org.springframework.boot.test.context.SpringBootTestContextBootstrapper - Neither @ContextConfiguration nor @ContextHierarchy found for test class [learn.programming.StudentRepositoryTest], using SpringBootContextLoader
22:24:26.179 [Test worker] DEBUG org.springframework.test.context.support.AbstractContextLoader - Did not detect default resource location for test class [learn.programming.StudentRepositoryTest]: class path resource [learn/programming/StudentRepositoryTest-context.xml] does not exist
22:24:26.180 [Test worker] DEBUG org.springframework.test.context.support.AbstractContextLoader - Did not detect default resource location for test class [learn.programming.StudentRepositoryTest]: class path resource [learn/programming/StudentRepositoryTestContext.groovy] does not exist
22:24:26.180 [Test worker] INFO org.springframework.test.context.support.AbstractContextLoader - Could not detect default resource locations for test class [learn.programming.StudentRepositoryTest]: no resource found for suffixes {-context.xml, Context.groovy}.
22:24:26.248 [Test worker] DEBUG org.springframework.test.context.support.ActiveProfilesUtils - Could not find an 'annotation declaring class' for annotation type [org.springframework.test.context.ActiveProfiles] and class [learn.programming.StudentRepositoryTest]
22:24:26.449 [Test worker] DEBUG org.springframework.boot.test.context.SpringBootTestContextBootstrapper - @TestExecutionListeners is not present for class [learn.programming.StudentRepositoryTest]: using defaults.
22:24:26.450 [Test worker] INFO org.springframework.boot.test.context.SpringBootTestContextBootstrapper - Loaded default TestExecutionListener class names from location [META-INF/spring.factories]: [org.spockframework.spring.SpringMockTestExecutionListener, org.springframework.boot.test.autoconfigure.restdocs.RestDocsTestExecutionListener, org.springframework.boot.test.autoconfigure.web.client.MockRestServiceServerResetTestExecutionListener, org.springframework.boot.test.autoconfigure.web.servlet.MockMvcPrintOnlyOnFailureTestExecutionListener, org.springframework.boot.test.autoconfigure.web.servlet.WebDriverTestExecutionListener, org.springframework.boot.test.mock.mockito.MockitoTestExecutionListener, org.springframework.boot.test.mock.mockito.ResetMocksTestExecutionListener, org.springframework.test.context.web.ServletTestExecutionListener, org.springframework.test.context.support.DirtiesContextBeforeModesTestExecutionListener, org.springframework.test.context.support.DependencyInjectionTestExecutionListener, org.springframework.test.context.support.DirtiesContextTestExecutionListener, org.springframework.test.context.transaction.TransactionalTestExecutionListener, org.springframework.test.context.jdbc.SqlScriptsTestExecutionListener]
22:24:26.473 [Test worker] INFO org.springframework.boot.test.context.SpringBootTestContextBootstrapper - Using TestExecutionListeners: [org.springframework.test.context.web.ServletTestExecutionListener@7e42eb0, org.springframework.test.context.support.DirtiesContextBeforeModesTestExecutionListener@57da894d, org.springframework.boot.test.mock.mockito.MockitoTestExecutionListener@14980581, org.springframework.boot.test.autoconfigure.SpringBootDependencyInjectionTestExecutionListener@3613584, org.springframework.test.context.support.DirtiesContextTestExecutionListener@25560af6, org.springframework.test.context.transaction.TransactionalTestExecutionListener@26c56ff0, org.springframework.test.context.jdbc.SqlScriptsTestExecutionListener@72a5c2a4, org.springframework.boot.test.autoconfigure.restdocs.RestDocsTestExecutionListener@78621461, org.springframework.boot.test.autoconfigure.web.client.MockRestServiceServerResetTestExecutionListener@6d76a021, org.springframework.boot.test.autoconfigure.web.servlet.MockMvcPrintOnlyOnFailureTestExecutionListener@6041f890, org.springframework.boot.test.autoconfigure.web.servlet.WebDriverTestExecutionListener@3cadb6de, org.springframework.boot.test.mock.mockito.ResetMocksTestExecutionListener@54047c36, org.spockframework.spring.SpringMockTestExecutionListener@cabb93f]
22:24:26.477 [Test worker] DEBUG org.springframework.test.annotation.ProfileValueUtils - Retrieved @ProfileValueSourceConfiguration [null] for test class [learn.programming.StudentRepositoryTest]
22:24:26.477 [Test worker] DEBUG org.springframework.test.annotation.ProfileValueUtils - Retrieved ProfileValueSource type [class org.springframework.test.annotation.SystemProfileValueSource] for class [learn.programming.StudentRepositoryTest]
22:24:26.478 [Test worker] DEBUG org.springframework.test.annotation.ProfileValueUtils - Retrieved @ProfileValueSourceConfiguration [null] for test class [learn.programming.StudentRepositoryTest]
22:24:26.479 [Test worker] DEBUG org.springframework.test.annotation.ProfileValueUtils - Retrieved ProfileValueSource type [class org.springframework.test.annotation.SystemProfileValueSource] for class [learn.programming.StudentRepositoryTest]
22:24:26.486 [Test worker] DEBUG org.springframework.test.context.support.AbstractDirtiesContextTestExecutionListener - Before test class: context [DefaultTestContext@791145ff testClass = StudentRepositoryTest, testInstance = [null], testMethod = [null], testException = [null], mergedContextConfiguration = [WebMergedContextConfiguration@86aa60 testClass = StudentRepositoryTest, locations = '{}', classes = '{class learn.programming.DataPersistenceApplication, class learn.programming.DataPersistenceApplication}', contextInitializerClasses = '[]', activeProfiles = '{}', propertySourceLocations = '{}', propertySourceProperties = '{org.springframework.boot.test.context.SpringBootTestContextBootstrapper=true}', contextCustomizers = set[org.spockframework.spring.mock.SpockContextCustomizer@0, org.springframework.boot.test.autoconfigure.properties.PropertyMappingContextCustomizer@0, org.springframework.boot.test.autoconfigure.web.servlet.WebDriverContextCustomizerFactory$Customizer@33b0f5a3, org.springframework.boot.test.context.filter.ExcludeFilterContextCustomizer@1ce6b297, org.springframework.boot.test.json.DuplicateJsonObjectContextCustomizerFactory$DuplicateJsonObjectContextCustomizer@707f63c7, org.springframework.boot.test.mock.mockito.MockitoContextCustomizer@0, org.springframework.boot.test.web.client.TestRestTemplateContextCustomizer@5fb8cf5f], resourceBasePath = 'src/main/webapp', contextLoader = 'org.springframework.boot.test.context.SpringBootContextLoader', parent = [null]], attributes = map['org.springframework.test.context.web.ServletTestExecutionListener.activateListener' -> true]], class annotated with @DirtiesContext [false] with mode [null].
22:24:26.490 [Test worker] DEBUG org.springframework.test.annotation.ProfileValueUtils - Retrieved @ProfileValueSourceConfiguration [null] for test class [learn.programming.StudentRepositoryTest]
22:24:26.490 [Test worker] DEBUG org.springframework.test.annotation.ProfileValueUtils - Retrieved ProfileValueSource type [class org.springframework.test.annotation.SystemProfileValueSource] for class [learn.programming.StudentRepositoryTest]
22:24:26.525 [Test worker] DEBUG org.springframework.test.context.support.TestPropertySourceUtils - Adding inlined properties to environment: {spring.jmx.enabled=false, org.springframework.boot.test.context.SpringBootTestContextBootstrapper=true, server.port=-1}
?[2m2019-02-19 22:24:26.984?[0;39m ?[32mDEBUG?[0;39m ?[35m21075?[0;39m ?[2m---?[0;39m ?[2m[    Test worker]?[0;39m ?[36m.c.l.ClasspathLoggingApplicationListener?[0;39m ?[2m:?[0;39m Application started with classpath: [file:/home/icy/.gradle/caches/4.10.2/workerMain/gradle-worker.jar, file:/home/icy/source/java/spring-masterclass/data-persistence/04_hibernate_relationships/build/classes/java/test/, file:/home/icy/source/java/spring-masterclass/data-persistence/04_hibernate_relationships/build/resources/test, file:/home/icy/source/java/spring-masterclass/data-persistence/04_hibernate_relationships/build/classes/java/main/, file:/home/icy/source/java/spring-masterclass/data-persistence/04_hibernate_relationships/build/resources/main/, file:/home/icy/.gradle/caches/modules-2/files-2.1/cglib/cglib-nodep/3.2.10/1960483f42e8dd0830a1aec0a4a823569698ba34/cglib-nodep-3.2.10.jar, file:/home/icy/.gradle/caches/modules-2/files-2.1/org.springframework.boot/spring-boot-starter-data-jpa/2.1.2.RELEASE/43691a5ea941621098078a86fffaba97481a30ff/spring-boot-starter-data-jpa-2.1.2.RELEASE.jar, file:/home/icy/.gradle/caches/modules-2/files-2.1/org.springframework.boot/spring-boot-starter-jdbc/2.1.2.RELEASE/7ab23ed460150c83dac09769dd6467b0ac5ee467/spring-boot-starter-jdbc-2.1.2.RELEASE.jar, file:/home/icy/.gradle/caches/modules-2/files-2.1/org.springframework.boot/spring-boot-starter-web/2.1.2.RELEASE/33749ef5bf458829eef0e0c45615bf536521a97a/spring-boot-starter-web-2.1.2.RELEASE.jar, file:/home/icy/.gradle/caches/modules-2/files-2.1/com.h2database/h2/1.4.197/bb391050048ca8ae3e32451b5a3714ecd3596a46/h2-1.4.197.jar, file:/home/icy/.gradle/caches/modules-2/files-2.1/org.spockframework/spock-spring/1.2-groovy-2.5/61a10381374df3e489bafb0a10385663cb3e4c31/spock-spring-1.2-groovy-2.5.jar, file:/home/icy/.gradle/caches/modules-2/files-2.1/org.springframework.boot/spring-boot-starter-test/2.1.2.RELEASE/578bf9f4d8223ac004dda4a7e742a6cfc93eed0/spring-boot-starter-test-2.1.2.RELEASE.jar, file:/home/icy/.gradle/caches/modules-2/files-2.1/org.springframework.boot/spring-boot-starter-aop/2.1.2.RELEASE/d4266d045585b54b0cef23bc725af66793d96c4c/spring-boot-starter-aop-2.1.2.RELEASE.jar, file:/home/icy/.gradle/caches/modules-2/files-2.1/javax.transaction/javax.transaction-api/1.3/e006adf5cf3cca2181d16bd640ecb80148ec0fce/javax.transaction-api-1.3.jar, file:/home/icy/.gradle/caches/modules-2/files-2.1/javax.xml.bind/jaxb-api/2.3.1/8531ad5ac454cc2deb9d4d32c40c4d7451939b5d/jaxb-api-2.3.1.jar, file:/home/icy/.gradle/caches/modules-2/files-2.1/org.hibernate/hibernate-core/5.3.7.Final/f87c5c1bbfc638309824140e68dfaaeb1bb479f3/hibernate-core-5.3.7.Final.jar, file:/home/icy/.gradle/caches/modules-2/files-2.1/org.springframework.data/spring-data-jpa/2.1.4.RELEASE/aedc52b1f5acdfe11cb665d0ad3920de8bca480a/spring-data-jpa-2.1.4.RELEASE.jar, file:/home/icy/.gradle/caches/modules-2/files-2.1/org.springframework/spring-aspects/5.1.4.RELEASE/8d9f441975c7b45f497706c068c022163591d116/spring-aspects-5.1.4.RELEASE.jar, file:/home/icy/.gradle/caches/modules-2/files-2.1/org.springframework.boot/spring-boot-starter-json/2.1.2.RELEASE/db59b1857966985cec2cdb81cd6cfeb315f1c849/spring-boot-starter-json-2.1.2.RELEASE.jar, file:/home/icy/.gradle/caches/modules-2/files-2.1/org.springframework.boot/spring-boot-starter/2.1.2.RELEASE/d2d5f6e546980503ca79e4a2e9f4e31c47c3e32f/spring-boot-starter-2.1.2.RELEASE.jar, file:/home/icy/.gradle/caches/modules-2/files-2.1/com.zaxxer/HikariCP/3.2.0/6c66db1c636ee90beb4c65fe34abd8ba9396bca6/HikariCP-3.2.0.jar, file:/home/icy/.gradle/caches/modules-2/files-2.1/org.springframework/spring-orm/5.1.4.RELEASE/4724d782a976fb7b0f69dd1e5d027a0d68622260/spring-orm-5.1.4.RELEASE.jar, file:/home/icy/.gradle/caches/modules-2/files-2.1/org.springframework/spring-jdbc/5.1.4.RELEASE/ec21d6c0956b523ed364fa1bb1165009ad426753/spring-jdbc-5.1.4.RELEASE.jar, file:/home/icy/.gradle/caches/modules-2/files-2.1/org.springframework.boot/spring-boot-starter-tomcat/2.1.2.RELEASE/531e2244086772d5c92a6ae0790187a5476a90d7/spring-boot-starter-tomcat-2.1.2.RELEASE.jar, file:/home/icy/.gradle/caches/modules-2/files-2.1/org.hibernate.validator/hibernate-validator/6.0.14.Final/c424524aa7718c564d9199ac5892b05901cabae6/hibernate-validator-6.0.14.Final.jar, file:/home/icy/.gradle/caches/modules-2/files-2.1/org.springframework/spring-webmvc/5.1.4.RELEASE/eb1badce2f1593f3fb6e340036d313bf1c24dcfa/spring-webmvc-5.1.4.RELEASE.jar, file:/home/icy/.gradle/caches/modules-2/files-2.1/org.springframework/spring-web/5.1.4.RELEASE/75830b324bba34b2cb63d0fed085e94cc759eec5/spring-web-5.1.4.RELEASE.jar, file:/home/icy/.gradle/caches/modules-2/files-2.1/org.spockframework/spock-core/1.2-groovy-2.5/8a7cdbd646c4ac6be8d60c8c7a329bbe77441ea2/spock-core-1.2-groovy-2.5.jar, file:/home/icy/.gradle/caches/modules-2/files-2.1/org.codehaus.groovy/groovy-json/2.5.5/3274bb68861c1ba9cf027ef54a592497555f365/groovy-json-2.5.5.jar, file:/home/icy/.gradle/caches/modules-2/files-2.1/org.codehaus.groovy/groovy-nio/2.5.5/2c74e9fab2f4a1db93242a7357599f97fe0ea0e8/groovy-nio-2.5.5.jar, file:/home/icy/.gradle/caches/modules-2/files-2.1/org.codehaus.groovy/groovy-macro/2.5.5/ee1e459223b450d8f98b5b0efbe974d85a32e4a2/groovy-macro-2.5.5.jar, file:/home/icy/.gradle/caches/modules-2/files-2.1/org.codehaus.groovy/groovy-templates/2.5.5/5a2d80499d600b9cb71e69b520b6f9f2f4359779/groovy-templates-2.5.5.jar, file:/home/icy/.gradle/caches/modules-2/files-2.1/org.codehaus.groovy/groovy-test/2.5.5/f138c13df391c420df6bf8e52e5c8248c61e9cfa/groovy-test-2.5.5.jar, file:/home/icy/.gradle/caches/modules-2/files-2.1/org.codehaus.groovy/groovy-sql/2.5.5/dd869f6e3979d98efc0848df994c178d6645d3dc/groovy-sql-2.5.5.jar, file:/home/icy/.gradle/caches/modules-2/files-2.1/org.codehaus.groovy/groovy-xml/2.5.5/9de098bd721e65d54b11fbf44b28f47016a133fc/groovy-xml-2.5.5.jar, file:/home/icy/.gradle/caches/modules-2/files-2.1/org.codehaus.groovy/groovy/2.5.5/2388f952b369f6b11cde8e15ec872e9ca3e0ff3e/groovy-2.5.5.jar, file:/home/icy/.gradle/caches/modules-2/files-2.1/org.springframework.boot/spring-boot-test-autoconfigure/2.1.2.RELEASE/1c73119a147277181c16d3bf6cb28078a7c30a3b/spring-boot-test-autoconfigure-2.1.2.RELEASE.jar, file:/home/icy/.gradle/caches/modules-2/files-2.1/org.springframework.boot/spring-boot-test/2.1.2.RELEASE/89b227adbba0d6e9b85a2fde9119ef00428a45e3/spring-boot-test-2.1.2.RELEASE.jar, file:/home/icy/.gradle/caches/modules-2/files-2.1/com.jayway.jsonpath/json-path/2.4.0/765a4401ceb2dc8d40553c2075eb80a8fa35c2ae/json-path-2.4.0.jar, file:/home/icy/.gradle/caches/modules-2/files-2.1/junit/junit/4.12/2973d150c0dc1fefe998f834810d68f278ea58ec/junit-4.12.jar, file:/home/icy/.gradle/caches/modules-2/files-2.1/org.assertj/assertj-core/3.11.1/fdac3217b804d6900fa3650f17b5cb48e620b140/assertj-core-3.11.1.jar, file:/home/icy/.gradle/caches/modules-2/files-2.1/org.mockito/mockito-core/2.23.4/a35b6f8ffcfa786771eac7d7d903429e790fdf3f/mockito-core-2.23.4.jar, file:/home/icy/.gradle/caches/modules-2/files-2.1/org.hamcrest/hamcrest-library/1.3/4785a3c21320980282f9f33d0d1264a69040538f/hamcrest-library-1.3.jar, file:/home/icy/.gradle/caches/modules-2/files-2.1/org.hamcrest/hamcrest-core/1.3/42a25dc3219429f0e5d060061f71acb49bf010a0/hamcrest-core-1.3.jar, file:/home/icy/.gradle/caches/modules-2/files-2.1/org.skyscreamer/jsonassert/1.5.0/6c9d5fe2f59da598d9aefc1cfc6528ff3cf32df3/jsonassert-1.5.0.jar, file:/home/icy/.gradle/caches/modules-2/files-2.1/org.springframework/spring-test/5.1.4.RELEASE/3ab4d6d6087d2dd7f4a8b3e88b66b3381bd4247c/spring-test-5.1.4.RELEASE.jar, file:/home/icy/.gradle/caches/modules-2/files-2.1/org.springframework.data/spring-data-commons/2.1.4.RELEASE/144d71cfb0cc330fead0a00969e2ba871a83904b/spring-data-commons-2.1.4.RELEASE.jar, file:/home/icy/.gradle/caches/modules-2/files-2.1/org.springframework/spring-tx/5.1.4.RELEASE/a671702999fd8b5f1798cd3a7dfbbbf5a4705494/spring-tx-5.1.4.RELEASE.jar, file:/home/icy/.gradle/caches/modules-2/files-2.1/org.springframework.boot/spring-boot-autoconfigure/2.1.2.RELEASE/5f90ffc7937a051b38fb8322289e3d92831829bf/spring-boot-autoconfigure-2.1.2.RELEASE.jar, file:/home/icy/.gradle/caches/modules-2/files-2.1/org.springframework.boot/spring-boot/2.1.2.RELEASE/ea72e00516adf1a97f0e4b023ad55e79686cefac/spring-boot-2.1.2.RELEASE.jar, file:/home/icy/.gradle/caches/modules-2/files-2.1/org.springframework/spring-context/5.1.4.RELEASE/2be9e8da66d32fb4eaf29a46bdcdbfe155f1f87a/spring-context-5.1.4.RELEASE.jar, file:/home/icy/.gradle/caches/modules-2/files-2.1/org.springframework/spring-expression/5.1.4.RELEASE/1abbfd04a7d472811582bb3780ea4d871442d49c/spring-expression-5.1.4.RELEASE.jar, file:/home/icy/.gradle/caches/modules-2/files-2.1/org.springframework/spring-aop/5.1.4.RELEASE/57a8c4ab2ff3233095da24c58c30aa75a7a82069/spring-aop-5.1.4.RELEASE.jar, file:/home/icy/.gradle/caches/modules-2/files-2.1/org.springframework/spring-beans/5.1.4.RELEASE/507c9391e0b786704929453e7fd3a74cfba46534/spring-beans-5.1.4.RELEASE.jar, file:/home/icy/.gradle/caches/modules-2/files-2.1/org.springframework/spring-core/5.1.4.RELEASE/e7d2ad03a50ebff117a6efe2e0e3f15946d0768a/spring-core-5.1.4.RELEASE.jar, file:/home/icy/.gradle/caches/modules-2/files-2.1/org.xmlunit/xmlunit-core/2.6.2/b0461888cdd8d3975ea8a57df96520409cadcb6c/xmlunit-core-2.6.2.jar, file:/home/icy/.gradle/caches/modules-2/files-2.1/org.aspectj/aspectjweaver/1.9.2/d2502817521477faf0712c49a6ee2a5388787fc7/aspectjweaver-1.9.2.jar, file:/home/icy/.gradle/caches/modules-2/files-2.1/javax.activation/javax.activation-api/1.2.0/85262acf3ca9816f9537ca47d5adeabaead7cb16/javax.activation-api-1.2.0.jar, file:/home/icy/.gradle/caches/modules-2/files-2.1/org.hibernate.common/hibernate-commons-annotations/5.0.4.Final/965a18fdf939ee75e41f7918532d37b3a8350535/hibernate-commons-annotations-5.0.4.Final.jar, file:/home/icy/.gradle/caches/modules-2/files-2.1/org.jboss.logging/jboss-logging/3.3.2.Final/3789d00e859632e6c6206adc0c71625559e6e3b0/jboss-logging-3.3.2.Final.jar, file:/home/icy/.gradle/caches/modules-2/files-2.1/javax.persistence/javax.persistence-api/2.2/25665ac8c0b62f50e6488173233239120fc52c96/javax.persistence-api-2.2.jar, file:/home/icy/.gradle/caches/modules-2/files-2.1/org.javassist/javassist/3.23.1-GA/c072c13dcb7f705471c40bafb1536171df850ab2/javassist-3.23.1-GA.jar, file:/home/icy/.gradle/caches/modules-2/files-2.1/net.bytebuddy/byte-buddy/1.9.7/8fea78fea6449e1738b675cb155ce8422661e237/byte-buddy-1.9.7.jar, file:/home/icy/.gradle/caches/modules-2/files-2.1/antlr/antlr/2.7.7/83cd2cd674a217ade95a4bb83a8a14f351f48bd0/antlr-2.7.7.jar, file:/home/icy/.gradle/caches/modules-2/files-2.1/org.jboss/jandex/2.0.5.Final/7060f67764565b9ee9d467e3ed0cb8a9c601b23a/jandex-2.0.5.Final.jar, file:/home/icy/.gradle/caches/modules-2/files-2.1/com.fasterxml/classmate/1.4.0/291658ac2ce2476256c7115943652c0accb5c857/classmate-1.4.0.jar, file:/home/icy/.gradle/caches/modules-2/files-2.1/org.dom4j/dom4j/2.1.1/3dce5dbb3571aa820c677fadd8349bfa8f00c199/dom4j-2.1.1.jar, file:/home/icy/.gradle/caches/modules-2/files-2.1/org.springframework.boot/spring-boot-starter-logging/2.1.2.RELEASE/4179271aa0ef84f0329a674f6fc83cebc75caea8/spring-boot-starter-logging-2.1.2.RELEASE.jar, file:/home/icy/.gradle/caches/modules-2/files-2.1/ch.qos.logback/logback-classic/1.2.3/7c4f3c474fb2c041d8028740440937705ebb473a/logback-classic-1.2.3.jar, file:/home/icy/.gradle/caches/modules-2/files-2.1/org.apache.logging.log4j/log4j-to-slf4j/2.11.1/1097acadf76aa4dd721ec5807566003ae9d975de/log4j-to-slf4j-2.11.1.jar, file:/home/icy/.gradle/caches/modules-2/files-2.1/org.slf4j/jul-to-slf4j/1.7.25/af5364cd6679bfffb114f0dec8a157aaa283b76/jul-to-slf4j-1.7.25.jar, file:/home/icy/.gradle/caches/modules-2/files-2.1/org.slf4j/slf4j-api/1.7.25/da76ca59f6a57ee3102f8f9bd9cee742973efa8a/slf4j-api-1.7.25.jar, file:/home/icy/.gradle/caches/modules-2/files-2.1/javax.annotation/javax.annotation-api/1.3.2/934c04d3cfef185a8008e7bf34331b79730a9d43/javax.annotation-api-1.3.2.jar, file:/home/icy/.gradle/caches/modules-2/files-2.1/org.yaml/snakeyaml/1.23/ec62d74fe50689c28c0ff5b35d3aebcaa8b5be68/snakeyaml-1.23.jar, file:/home/icy/.gradle/caches/modules-2/files-2.1/com.fasterxml.jackson.datatype/jackson-datatype-jdk8/2.9.8/bcd02aa9195390e23747ed40bf76be869ad3a2fb/jackson-datatype-jdk8-2.9.8.jar, file:/home/icy/.gradle/caches/modules-2/files-2.1/com.fasterxml.jackson.datatype/jackson-datatype-jsr310/2.9.8/28ad1bced632ba338e51c825a652f6e11a8e6eac/jackson-datatype-jsr310-2.9.8.jar, file:/home/icy/.gradle/caches/modules-2/files-2.1/com.fasterxml.jackson.module/jackson-module-parameter-names/2.9.8/c4eef0e6e20d60fb27af4bc4770dba7bcc3f6de6/jackson-module-parameter-names-2.9.8.jar, file:/home/icy/.gradle/caches/modules-2/files-2.1/com.fasterxml.jackson.core/jackson-databind/2.9.8/11283f21cc480aa86c4df7a0a3243ec508372ed2/jackson-databind-2.9.8.jar, file:/home/icy/.gradle/caches/modules-2/files-2.1/org.apache.tomcat.embed/tomcat-embed-websocket/9.0.14/aef4066cffd9eac43c4882f280046b2b120dff4a/tomcat-embed-websocket-9.0.14.jar, file:/home/icy/.gradle/caches/modules-2/files-2.1/org.apache.tomcat.embed/tomcat-embed-core/9.0.14/c3959b59158063aeb4f090752a2410d4574b93d7/tomcat-embed-core-9.0.14.jar, file:/home/icy/.gradle/caches/modules-2/files-2.1/org.apache.tomcat.embed/tomcat-embed-el/9.0.14/9215cdff4e09fba2ae5d28118fd1b1bc9732de6a/tomcat-embed-el-9.0.14.jar, file:/home/icy/.gradle/caches/modules-2/files-2.1/javax.validation/validation-api/2.0.1.Final/cb855558e6271b1b32e716d24cb85c7f583ce09e/validation-api-2.0.1.Final.jar, file:/home/icy/.gradle/caches/modules-2/files-2.1/net.minidev/json-smart/2.3/7396407491352ce4fa30de92efb158adb76b5b/json-smart-2.3.jar, file:/home/icy/.gradle/caches/modules-2/files-2.1/net.bytebuddy/byte-buddy-agent/1.9.7/8e7d1b599f4943851ffea125fd9780e572727fc0/byte-buddy-agent-1.9.7.jar, file:/home/icy/.gradle/caches/modules-2/files-2.1/org.objenesis/objenesis/2.6/639033469776fd37c08358c6b92a4761feb2af4b/objenesis-2.6.jar, file:/home/icy/.gradle/caches/modules-2/files-2.1/com.vaadin.external.google/android-json/0.0.20131108.vaadin1/fa26d351fe62a6a17f5cda1287c1c6110dec413f/android-json-0.0.20131108.vaadin1.jar, file:/home/icy/.gradle/caches/modules-2/files-2.1/org.springframework/spring-jcl/5.1.4.RELEASE/f5a25caae583905203959abf35fdd1ab7a8f2c37/spring-jcl-5.1.4.RELEASE.jar, file:/home/icy/.gradle/caches/modules-2/files-2.1/com.fasterxml.jackson.core/jackson-annotations/2.9.0/7c10d545325e3a6e72e06381afe469fd40eb701/jackson-annotations-2.9.0.jar, file:/home/icy/.gradle/caches/modules-2/files-2.1/com.fasterxml.jackson.core/jackson-core/2.9.8/f5a654e4675769c716e5b387830d19b501ca191/jackson-core-2.9.8.jar, file:/home/icy/.gradle/caches/modules-2/files-2.1/net.minidev/accessors-smart/1.2/c592b500269bfde36096641b01238a8350f8aa31/accessors-smart-1.2.jar, file:/home/icy/.gradle/caches/modules-2/files-2.1/ch.qos.logback/logback-core/1.2.3/864344400c3d4d92dfeb0a305dc87d953677c03c/logback-core-1.2.3.jar, file:/home/icy/.gradle/caches/modules-2/files-2.1/org.apache.logging.log4j/log4j-api/2.11.1/268f0fe4df3eefe052b57c87ec48517d64fb2a10/log4j-api-2.11.1.jar, file:/home/icy/.gradle/caches/modules-2/files-2.1/org.ow2.asm/asm/5.0.4/da08b8cce7bbf903602a25a3a163ae252435795/asm-5.0.4.jar]

  .   ____          _            __ _ _
 /\\ / ___'_ __ _ _(_)_ __  __ _ \ \ \ \
( ( )\___ | '_ | '_| | '_ \/ _` | \ \ \ \
 \\/  ___)| |_)| | | | | || (_| |  ) ) ) )
  '  |____| .__|_| |_|_| |_\__, | / / / /
 =========|_|==============|___/=/_/_/_/
?[32m :: Spring Boot :: ?[39m      ?[2m (v2.1.2.RELEASE)?[0;39m

?[2m2019-02-19 22:24:27.220?[0;39m ?[32m INFO?[0;39m ?[35m21075?[0;39m ?[2m---?[0;39m ?[2m[    Test worker]?[0;39m ?[36mlearn.programming.StudentRepositoryTest ?[0;39m ?[2m:?[0;39m Starting StudentRepositoryTest on ascension with PID 21075 (started by icy in /home/icy/source/java/spring-masterclass/data-persistence/04_hibernate_relationships)
?[2m2019-02-19 22:24:27.221?[0;39m ?[32m INFO?[0;39m ?[35m21075?[0;39m ?[2m---?[0;39m ?[2m[    Test worker]?[0;39m ?[36mlearn.programming.StudentRepositoryTest ?[0;39m ?[2m:?[0;39m No active profile set, falling back to default profiles: default
?[2m2019-02-19 22:24:27.223?[0;39m ?[32mDEBUG?[0;39m ?[35m21075?[0;39m ?[2m---?[0;39m ?[2m[    Test worker]?[0;39m ?[36mo.s.boot.SpringApplication              ?[0;39m ?[2m:?[0;39m Loading source class learn.programming.DataPersistenceApplication
?[2m2019-02-19 22:24:27.747?[0;39m ?[32mDEBUG?[0;39m ?[35m21075?[0;39m ?[2m---?[0;39m ?[2m[    Test worker]?[0;39m ?[36mo.s.b.c.c.ConfigFileApplicationListener ?[0;39m ?[2m:?[0;39m Loaded config file 'file:/home/icy/source/java/spring-masterclass/data-persistence/04_hibernate_relationships/build/resources/main/application.properties' (classpath:/application.properties)
?[2m2019-02-19 22:24:27.749?[0;39m ?[32mDEBUG?[0;39m ?[35m21075?[0;39m ?[2m---?[0;39m ?[2m[    Test worker]?[0;39m ?[36mo.s.w.c.s.GenericWebApplicationContext  ?[0;39m ?[2m:?[0;39m Refreshing org.springframework.web.context.support.GenericWebApplicationContext@54a905f8
?[2m2019-02-19 22:24:27.807?[0;39m ?[32mDEBUG?[0;39m ?[35m21075?[0;39m ?[2m---?[0;39m ?[2m[    Test worker]?[0;39m ?[36mo.s.b.f.s.DefaultListableBeanFactory    ?[0;39m ?[2m:?[0;39m Creating shared instance of singleton bean 'org.springframework.context.annotation.internalConfigurationAnnotationProcessor'
?[2m2019-02-19 22:24:27.839?[0;39m ?[32mDEBUG?[0;39m ?[35m21075?[0;39m ?[2m---?[0;39m ?[2m[    Test worker]?[0;39m ?[36mo.s.b.f.s.DefaultListableBeanFactory    ?[0;39m ?[2m:?[0;39m Creating shared instance of singleton bean 'org.springframework.boot.autoconfigure.internalCachingMetadataReaderFactory'
?[2m2019-02-19 22:24:27.958?[0;39m ?[32mDEBUG?[0;39m ?[35m21075?[0;39m ?[2m---?[0;39m ?[2m[    Test worker]?[0;39m ?[36mo.s.c.a.ClassPathBeanDefinitionScanner  ?[0;39m ?[2m:?[0;39m Identified candidate component class: file [/home/icy/source/java/spring-masterclass/data-persistence/04_hibernate_relationships/build/classes/java/main/learn/programming/repository/StudentRepository.class]
?[2m2019-02-19 22:24:28.239?[0;39m ?[32mDEBUG?[0;39m ?[35m21075?[0;39m ?[2m---?[0;39m ?[2m[    Test worker]?[0;39m ?[36mo.s.c.e.PropertySourcesPropertyResolver ?[0;39m ?[2m:?[0;39m Found key 'spring.jmx.enabled' in PropertySource 'configurationProperties' with value of type String
?[2m2019-02-19 22:24:28.302?[0;39m ?[32mDEBUG?[0;39m ?[35m21075?[0;39m ?[2m---?[0;39m ?[2m[    Test worker]?[0;39m ?[36mo.s.c.e.PropertySourcesPropertyResolver ?[0;39m ?[2m:?[0;39m Found key 'spring.jmx.enabled' in PropertySource 'configurationProperties' with value of type String
?[2m2019-02-19 22:24:28.445?[0;39m ?[32mDEBUG?[0;39m ?[35m21075?[0;39m ?[2m---?[0;39m ?[2m[    Test worker]?[0;39m ?[36mo.s.c.e.PropertySourcesPropertyResolver ?[0;39m ?[2m:?[0;39m Found key 'spring.h2.console.enabled' in PropertySource 'configurationProperties' with value of type String
?[2m2019-02-19 22:24:28.509?[0;39m ?[32mDEBUG?[0;39m ?[35m21075?[0;39m ?[2m---?[0;39m ?[2m[    Test worker]?[0;39m ?[36mo.s.b.f.s.DefaultListableBeanFactory    ?[0;39m ?[2m:?[0;39m Creating shared instance of singleton bean 'org.springframework.boot.autoconfigure.condition.BeanTypeRegistry'
?[2m2019-02-19 22:24:28.729?[0;39m ?[32m INFO?[0;39m ?[35m21075?[0;39m ?[2m---?[0;39m ?[2m[    Test worker]?[0;39m ?[36m.s.d.r.c.RepositoryConfigurationDelegate?[0;39m ?[2m:?[0;39m Bootstrapping Spring Data repositories in DEFAULT mode.
?[2m2019-02-19 22:24:28.743?[0;39m ?[32mDEBUG?[0;39m ?[35m21075?[0;39m ?[2m---?[0;39m ?[2m[    Test worker]?[0;39m ?[36mo.s.b.f.s.DefaultListableBeanFactory    ?[0;39m ?[2m:?[0;39m Creating shared instance of singleton bean 'org.springframework.boot.autoconfigure.AutoConfigurationPackages'
?[2m2019-02-19 22:24:28.755?[0;39m ?[32mDEBUG?[0;39m ?[35m21075?[0;39m ?[2m---?[0;39m ?[2m[    Test worker]?[0;39m ?[36mo.s.b.a.AutoConfigurationPackages       ?[0;39m ?[2m:?[0;39m @EnableAutoConfiguration was declared on a class in the package 'learn.programming'. Automatic @Repository and @Entity scanning is enabled.
?[2m2019-02-19 22:24:28.761?[0;39m ?[32mDEBUG?[0;39m ?[35m21075?[0;39m ?[2m---?[0;39m ?[2m[    Test worker]?[0;39m ?[36m.s.d.r.c.RepositoryConfigurationDelegate?[0;39m ?[2m:?[0;39m Scanning for repositories in packages learn.programming.
?[2m2019-02-19 22:24:28.775?[0;39m ?[32m INFO?[0;39m ?[35m21075?[0;39m ?[2m---?[0;39m ?[2m[    Test worker]?[0;39m ?[36m.s.d.r.c.RepositoryConfigurationDelegate?[0;39m ?[2m:?[0;39m Finished Spring Data repository scanning in 12ms. Found 0 repository interfaces.
?[2m2019-02-19 22:24:28.822?[0;39m ?[32mDEBUG?[0;39m ?[35m21075?[0;39m ?[2m---?[0;39m ?[2m[    Test worker]?[0;39m ?[36mo.s.c.e.PropertySourcesPropertyResolver ?[0;39m ?[2m:?[0;39m Found key 'spring.h2.console.enabled' in PropertySource 'configurationProperties' with value of type String
?[2m2019-02-19 22:24:29.248?[0;39m ?[32mDEBUG?[0;39m ?[35m21075?[0;39m ?[2m---?[0;39m ?[2m[    Test worker]?[0;39m ?[36mo.s.b.f.s.DefaultListableBeanFactory    ?[0;39m ?[2m:?[0;39m Creating shared instance of singleton bean 'propertySourcesPlaceholderConfigurer'
?[2m2019-02-19 22:24:29.258?[0;39m ?[32mDEBUG?[0;39m ?[35m21075?[0;39m ?[2m---?[0;39m ?[2m[    Test worker]?[0;39m ?[36mo.s.b.f.s.DefaultListableBeanFactory    ?[0;39m ?[2m:?[0;39m Creating shared instance of singleton bean 'org.spockframework.spring.mock.SpockMockPostprocessor'
?[2m2019-02-19 22:24:29.264?[0;39m ?[32mDEBUG?[0;39m ?[35m21075?[0;39m ?[2m---?[0;39m ?[2m[    Test worker]?[0;39m ?[36mo.s.b.f.s.DefaultListableBeanFactory    ?[0;39m ?[2m:?[0;39m Creating shared instance of singleton bean 'org.springframework.boot.test.mock.mockito.MockitoPostProcessor'
?[2m2019-02-19 22:24:29.266?[0;39m ?[32mDEBUG?[0;39m ?[35m21075?[0;39m ?[2m---?[0;39m ?[2m[    Test worker]?[0;39m ?[36mo.s.b.f.s.DefaultListableBeanFactory    ?[0;39m ?[2m:?[0;39m Creating shared instance of singleton bean 'emBeanDefinitionRegistrarPostProcessor'
?[2m2019-02-19 22:24:29.336?[0;39m ?[32mDEBUG?[0;39m ?[35m21075?[0;39m ?[2m---?[0;39m ?[2m[    Test worker]?[0;39m ?[36mo.s.b.f.s.DefaultListableBeanFactory    ?[0;39m ?[2m:?[0;39m Creating shared instance of singleton bean 'org.springframework.context.event.internalEventListenerProcessor'
?[2m2019-02-19 22:24:29.339?[0;39m ?[32mDEBUG?[0;39m ?[35m21075?[0;39m ?[2m---?[0;39m ?[2m[    Test worker]?[0;39m ?[36mo.s.b.f.s.DefaultListableBeanFactory    ?[0;39m ?[2m:?[0;39m Creating shared instance of singleton bean 'org.springframework.boot.context.properties.ConfigurationBeanFactoryMetadata'
?[2m2019-02-19 22:24:29.340?[0;39m ?[32mDEBUG?[0;39m ?[35m21075?[0;39m ?[2m---?[0;39m ?[2m[    Test worker]?[0;39m ?[36mo.s.b.f.s.DefaultListableBeanFactory    ?[0;39m ?[2m:?[0;39m Creating shared instance of singleton bean 'preserveErrorControllerTargetClassPostProcessor'
?[2m2019-02-19 22:24:29.344?[0;39m ?[32mDEBUG?[0;39m ?[35m21075?[0;39m ?[2m---?[0;39m ?[2m[    Test worker]?[0;39m ?[36mo.s.b.f.s.DefaultListableBeanFactory    ?[0;39m ?[2m:?[0;39m Creating shared instance of singleton bean 'org.springframework.context.event.internalEventListenerFactory'
?[2m2019-02-19 22:24:29.345?[0;39m ?[32mDEBUG?[0;39m ?[35m21075?[0;39m ?[2m---?[0;39m ?[2m[    Test worker]?[0;39m ?[36mo.s.b.f.s.DefaultListableBeanFactory    ?[0;39m ?[2m:?[0;39m Creating shared instance of singleton bean 'org.springframework.transaction.config.internalTransactionalEventListenerFactory'
?[2m2019-02-19 22:24:29.364?[0;39m ?[32mDEBUG?[0;39m ?[35m21075?[0;39m ?[2m---?[0;39m ?[2m[    Test worker]?[0;39m ?[36mo.s.b.f.s.DefaultListableBeanFactory    ?[0;39m ?[2m:?[0;39m Creating shared instance of singleton bean 'org.spockframework.spring.mock.SpockMockPostprocessor$SpyPostProcessor'
?[2m2019-02-19 22:24:29.367?[0;39m ?[32mDEBUG?[0;39m ?[35m21075?[0;39m ?[2m---?[0;39m ?[2m[    Test worker]?[0;39m ?[36mo.s.b.f.s.DefaultListableBeanFactory    ?[0;39m ?[2m:?[0;39m Creating shared instance of singleton bean 'org.springframework.boot.test.mock.mockito.MockitoPostProcessor$SpyPostProcessor'
?[2m2019-02-19 22:24:29.368?[0;39m ?[32mDEBUG?[0;39m ?[35m21075?[0;39m ?[2m---?[0;39m ?[2m[    Test worker]?[0;39m ?[36mo.s.b.f.s.DefaultListableBeanFactory    ?[0;39m ?[2m:?[0;39m Creating shared instance of singleton bean 'org.springframework.context.annotation.internalAutowiredAnnotationProcessor'
?[2m2019-02-19 22:24:29.370?[0;39m ?[32mDEBUG?[0;39m ?[35m21075?[0;39m ?[2m---?[0;39m ?[2m[    Test worker]?[0;39m ?[36mo.s.b.f.s.DefaultListableBeanFactory    ?[0;39m ?[2m:?[0;39m Creating shared instance of singleton bean 'org.springframework.context.annotation.internalCommonAnnotationProcessor'
?[2m2019-02-19 22:24:29.381?[0;39m ?[32mDEBUG?[0;39m ?[35m21075?[0;39m ?[2m---?[0;39m ?[2m[    Test worker]?[0;39m ?[36mo.s.b.f.s.DefaultListableBeanFactory    ?[0;39m ?[2m:?[0;39m Creating shared instance of singleton bean 'org.springframework.context.annotation.internalPersistenceAnnotationProcessor'
?[2m2019-02-19 22:24:29.384?[0;39m ?[32mDEBUG?[0;39m ?[35m21075?[0;39m ?[2m---?[0;39m ?[2m[    Test worker]?[0;39m ?[36mo.s.b.f.s.DefaultListableBeanFactory    ?[0;39m ?[2m:?[0;39m Creating shared instance of singleton bean 'org.springframework.boot.context.properties.ConfigurationPropertiesBindingPostProcessor'
?[2m2019-02-19 22:24:29.394?[0;39m ?[32mDEBUG?[0;39m ?[35m21075?[0;39m ?[2m---?[0;39m ?[2m[    Test worker]?[0;39m ?[36mo.s.b.f.s.DefaultListableBeanFactory    ?[0;39m ?[2m:?[0;39m Creating shared instance of singleton bean 'methodValidationPostProcessor'
?[2m2019-02-19 22:24:29.411?[0;39m ?[32mDEBUG?[0;39m ?[35m21075?[0;39m ?[2m---?[0;39m ?[2m[    Test worker]?[0;39m ?[36mo.s.b.f.s.DefaultListableBeanFactory    ?[0;39m ?[2m:?[0;39m Autowiring by type from bean name 'methodValidationPostProcessor' via factory method to bean named 'environment'
?[2m2019-02-19 22:24:29.434?[0;39m ?[32mDEBUG?[0;39m ?[35m21075?[0;39m ?[2m---?[0;39m ?[2m[    Test worker]?[0;39m ?[36mo.s.b.f.s.DefaultListableBeanFactory    ?[0;39m ?[2m:?[0;39m Creating shared instance of singleton bean 'org.springframework.aop.config.internalAutoProxyCreator'
?[2m2019-02-19 22:24:29.469?[0;39m ?[32mDEBUG?[0;39m ?[35m21075?[0;39m ?[2m---?[0;39m ?[2m[    Test worker]?[0;39m ?[36mo.s.b.f.s.DefaultListableBeanFactory    ?[0;39m ?[2m:?[0;39m Creating shared instance of singleton bean 'dataSourceInitializerPostProcessor'
?[2m2019-02-19 22:24:29.478?[0;39m ?[32mDEBUG?[0;39m ?[35m21075?[0;39m ?[2m---?[0;39m ?[2m[    Test worker]?[0;39m ?[36mo.s.b.f.s.DefaultListableBeanFactory    ?[0;39m ?[2m:?[0;39m Creating shared instance of singleton bean 'persistenceExceptionTranslationPostProcessor'
?[2m2019-02-19 22:24:29.481?[0;39m ?[32mDEBUG?[0;39m ?[35m21075?[0;39m ?[2m---?[0;39m ?[2m[    Test worker]?[0;39m ?[36mo.s.b.f.s.DefaultListableBeanFactory    ?[0;39m ?[2m:?[0;39m Autowiring by type from bean name 'persistenceExceptionTranslationPostProcessor' via factory method to bean named 'environment'
?[2m2019-02-19 22:24:29.497?[0;39m ?[32mDEBUG?[0;39m ?[35m21075?[0;39m ?[2m---?[0;39m ?[2m[    Test worker]?[0;39m ?[36mo.s.b.f.s.DefaultListableBeanFactory    ?[0;39m ?[2m:?[0;39m Creating shared instance of singleton bean 'webServerFactoryCustomizerBeanPostProcessor'
?[2m2019-02-19 22:24:29.501?[0;39m ?[32mDEBUG?[0;39m ?[35m21075?[0;39m ?[2m---?[0;39m ?[2m[    Test worker]?[0;39m ?[36mo.s.b.f.s.DefaultListableBeanFactory    ?[0;39m ?[2m:?[0;39m Creating shared instance of singleton bean 'errorPageRegistrarBeanPostProcessor'
?[2m2019-02-19 22:24:29.504?[0;39m ?[32mDEBUG?[0;39m ?[35m21075?[0;39m ?[2m---?[0;39m ?[2m[    Test worker]?[0;39m ?[36mo.s.b.f.s.DefaultListableBeanFactory    ?[0;39m ?[2m:?[0;39m Creating shared instance of singleton bean 'dataSourceInitializedPublisher'
?[2m2019-02-19 22:24:29.510?[0;39m ?[32mDEBUG?[0;39m ?[35m21075?[0;39m ?[2m---?[0;39m ?[2m[    Test worker]?[0;39m ?[36mo.s.b.f.s.DefaultListableBeanFactory    ?[0;39m ?[2m:?[0;39m Creating shared instance of singleton bean 'projectingArgumentResolverBeanPostProcessor'
?[2m2019-02-19 22:24:29.512?[0;39m ?[32mDEBUG?[0;39m ?[35m21075?[0;39m ?[2m---?[0;39m ?[2m[    Test worker]?[0;39m ?[36mo.s.b.f.s.DefaultListableBeanFactory    ?[0;39m ?[2m:?[0;39m Creating shared instance of singleton bean 'org.springframework.transaction.config.internalTransactionAdvisor'
?[2m2019-02-19 22:24:29.513?[0;39m ?[32mDEBUG?[0;39m ?[35m21075?[0;39m ?[2m---?[0;39m ?[2m[    Test worker]?[0;39m ?[36mo.s.b.f.s.DefaultListableBeanFactory    ?[0;39m ?[2m:?[0;39m Creating shared instance of singleton bean 'org.springframework.transaction.annotation.ProxyTransactionManagementConfiguration'
?[2m2019-02-19 22:24:29.715?[0;39m ?[32m INFO?[0;39m ?[35m21075?[0;39m ?[2m---?[0;39m ?[2m[    Test worker]?[0;39m ?[36mtrationDelegate$BeanPostProcessorChecker?[0;39m ?[2m:?[0;39m Bean 'org.springframework.transaction.annotation.ProxyTransactionManagementConfiguration' of type [org.springframework.transaction.annotation.ProxyTransactionManagementConfiguration$$EnhancerBySpringCGLIB$$8187feee] is not eligible for getting processed by all BeanPostProcessors (for example: not eligible for auto-proxying)
?[2m2019-02-19 22:24:29.777?[0;39m ?[32mDEBUG?[0;39m ?[35m21075?[0;39m ?[2m---?[0;39m ?[2m[    Test worker]?[0;39m ?[36mo.s.b.f.s.DefaultListableBeanFactory    ?[0;39m ?[2m:?[0;39m Creating shared instance of singleton bean 'transactionAttributeSource'
?[2m2019-02-19 22:24:29.797?[0;39m ?[32mDEBUG?[0;39m ?[35m21075?[0;39m ?[2m---?[0;39m ?[2m[    Test worker]?[0;39m ?[36mo.s.b.f.s.DefaultListableBeanFactory    ?[0;39m ?[2m:?[0;39m Creating shared instance of singleton bean 'transactionInterceptor'
?[2m2019-02-19 22:24:29.935?[0;39m ?[32mDEBUG?[0;39m ?[35m21075?[0;39m ?[2m---?[0;39m ?[2m[    Test worker]?[0;39m ?[36mo.s.u.c.s.UiApplicationContextUtils     ?[0;39m ?[2m:?[0;39m Unable to locate ThemeSource with name 'themeSource': using default [org.springframework.ui.context.support.ResourceBundleThemeSource@20629e]
?[2m2019-02-19 22:24:29.944?[0;39m ?[32mDEBUG?[0;39m ?[35m21075?[0;39m ?[2m---?[0;39m ?[2m[    Test worker]?[0;39m ?[36mo.s.b.f.s.DefaultListableBeanFactory    ?[0;39m ?[2m:?[0;39m Creating shared instance of singleton bean 'entityManagerFactory'
?[2m2019-02-19 22:24:29.946?[0;39m ?[32mDEBUG?[0;39m ?[35m21075?[0;39m ?[2m---?[0;39m ?[2m[    Test worker]?[0;39m ?[36mo.s.b.f.s.DefaultListableBeanFactory    ?[0;39m ?[2m:?[0;39m Creating shared instance of singleton bean 'org.springframework.boot.autoconfigure.orm.jpa.HibernateJpaConfiguration'
?[2m2019-02-19 22:24:29.949?[0;39m ?[32mDEBUG?[0;39m ?[35m21075?[0;39m ?[2m---?[0;39m ?[2m[    Test worker]?[0;39m ?[36mocalVariableTableParameterNameDiscoverer?[0;39m ?[2m:?[0;39m Cannot find '.class' file for class [class org.springframework.boot.autoconfigure.orm.jpa.HibernateJpaConfiguration$$EnhancerBySpringCGLIB$$a05ec15d] - unable to determine constructor/method parameter names
?[2m2019-02-19 22:24:29.958?[0;39m ?[32mDEBUG?[0;39m ?[35m21075?[0;39m ?[2m---?[0;39m ?[2m[    Test worker]?[0;39m ?[36mo.s.b.f.s.DefaultListableBeanFactory    ?[0;39m ?[2m:?[0;39m Creating shared instance of singleton bean 'dataSource'
?[2m2019-02-19 22:24:29.960?[0;39m ?[32mDEBUG?[0;39m ?[35m21075?[0;39m ?[2m---?[0;39m ?[2m[    Test worker]?[0;39m ?[36mo.s.b.f.s.DefaultListableBeanFactory    ?[0;39m ?[2m:?[0;39m Creating shared instance of singleton bean 'org.springframework.boot.autoconfigure.jdbc.DataSourceConfiguration$Hikari'
?[2m2019-02-19 22:24:29.974?[0;39m ?[32mDEBUG?[0;39m ?[35m21075?[0;39m ?[2m---?[0;39m ?[2m[    Test worker]?[0;39m ?[36mo.s.b.f.s.DefaultListableBeanFactory    ?[0;39m ?[2m:?[0;39m Creating shared instance of singleton bean 'spring.datasource-org.springframework.boot.autoconfigure.jdbc.DataSourceProperties'
?[2m2019-02-19 22:24:30.061?[0;39m ?[32mDEBUG?[0;39m ?[35m21075?[0;39m ?[2m---?[0;39m ?[2m[    Test worker]?[0;39m ?[36mo.s.b.f.s.DefaultListableBeanFactory    ?[0;39m ?[2m:?[0;39m Autowiring by type from bean name 'dataSource' via factory method to bean named 'spring.datasource-org.springframework.boot.autoconfigure.jdbc.DataSourceProperties'
?[2m2019-02-19 22:24:30.245?[0;39m ?[32mDEBUG?[0;39m ?[35m21075?[0;39m ?[2m---?[0;39m ?[2m[    Test worker]?[0;39m ?[36mo.s.b.f.s.DefaultListableBeanFactory    ?[0;39m ?[2m:?[0;39m Creating shared instance of singleton bean 'org.springframework.boot.autoconfigure.jdbc.DataSourceInitializerInvoker'
?[2m2019-02-19 22:24:30.262?[0;39m ?[32mDEBUG?[0;39m ?[35m21075?[0;39m ?[2m---?[0;39m ?[2m[    Test worker]?[0;39m ?[36mo.s.b.f.s.DefaultListableBeanFactory    ?[0;39m ?[2m:?[0;39m Autowiring by type from bean name 'org.springframework.boot.autoconfigure.jdbc.DataSourceInitializerInvoker' via constructor to bean named 'spring.datasource-org.springframework.boot.autoconfigure.jdbc.DataSourceProperties'
?[2m2019-02-19 22:24:30.264?[0;39m ?[32mDEBUG?[0;39m ?[35m21075?[0;39m ?[2m---?[0;39m ?[2m[    Test worker]?[0;39m ?[36mo.s.b.f.s.DefaultListableBeanFactory    ?[0;39m ?[2m:?[0;39m Autowiring by type from bean name 'org.springframework.boot.autoconfigure.jdbc.DataSourceInitializerInvoker' via constructor to bean named 'org.springframework.web.context.support.GenericWebApplicationContext@54a905f8'
?[2m2019-02-19 22:24:30.304?[0;39m ?[32mDEBUG?[0;39m ?[35m21075?[0;39m ?[2m---?[0;39m ?[2m[    Test worker]?[0;39m ?[36mo.s.b.f.s.DefaultListableBeanFactory    ?[0;39m ?[2m:?[0;39m Creating shared instance of singleton bean 'spring.jpa-org.springframework.boot.autoconfigure.orm.jpa.JpaProperties'
?[2m2019-02-19 22:24:30.361?[0;39m ?[32mDEBUG?[0;39m ?[35m21075?[0;39m ?[2m---?[0;39m ?[2m[    Test worker]?[0;39m ?[36mo.s.b.f.s.DefaultListableBeanFactory    ?[0;39m ?[2m:?[0;39m Creating shared instance of singleton bean 'spring.jpa.hibernate-org.springframework.boot.autoconfigure.orm.jpa.HibernateProperties'
?[2m2019-02-19 22:24:30.380?[0;39m ?[32mDEBUG?[0;39m ?[35m21075?[0;39m ?[2m---?[0;39m ?[2m[    Test worker]?[0;39m ?[36mo.s.b.f.s.DefaultListableBeanFactory    ?[0;39m ?[2m:?[0;39m Autowiring by type from bean name 'org.springframework.boot.autoconfigure.orm.jpa.HibernateJpaConfiguration' via constructor to bean named 'dataSource'
?[2m2019-02-19 22:24:30.381?[0;39m ?[32mDEBUG?[0;39m ?[35m21075?[0;39m ?[2m---?[0;39m ?[2m[    Test worker]?[0;39m ?[36mo.s.b.f.s.DefaultListableBeanFactory    ?[0;39m ?[2m:?[0;39m Autowiring by type from bean name 'org.springframework.boot.autoconfigure.orm.jpa.HibernateJpaConfiguration' via constructor to bean named 'spring.jpa-org.springframework.boot.autoconfigure.orm.jpa.JpaProperties'
?[2m2019-02-19 22:24:30.382?[0;39m ?[32mDEBUG?[0;39m ?[35m21075?[0;39m ?[2m---?[0;39m ?[2m[    Test worker]?[0;39m ?[36mo.s.b.f.s.DefaultListableBeanFactory    ?[0;39m ?[2m:?[0;39m Autowiring by type from bean name 'org.springframework.boot.autoconfigure.orm.jpa.HibernateJpaConfiguration' via constructor to bean named 'org.springframework.beans.factory.support.DefaultListableBeanFactory@1970efef'
?[2m2019-02-19 22:24:30.383?[0;39m ?[32mDEBUG?[0;39m ?[35m21075?[0;39m ?[2m---?[0;39m ?[2m[    Test worker]?[0;39m ?[36mo.s.b.f.s.DefaultListableBeanFactory    ?[0;39m ?[2m:?[0;39m Autowiring by type from bean name 'org.springframework.boot.autoconfigure.orm.jpa.HibernateJpaConfiguration' via constructor to bean named 'spring.jpa.hibernate-org.springframework.boot.autoconfigure.orm.jpa.HibernateProperties'
?[2m2019-02-19 22:24:30.394?[0;39m ?[32mDEBUG?[0;39m ?[35m21075?[0;39m ?[2m---?[0;39m ?[2m[    Test worker]?[0;39m ?[36mo.s.b.f.s.DefaultListableBeanFactory    ?[0;39m ?[2m:?[0;39m Creating shared instance of singleton bean 'platformTransactionManagerCustomizers'
?[2m2019-02-19 22:24:30.396?[0;39m ?[32mDEBUG?[0;39m ?[35m21075?[0;39m ?[2m---?[0;39m ?[2m[    Test worker]?[0;39m ?[36mo.s.b.f.s.DefaultListableBeanFactory    ?[0;39m ?[2m:?[0;39m Creating shared instance of singleton bean 'org.springframework.boot.autoconfigure.transaction.TransactionAutoConfiguration'
?[2m2019-02-19 22:24:30.441?[0;39m ?[32mDEBUG?[0;39m ?[35m21075?[0;39m ?[2m---?[0;39m ?[2m[    Test worker]?[0;39m ?[36mo.s.b.f.s.DefaultListableBeanFactory    ?[0;39m ?[2m:?[0;39m Creating shared instance of singleton bean 'spring.transaction-org.springframework.boot.autoconfigure.transaction.TransactionProperties'
?[2m2019-02-19 22:24:30.489?[0;39m ?[32mDEBUG?[0;39m ?[35m21075?[0;39m ?[2m---?[0;39m ?[2m[    Test worker]?[0;39m ?[36mo.s.b.f.s.DefaultListableBeanFactory    ?[0;39m ?[2m:?[0;39m Creating shared instance of singleton bean 'hikariPoolDataSourceMetadataProvider'
?[2m2019-02-19 22:24:30.491?[0;39m ?[32mDEBUG?[0;39m ?[35m21075?[0;39m ?[2m---?[0;39m ?[2m[    Test worker]?[0;39m ?[36mo.s.b.f.s.DefaultListableBeanFactory    ?[0;39m ?[2m:?[0;39m Creating shared instance of singleton bean 'org.springframework.boot.autoconfigure.jdbc.metadata.DataSourcePoolMetadataProvidersConfiguration$HikariPoolDataSourceMetadataProviderConfiguration'
?[2m2019-02-19 22:24:30.622?[0;39m ?[32mDEBUG?[0;39m ?[35m21075?[0;39m ?[2m---?[0;39m ?[2m[    Test worker]?[0;39m ?[36mo.s.b.f.s.DefaultListableBeanFactory    ?[0;39m ?[2m:?[0;39m Creating shared instance of singleton bean 'entityManagerFactoryBuilder'
?[2m2019-02-19 22:24:30.628?[0;39m ?[32mDEBUG?[0;39m ?[35m21075?[0;39m ?[2m---?[0;39m ?[2m[    Test worker]?[0;39m ?[36mo.s.b.f.s.DefaultListableBeanFactory    ?[0;39m ?[2m:?[0;39m Creating shared instance of singleton bean 'jpaVendorAdapter'
?[2m2019-02-19 22:24:30.766?[0;39m ?[32mDEBUG?[0;39m ?[35m21075?[0;39m ?[2m---?[0;39m ?[2m[    Test worker]?[0;39m ?[36mo.s.jdbc.datasource.DataSourceUtils     ?[0;39m ?[2m:?[0;39m Fetching JDBC Connection from DataSource
?[2m2019-02-19 22:24:30.770?[0;39m ?[32m INFO?[0;39m ?[35m21075?[0;39m ?[2m---?[0;39m ?[2m[    Test worker]?[0;39m ?[36mcom.zaxxer.hikari.HikariDataSource      ?[0;39m ?[2m:?[0;39m HikariPool-1 - Starting...
?[2m2019-02-19 22:24:31.332?[0;39m ?[32m INFO?[0;39m ?[35m21075?[0;39m ?[2m---?[0;39m ?[2m[    Test worker]?[0;39m ?[36mcom.zaxxer.hikari.HikariDataSource      ?[0;39m ?[2m:?[0;39m HikariPool-1 - Start completed.
?[2m2019-02-19 22:24:31.387?[0;39m ?[32mDEBUG?[0;39m ?[35m21075?[0;39m ?[2m---?[0;39m ?[2m[    Test worker]?[0;39m ?[36mo.s.b.f.s.DefaultListableBeanFactory    ?[0;39m ?[2m:?[0;39m Autowiring by type from bean name 'entityManagerFactoryBuilder' via factory method to bean named 'jpaVendorAdapter'
?[2m2019-02-19 22:24:31.409?[0;39m ?[32mDEBUG?[0;39m ?[35m21075?[0;39m ?[2m---?[0;39m ?[2m[    Test worker]?[0;39m ?[36mo.s.b.f.s.DefaultListableBeanFactory    ?[0;39m ?[2m:?[0;39m Autowiring by type from bean name 'entityManagerFactory' via factory method to bean named 'entityManagerFactoryBuilder'
?[2m2019-02-19 22:24:31.444?[0;39m ?[32mDEBUG?[0;39m ?[35m21075?[0;39m ?[2m---?[0;39m ?[2m[    Test worker]?[0;39m ?[36mo.s.jdbc.datasource.DataSourceUtils     ?[0;39m ?[2m:?[0;39m Fetching JDBC Connection from DataSource
?[2m2019-02-19 22:24:31.630?[0;39m ?[32mDEBUG?[0;39m ?[35m21075?[0;39m ?[2m---?[0;39m ?[2m[    Test worker]?[0;39m ?[36mj.LocalContainerEntityManagerFactoryBean?[0;39m ?[2m:?[0;39m Building JPA container EntityManagerFactory for persistence unit 'default'
?[2m2019-02-19 22:24:31.705?[0;39m ?[32m INFO?[0;39m ?[35m21075?[0;39m ?[2m---?[0;39m ?[2m[    Test worker]?[0;39m ?[36mo.hibernate.jpa.internal.util.LogHelper ?[0;39m ?[2m:?[0;39m HHH000204: Processing PersistenceUnitInfo [
	name: default
	...]
?[2m2019-02-19 22:24:32.038?[0;39m ?[32m INFO?[0;39m ?[35m21075?[0;39m ?[2m---?[0;39m ?[2m[    Test worker]?[0;39m ?[36morg.hibernate.Version                   ?[0;39m ?[2m:?[0;39m HHH000412: Hibernate Core {5.3.7.Final}
?[2m2019-02-19 22:24:32.045?[0;39m ?[32m INFO?[0;39m ?[35m21075?[0;39m ?[2m---?[0;39m ?[2m[    Test worker]?[0;39m ?[36morg.hibernate.cfg.Environment           ?[0;39m ?[2m:?[0;39m HHH000206: hibernate.properties not found
?[2m2019-02-19 22:24:32.589?[0;39m ?[32m INFO?[0;39m ?[35m21075?[0;39m ?[2m---?[0;39m ?[2m[    Test worker]?[0;39m ?[36mo.hibernate.annotations.common.Version  ?[0;39m ?[2m:?[0;39m HCANN000001: Hibernate Commons Annotations {5.0.4.Final}
?[2m2019-02-19 22:24:32.641?[0;39m ?[32mDEBUG?[0;39m ?[35m21075?[0;39m ?[2m---?[0;39m ?[2m[    Test worker]?[0;39m ?[36morg.hibernate.type.BasicTypeRegistry    ?[0;39m ?[2m:?[0;39m Adding type registration boolean -> org.hibernate.type.BooleanType@3e06208b
?[2m2019-02-19 22:24:32.641?[0;39m ?[32mDEBUG?[0;39m ?[35m21075?[0;39m ?[2m---?[0;39m ?[2m[    Test worker]?[0;39m ?[36morg.hibernate.type.BasicTypeRegistry    ?[0;39m ?[2m:?[0;39m Adding type registration boolean -> org.hibernate.type.BooleanType@3e06208b
?[2m2019-02-19 22:24:32.642?[0;39m ?[32mDEBUG?[0;39m ?[35m21075?[0;39m ?[2m---?[0;39m ?[2m[    Test worker]?[0;39m ?[36morg.hibernate.type.BasicTypeRegistry    ?[0;39m ?[2m:?[0;39m Adding type registration java.lang.Boolean -> org.hibernate.type.BooleanType@3e06208b
?[2m2019-02-19 22:24:32.643?[0;39m ?[32mDEBUG?[0;39m ?[35m21075?[0;39m ?[2m---?[0;39m ?[2m[    Test worker]?[0;39m ?[36morg.hibernate.type.BasicTypeRegistry    ?[0;39m ?[2m:?[0;39m Adding type registration numeric_boolean -> org.hibernate.type.NumericBooleanType@6e30c948
?[2m2019-02-19 22:24:32.644?[0;39m ?[32mDEBUG?[0;39m ?[35m21075?[0;39m ?[2m---?[0;39m ?[2m[    Test worker]?[0;39m ?[36morg.hibernate.type.BasicTypeRegistry    ?[0;39m ?[2m:?[0;39m Adding type registration true_false -> org.hibernate.type.TrueFalseType@6171e179
?[2m2019-02-19 22:24:32.646?[0;39m ?[32mDEBUG?[0;39m ?[35m21075?[0;39m ?[2m---?[0;39m ?[2m[    Test worker]?[0;39m ?[36morg.hibernate.type.BasicTypeRegistry    ?[0;39m ?[2m:?[0;39m Adding type registration yes_no -> org.hibernate.type.YesNoType@a155fd6
?[2m2019-02-19 22:24:32.648?[0;39m ?[32mDEBUG?[0;39m ?[35m21075?[0;39m ?[2m---?[0;39m ?[2m[    Test worker]?[0;39m ?[36morg.hibernate.type.BasicTypeRegistry    ?[0;39m ?[2m:?[0;39m Adding type registration byte -> org.hibernate.type.ByteType@305bf60b
?[2m2019-02-19 22:24:32.648?[0;39m ?[32mDEBUG?[0;39m ?[35m21075?[0;39m ?[2m---?[0;39m ?[2m[    Test worker]?[0;39m ?[36morg.hibernate.type.BasicTypeRegistry    ?[0;39m ?[2m:?[0;39m Adding type registration byte -> org.hibernate.type.ByteType@305bf60b
?[2m2019-02-19 22:24:32.649?[0;39m ?[32mDEBUG?[0;39m ?[35m21075?[0;39m ?[2m---?[0;39m ?[2m[    Test worker]?[0;39m ?[36morg.hibernate.type.BasicTypeRegistry    ?[0;39m ?[2m:?[0;39m Adding type registration java.lang.Byte -> org.hibernate.type.ByteType@305bf60b
?[2m2019-02-19 22:24:32.651?[0;39m ?[32mDEBUG?[0;39m ?[35m21075?[0;39m ?[2m---?[0;39m ?[2m[    Test worker]?[0;39m ?[36morg.hibernate.type.BasicTypeRegistry    ?[0;39m ?[2m:?[0;39m Adding type registration character -> org.hibernate.type.CharacterType@2ccc13cb
?[2m2019-02-19 22:24:32.651?[0;39m ?[32mDEBUG?[0;39m ?[35m21075?[0;39m ?[2m---?[0;39m ?[2m[    Test worker]?[0;39m ?[36morg.hibernate.type.BasicTypeRegistry    ?[0;39m ?[2m:?[0;39m Adding type registration char -> org.hibernate.type.CharacterType@2ccc13cb
?[2m2019-02-19 22:24:32.651?[0;39m ?[32mDEBUG?[0;39m ?[35m21075?[0;39m ?[2m---?[0;39m ?[2m[    Test worker]?[0;39m ?[36morg.hibernate.type.BasicTypeRegistry    ?[0;39m ?[2m:?[0;39m Adding type registration java.lang.Character -> org.hibernate.type.CharacterType@2ccc13cb
?[2m2019-02-19 22:24:32.653?[0;39m ?[32mDEBUG?[0;39m ?[35m21075?[0;39m ?[2m---?[0;39m ?[2m[    Test worker]?[0;39m ?[36morg.hibernate.type.BasicTypeRegistry    ?[0;39m ?[2m:?[0;39m Adding type registration short -> org.hibernate.type.ShortType@7c20733a
?[2m2019-02-19 22:24:32.654?[0;39m ?[32mDEBUG?[0;39m ?[35m21075?[0;39m ?[2m---?[0;39m ?[2m[    Test worker]?[0;39m ?[36morg.hibernate.type.BasicTypeRegistry    ?[0;39m ?[2m:?[0;39m Adding type registration short -> org.hibernate.type.ShortType@7c20733a
?[2m2019-02-19 22:24:32.654?[0;39m ?[32mDEBUG?[0;39m ?[35m21075?[0;39m ?[2m---?[0;39m ?[2m[    Test worker]?[0;39m ?[36morg.hibernate.type.BasicTypeRegistry    ?[0;39m ?[2m:?[0;39m Adding type registration java.lang.Short -> org.hibernate.type.ShortType@7c20733a
?[2m2019-02-19 22:24:32.656?[0;39m ?[32mDEBUG?[0;39m ?[35m21075?[0;39m ?[2m---?[0;39m ?[2m[    Test worker]?[0;39m ?[36morg.hibernate.type.BasicTypeRegistry    ?[0;39m ?[2m:?[0;39m Adding type registration integer -> org.hibernate.type.IntegerType@353a0130
?[2m2019-02-19 22:24:32.657?[0;39m ?[32mDEBUG?[0;39m ?[35m21075?[0;39m ?[2m---?[0;39m ?[2m[    Test worker]?[0;39m ?[36morg.hibernate.type.BasicTypeRegistry    ?[0;39m ?[2m:?[0;39m Adding type registration int -> org.hibernate.type.IntegerType@353a0130
?[2m2019-02-19 22:24:32.657?[0;39m ?[32mDEBUG?[0;39m ?[35m21075?[0;39m ?[2m---?[0;39m ?[2m[    Test worker]?[0;39m ?[36morg.hibernate.type.BasicTypeRegistry    ?[0;39m ?[2m:?[0;39m Adding type registration java.lang.Integer -> org.hibernate.type.IntegerType@353a0130
?[2m2019-02-19 22:24:32.659?[0;39m ?[32mDEBUG?[0;39m ?[35m21075?[0;39m ?[2m---?[0;39m ?[2m[    Test worker]?[0;39m ?[36morg.hibernate.type.BasicTypeRegistry    ?[0;39m ?[2m:?[0;39m Adding type registration long -> org.hibernate.type.LongType@6a1d04a4
?[2m2019-02-19 22:24:32.660?[0;39m ?[32mDEBUG?[0;39m ?[35m21075?[0;39m ?[2m---?[0;39m ?[2m[    Test worker]?[0;39m ?[36morg.hibernate.type.BasicTypeRegistry    ?[0;39m ?[2m:?[0;39m Adding type registration long -> org.hibernate.type.LongType@6a1d04a4
?[2m2019-02-19 22:24:32.660?[0;39m ?[32mDEBUG?[0;39m ?[35m21075?[0;39m ?[2m---?[0;39m ?[2m[    Test worker]?[0;39m ?[36morg.hibernate.type.BasicTypeRegistry    ?[0;39m ?[2m:?[0;39m Adding type registration java.lang.Long -> org.hibernate.type.LongType@6a1d04a4
?[2m2019-02-19 22:24:32.662?[0;39m ?[32mDEBUG?[0;39m ?[35m21075?[0;39m ?[2m---?[0;39m ?[2m[    Test worker]?[0;39m ?[36morg.hibernate.type.BasicTypeRegistry    ?[0;39m ?[2m:?[0;39m Adding type registration float -> org.hibernate.type.FloatType@14257a03
?[2m2019-02-19 22:24:32.663?[0;39m ?[32mDEBUG?[0;39m ?[35m21075?[0;39m ?[2m---?[0;39m ?[2m[    Test worker]?[0;39m ?[36morg.hibernate.type.BasicTypeRegistry    ?[0;39m ?[2m:?[0;39m Adding type registration float -> org.hibernate.type.FloatType@14257a03
?[2m2019-02-19 22:24:32.663?[0;39m ?[32mDEBUG?[0;39m ?[35m21075?[0;39m ?[2m---?[0;39m ?[2m[    Test worker]?[0;39m ?[36morg.hibernate.type.BasicTypeRegistry    ?[0;39m ?[2m:?[0;39m Adding type registration java.lang.Float -> org.hibernate.type.FloatType@14257a03
?[2m2019-02-19 22:24:32.665?[0;39m ?[32mDEBUG?[0;39m ?[35m21075?[0;39m ?[2m---?[0;39m ?[2m[    Test worker]?[0;39m ?[36morg.hibernate.type.BasicTypeRegistry    ?[0;39m ?[2m:?[0;39m Adding type registration double -> org.hibernate.type.DoubleType@4f76bd74
?[2m2019-02-19 22:24:32.666?[0;39m ?[32mDEBUG?[0;39m ?[35m21075?[0;39m ?[2m---?[0;39m ?[2m[    Test worker]?[0;39m ?[36morg.hibernate.type.BasicTypeRegistry    ?[0;39m ?[2m:?[0;39m Adding type registration double -> org.hibernate.type.DoubleType@4f76bd74
?[2m2019-02-19 22:24:32.666?[0;39m ?[32mDEBUG?[0;39m ?[35m21075?[0;39m ?[2m---?[0;39m ?[2m[    Test worker]?[0;39m ?[36morg.hibernate.type.BasicTypeRegistry    ?[0;39m ?[2m:?[0;39m Adding type registration java.lang.Double -> org.hibernate.type.DoubleType@4f76bd74
?[2m2019-02-19 22:24:32.667?[0;39m ?[32mDEBUG?[0;39m ?[35m21075?[0;39m ?[2m---?[0;39m ?[2m[    Test worker]?[0;39m ?[36morg.hibernate.type.BasicTypeRegistry    ?[0;39m ?[2m:?[0;39m Adding type registration big_decimal -> org.hibernate.type.BigDecimalType@68527b96
?[2m2019-02-19 22:24:32.668?[0;39m ?[32mDEBUG?[0;39m ?[35m21075?[0;39m ?[2m---?[0;39m ?[2m[    Test worker]?[0;39m ?[36morg.hibernate.type.BasicTypeRegistry    ?[0;39m ?[2m:?[0;39m Adding type registration java.math.BigDecimal -> org.hibernate.type.BigDecimalType@68527b96
?[2m2019-02-19 22:24:32.670?[0;39m ?[32mDEBUG?[0;39m ?[35m21075?[0;39m ?[2m---?[0;39m ?[2m[    Test worker]?[0;39m ?[36morg.hibernate.type.BasicTypeRegistry    ?[0;39m ?[2m:?[0;39m Adding type registration big_integer -> org.hibernate.type.BigIntegerType@7e2e4db3
?[2m2019-02-19 22:24:32.670?[0;39m ?[32mDEBUG?[0;39m ?[35m21075?[0;39m ?[2m---?[0;39m ?[2m[    Test worker]?[0;39m ?[36morg.hibernate.type.BasicTypeRegistry    ?[0;39m ?[2m:?[0;39m Adding type registration java.math.BigInteger -> org.hibernate.type.BigIntegerType@7e2e4db3
?[2m2019-02-19 22:24:32.672?[0;39m ?[32mDEBUG?[0;39m ?[35m21075?[0;39m ?[2m---?[0;39m ?[2m[    Test worker]?[0;39m ?[36morg.hibernate.type.BasicTypeRegistry    ?[0;39m ?[2m:?[0;39m Adding type registration string -> org.hibernate.type.StringType@5aae47dd
?[2m2019-02-19 22:24:32.672?[0;39m ?[32mDEBUG?[0;39m ?[35m21075?[0;39m ?[2m---?[0;39m ?[2m[    Test worker]?[0;39m ?[36morg.hibernate.type.BasicTypeRegistry    ?[0;39m ?[2m:?[0;39m Adding type registration java.lang.String -> org.hibernate.type.StringType@5aae47dd
?[2m2019-02-19 22:24:32.673?[0;39m ?[32mDEBUG?[0;39m ?[35m21075?[0;39m ?[2m---?[0;39m ?[2m[    Test worker]?[0;39m ?[36morg.hibernate.type.BasicTypeRegistry    ?[0;39m ?[2m:?[0;39m Adding type registration nstring -> org.hibernate.type.StringNVarcharType@26e3064f
?[2m2019-02-19 22:24:32.675?[0;39m ?[32mDEBUG?[0;39m ?[35m21075?[0;39m ?[2m---?[0;39m ?[2m[    Test worker]?[0;39m ?[36morg.hibernate.type.BasicTypeRegistry    ?[0;39m ?[2m:?[0;39m Adding type registration ncharacter -> org.hibernate.type.CharacterNCharType@5fbd3e3
?[2m2019-02-19 22:24:32.677?[0;39m ?[32mDEBUG?[0;39m ?[35m21075?[0;39m ?[2m---?[0;39m ?[2m[    Test worker]?[0;39m ?[36morg.hibernate.type.BasicTypeRegistry    ?[0;39m ?[2m:?[0;39m Adding type registration url -> org.hibernate.type.UrlType@6a837d9b
?[2m2019-02-19 22:24:32.677?[0;39m ?[32mDEBUG?[0;39m ?[35m21075?[0;39m ?[2m---?[0;39m ?[2m[    Test worker]?[0;39m ?[36morg.hibernate.type.BasicTypeRegistry    ?[0;39m ?[2m:?[0;39m Adding type registration java.net.URL -> org.hibernate.type.UrlType@6a837d9b
?[2m2019-02-19 22:24:32.679?[0;39m ?[32mDEBUG?[0;39m ?[35m21075?[0;39m ?[2m---?[0;39m ?[2m[    Test worker]?[0;39m ?[36morg.hibernate.type.BasicTypeRegistry    ?[0;39m ?[2m:?[0;39m Adding type registration Duration -> org.hibernate.type.DurationType@5c7cefd0
?[2m2019-02-19 22:24:32.680?[0;39m ?[32mDEBUG?[0;39m ?[35m21075?[0;39m ?[2m---?[0;39m ?[2m[    Test worker]?[0;39m ?[36morg.hibernate.type.BasicTypeRegistry    ?[0;39m ?[2m:?[0;39m Adding type registration java.time.Duration -> org.hibernate.type.DurationType@5c7cefd0
?[2m2019-02-19 22:24:32.682?[0;39m ?[32mDEBUG?[0;39m ?[35m21075?[0;39m ?[2m---?[0;39m ?[2m[    Test worker]?[0;39m ?[36morg.hibernate.type.BasicTypeRegistry    ?[0;39m ?[2m:?[0;39m Adding type registration Instant -> org.hibernate.type.InstantType@7c864ce4
?[2m2019-02-19 22:24:32.682?[0;39m ?[32mDEBUG?[0;39m ?[35m21075?[0;39m ?[2m---?[0;39m ?[2m[    Test worker]?[0;39m ?[36morg.hibernate.type.BasicTypeRegistry    ?[0;39m ?[2m:?[0;39m Adding type registration java.time.Instant -> org.hibernate.type.InstantType@7c864ce4
?[2m2019-02-19 22:24:32.684?[0;39m ?[32mDEBUG?[0;39m ?[35m21075?[0;39m ?[2m---?[0;39m ?[2m[    Test worker]?[0;39m ?[36morg.hibernate.type.BasicTypeRegistry    ?[0;39m ?[2m:?[0;39m Adding type registration LocalDateTime -> org.hibernate.type.LocalDateTimeType@2576ded4
?[2m2019-02-19 22:24:32.685?[0;39m ?[32mDEBUG?[0;39m ?[35m21075?[0;39m ?[2m---?[0;39m ?[2m[    Test worker]?[0;39m ?[36morg.hibernate.type.BasicTypeRegistry    ?[0;39m ?[2m:?[0;39m Adding type registration java.time.LocalDateTime -> org.hibernate.type.LocalDateTimeType@2576ded4
?[2m2019-02-19 22:24:32.687?[0;39m ?[32mDEBUG?[0;39m ?[35m21075?[0;39m ?[2m---?[0;39m ?[2m[    Test worker]?[0;39m ?[36morg.hibernate.type.BasicTypeRegistry    ?[0;39m ?[2m:?[0;39m Adding type registration LocalDate -> org.hibernate.type.LocalDateType@5af1176a
?[2m2019-02-19 22:24:32.688?[0;39m ?[32mDEBUG?[0;39m ?[35m21075?[0;39m ?[2m---?[0;39m ?[2m[    Test worker]?[0;39m ?[36morg.hibernate.type.BasicTypeRegistry    ?[0;39m ?[2m:?[0;39m Adding type registration java.time.LocalDate -> org.hibernate.type.LocalDateType@5af1176a
?[2m2019-02-19 22:24:32.690?[0;39m ?[32mDEBUG?[0;39m ?[35m21075?[0;39m ?[2m---?[0;39m ?[2m[    Test worker]?[0;39m ?[36morg.hibernate.type.BasicTypeRegistry    ?[0;39m ?[2m:?[0;39m Adding type registration LocalTime -> org.hibernate.type.LocalTimeType@7d0ad2ee
?[2m2019-02-19 22:24:32.690?[0;39m ?[32mDEBUG?[0;39m ?[35m21075?[0;39m ?[2m---?[0;39m ?[2m[    Test worker]?[0;39m ?[36morg.hibernate.type.BasicTypeRegistry    ?[0;39m ?[2m:?[0;39m Adding type registration java.time.LocalTime -> org.hibernate.type.LocalTimeType@7d0ad2ee
?[2m2019-02-19 22:24:32.692?[0;39m ?[32mDEBUG?[0;39m ?[35m21075?[0;39m ?[2m---?[0;39m ?[2m[    Test worker]?[0;39m ?[36morg.hibernate.type.BasicTypeRegistry    ?[0;39m ?[2m:?[0;39m Adding type registration OffsetDateTime -> org.hibernate.type.OffsetDateTimeType@3c2b0abc
?[2m2019-02-19 22:24:32.693?[0;39m ?[32mDEBUG?[0;39m ?[35m21075?[0;39m ?[2m---?[0;39m ?[2m[    Test worker]?[0;39m ?[36morg.hibernate.type.BasicTypeRegistry    ?[0;39m ?[2m:?[0;39m Adding type registration java.time.OffsetDateTime -> org.hibernate.type.OffsetDateTimeType@3c2b0abc
?[2m2019-02-19 22:24:32.695?[0;39m ?[32mDEBUG?[0;39m ?[35m21075?[0;39m ?[2m---?[0;39m ?[2m[    Test worker]?[0;39m ?[36morg.hibernate.type.BasicTypeRegistry    ?[0;39m ?[2m:?[0;39m Adding type registration OffsetTime -> org.hibernate.type.OffsetTimeType@18c093a1
?[2m2019-02-19 22:24:32.695?[0;39m ?[32mDEBUG?[0;39m ?[35m21075?[0;39m ?[2m---?[0;39m ?[2m[    Test worker]?[0;39m ?[36morg.hibernate.type.BasicTypeRegistry    ?[0;39m ?[2m:?[0;39m Adding type registration java.time.OffsetTime -> org.hibernate.type.OffsetTimeType@18c093a1
?[2m2019-02-19 22:24:32.699?[0;39m ?[32mDEBUG?[0;39m ?[35m21075?[0;39m ?[2m---?[0;39m ?[2m[    Test worker]?[0;39m ?[36morg.hibernate.type.BasicTypeRegistry    ?[0;39m ?[2m:?[0;39m Adding type registration ZonedDateTime -> org.hibernate.type.ZonedDateTimeType@52923fbf
?[2m2019-02-19 22:24:32.700?[0;39m ?[32mDEBUG?[0;39m ?[35m21075?[0;39m ?[2m---?[0;39m ?[2m[    Test worker]?[0;39m ?[36morg.hibernate.type.BasicTypeRegistry    ?[0;39m ?[2m:?[0;39m Adding type registration java.time.ZonedDateTime -> org.hibernate.type.ZonedDateTimeType@52923fbf
?[2m2019-02-19 22:24:32.702?[0;39m ?[32mDEBUG?[0;39m ?[35m21075?[0;39m ?[2m---?[0;39m ?[2m[    Test worker]?[0;39m ?[36morg.hibernate.type.BasicTypeRegistry    ?[0;39m ?[2m:?[0;39m Adding type registration date -> org.hibernate.type.DateType@3a7fb2f5
?[2m2019-02-19 22:24:32.703?[0;39m ?[32mDEBUG?[0;39m ?[35m21075?[0;39m ?[2m---?[0;39m ?[2m[    Test worker]?[0;39m ?[36morg.hibernate.type.BasicTypeRegistry    ?[0;39m ?[2m:?[0;39m Adding type registration java.sql.Date -> org.hibernate.type.DateType@3a7fb2f5
?[2m2019-02-19 22:24:32.704?[0;39m ?[32mDEBUG?[0;39m ?[35m21075?[0;39m ?[2m---?[0;39m ?[2m[    Test worker]?[0;39m ?[36morg.hibernate.type.BasicTypeRegistry    ?[0;39m ?[2m:?[0;39m Adding type registration time -> org.hibernate.type.TimeType@32c42803
?[2m2019-02-19 22:24:32.705?[0;39m ?[32mDEBUG?[0;39m ?[35m21075?[0;39m ?[2m---?[0;39m ?[2m[    Test worker]?[0;39m ?[36morg.hibernate.type.BasicTypeRegistry    ?[0;39m ?[2m:?[0;39m Adding type registration java.sql.Time -> org.hibernate.type.TimeType@32c42803
?[2m2019-02-19 22:24:32.707?[0;39m ?[32mDEBUG?[0;39m ?[35m21075?[0;39m ?[2m---?[0;39m ?[2m[    Test worker]?[0;39m ?[36morg.hibernate.type.BasicTypeRegistry    ?[0;39m ?[2m:?[0;39m Adding type registration timestamp -> org.hibernate.type.TimestampType@138e46df
?[2m2019-02-19 22:24:32.707?[0;39m ?[32mDEBUG?[0;39m ?[35m21075?[0;39m ?[2m---?[0;39m ?[2m[    Test worker]?[0;39m ?[36morg.hibernate.type.BasicTypeRegistry    ?[0;39m ?[2m:?[0;39m Adding type registration java.sql.Timestamp -> org.hibernate.type.TimestampType@138e46df
?[2m2019-02-19 22:24:32.707?[0;39m ?[32mDEBUG?[0;39m ?[35m21075?[0;39m ?[2m---?[0;39m ?[2m[    Test worker]?[0;39m ?[36morg.hibernate.type.BasicTypeRegistry    ?[0;39m ?[2m:?[0;39m Adding type registration java.util.Date -> org.hibernate.type.TimestampType@138e46df
?[2m2019-02-19 22:24:32.709?[0;39m ?[32mDEBUG?[0;39m ?[35m21075?[0;39m ?[2m---?[0;39m ?[2m[    Test worker]?[0;39m ?[36morg.hibernate.type.BasicTypeRegistry    ?[0;39m ?[2m:?[0;39m Adding type registration dbtimestamp -> org.hibernate.type.DbTimestampType@68fdcd9b
?[2m2019-02-19 22:24:32.711?[0;39m ?[32mDEBUG?[0;39m ?[35m21075?[0;39m ?[2m---?[0;39m ?[2m[    Test worker]?[0;39m ?[36morg.hibernate.type.BasicTypeRegistry    ?[0;39m ?[2m:?[0;39m Adding type registration calendar -> org.hibernate.type.CalendarType@65dbc5de
?[2m2019-02-19 22:24:32.711?[0;39m ?[32mDEBUG?[0;39m ?[35m21075?[0;39m ?[2m---?[0;39m ?[2m[    Test worker]?[0;39m ?[36morg.hibernate.type.BasicTypeRegistry    ?[0;39m ?[2m:?[0;39m Adding type registration java.util.Calendar -> org.hibernate.type.CalendarType@65dbc5de
?[2m2019-02-19 22:24:32.712?[0;39m ?[32mDEBUG?[0;39m ?[35m21075?[0;39m ?[2m---?[0;39m ?[2m[    Test worker]?[0;39m ?[36morg.hibernate.type.BasicTypeRegistry    ?[0;39m ?[2m:?[0;39m Adding type registration java.util.GregorianCalendar -> org.hibernate.type.CalendarType@65dbc5de
?[2m2019-02-19 22:24:32.713?[0;39m ?[32mDEBUG?[0;39m ?[35m21075?[0;39m ?[2m---?[0;39m ?[2m[    Test worker]?[0;39m ?[36morg.hibernate.type.BasicTypeRegistry    ?[0;39m ?[2m:?[0;39m Adding type registration calendar_date -> org.hibernate.type.CalendarDateType@6b1d5e4c
?[2m2019-02-19 22:24:32.715?[0;39m ?[32mDEBUG?[0;39m ?[35m21075?[0;39m ?[2m---?[0;39m ?[2m[    Test worker]?[0;39m ?[36morg.hibernate.type.BasicTypeRegistry    ?[0;39m ?[2m:?[0;39m Adding type registration locale -> org.hibernate.type.LocaleType@1fb57ffc
?[2m2019-02-19 22:24:32.715?[0;39m ?[32mDEBUG?[0;39m ?[35m21075?[0;39m ?[2m---?[0;39m ?[2m[    Test worker]?[0;39m ?[36morg.hibernate.type.BasicTypeRegistry    ?[0;39m ?[2m:?[0;39m Adding type registration java.util.Locale -> org.hibernate.type.LocaleType@1fb57ffc
?[2m2019-02-19 22:24:32.717?[0;39m ?[32mDEBUG?[0;39m ?[35m21075?[0;39m ?[2m---?[0;39m ?[2m[    Test worker]?[0;39m ?[36morg.hibernate.type.BasicTypeRegistry    ?[0;39m ?[2m:?[0;39m Adding type registration currency -> org.hibernate.type.CurrencyType@1e36a21c
?[2m2019-02-19 22:24:32.717?[0;39m ?[32mDEBUG?[0;39m ?[35m21075?[0;39m ?[2m---?[0;39m ?[2m[    Test worker]?[0;39m ?[36morg.hibernate.type.BasicTypeRegistry    ?[0;39m ?[2m:?[0;39m Adding type registration java.util.Currency -> org.hibernate.type.CurrencyType@1e36a21c
?[2m2019-02-19 22:24:32.718?[0;39m ?[32mDEBUG?[0;39m ?[35m21075?[0;39m ?[2m---?[0;39m ?[2m[    Test worker]?[0;39m ?[36morg.hibernate.type.BasicTypeRegistry    ?[0;39m ?[2m:?[0;39m Adding type registration timezone -> org.hibernate.type.TimeZoneType@599e8da3
?[2m2019-02-19 22:24:32.719?[0;39m ?[32mDEBUG?[0;39m ?[35m21075?[0;39m ?[2m---?[0;39m ?[2m[    Test worker]?[0;39m ?[36morg.hibernate.type.BasicTypeRegistry    ?[0;39m ?[2m:?[0;39m Adding type registration java.util.TimeZone -> org.hibernate.type.TimeZoneType@599e8da3
?[2m2019-02-19 22:24:32.720?[0;39m ?[32mDEBUG?[0;39m ?[35m21075?[0;39m ?[2m---?[0;39m ?[2m[    Test worker]?[0;39m ?[36morg.hibernate.type.BasicTypeRegistry    ?[0;39m ?[2m:?[0;39m Adding type registration class -> org.hibernate.type.ClassType@4d5cd963
?[2m2019-02-19 22:24:32.720?[0;39m ?[32mDEBUG?[0;39m ?[35m21075?[0;39m ?[2m---?[0;39m ?[2m[    Test worker]?[0;39m ?[36morg.hibernate.type.BasicTypeRegistry    ?[0;39m ?[2m:?[0;39m Adding type registration java.lang.Class -> org.hibernate.type.ClassType@4d5cd963
?[2m2019-02-19 22:24:32.722?[0;39m ?[32mDEBUG?[0;39m ?[35m21075?[0;39m ?[2m---?[0;39m ?[2m[    Test worker]?[0;39m ?[36morg.hibernate.type.BasicTypeRegistry    ?[0;39m ?[2m:?[0;39m Adding type registration uuid-binary -> org.hibernate.type.UUIDBinaryType@1bda2a1d
?[2m2019-02-19 22:24:32.722?[0;39m ?[32mDEBUG?[0;39m ?[35m21075?[0;39m ?[2m---?[0;39m ?[2m[    Test worker]?[0;39m ?[36morg.hibernate.type.BasicTypeRegistry    ?[0;39m ?[2m:?[0;39m Adding type registration java.util.UUID -> org.hibernate.type.UUIDBinaryType@1bda2a1d
?[2m2019-02-19 22:24:32.723?[0;39m ?[32mDEBUG?[0;39m ?[35m21075?[0;39m ?[2m---?[0;39m ?[2m[    Test worker]?[0;39m ?[36morg.hibernate.type.BasicTypeRegistry    ?[0;39m ?[2m:?[0;39m Adding type registration uuid-char -> org.hibernate.type.UUIDCharType@2e9bf029
?[2m2019-02-19 22:24:32.725?[0;39m ?[32mDEBUG?[0;39m ?[35m21075?[0;39m ?[2m---?[0;39m ?[2m[    Test worker]?[0;39m ?[36morg.hibernate.type.BasicTypeRegistry    ?[0;39m ?[2m:?[0;39m Adding type registration binary -> org.hibernate.type.BinaryType@66422834
?[2m2019-02-19 22:24:32.726?[0;39m ?[32mDEBUG?[0;39m ?[35m21075?[0;39m ?[2m---?[0;39m ?[2m[    Test worker]?[0;39m ?[36morg.hibernate.type.BasicTypeRegistry    ?[0;39m ?[2m:?[0;39m Adding type registration byte[] -> org.hibernate.type.BinaryType@66422834
?[2m2019-02-19 22:24:32.726?[0;39m ?[32mDEBUG?[0;39m ?[35m21075?[0;39m ?[2m---?[0;39m ?[2m[    Test worker]?[0;39m ?[36morg.hibernate.type.BasicTypeRegistry    ?[0;39m ?[2m:?[0;39m Adding type registration [B -> org.hibernate.type.BinaryType@66422834
?[2m2019-02-19 22:24:32.728?[0;39m ?[32mDEBUG?[0;39m ?[35m21075?[0;39m ?[2m---?[0;39m ?[2m[    Test worker]?[0;39m ?[36morg.hibernate.type.BasicTypeRegistry    ?[0;39m ?[2m:?[0;39m Adding type registration wrapper-binary -> org.hibernate.type.WrapperBinaryType@46d00240
?[2m2019-02-19 22:24:32.729?[0;39m ?[32mDEBUG?[0;39m ?[35m21075?[0;39m ?[2m---?[0;39m ?[2m[    Test worker]?[0;39m ?[36morg.hibernate.type.BasicTypeRegistry    ?[0;39m ?[2m:?[0;39m Adding type registration Byte[] -> org.hibernate.type.WrapperBinaryType@46d00240
?[2m2019-02-19 22:24:32.729?[0;39m ?[32mDEBUG?[0;39m ?[35m21075?[0;39m ?[2m---?[0;39m ?[2m[    Test worker]?[0;39m ?[36morg.hibernate.type.BasicTypeRegistry    ?[0;39m ?[2m:?[0;39m Adding type registration [Ljava.lang.Byte; -> org.hibernate.type.WrapperBinaryType@46d00240
?[2m2019-02-19 22:24:32.731?[0;39m ?[32mDEBUG?[0;39m ?[35m21075?[0;39m ?[2m---?[0;39m ?[2m[    Test worker]?[0;39m ?[36morg.hibernate.type.BasicTypeRegistry    ?[0;39m ?[2m:?[0;39m Adding type registration row_version -> org.hibernate.type.RowVersionType@14e83c61
?[2m2019-02-19 22:24:32.732?[0;39m ?[32mDEBUG?[0;39m ?[35m21075?[0;39m ?[2m---?[0;39m ?[2m[    Test worker]?[0;39m ?[36morg.hibernate.type.BasicTypeRegistry    ?[0;39m ?[2m:?[0;39m Adding type registration image -> org.hibernate.type.ImageType@2e7ba8df
?[2m2019-02-19 22:24:32.734?[0;39m ?[32mDEBUG?[0;39m ?[35m21075?[0;39m ?[2m---?[0;39m ?[2m[    Test worker]?[0;39m ?[36morg.hibernate.type.BasicTypeRegistry    ?[0;39m ?[2m:?[0;39m Adding type registration characters -> org.hibernate.type.CharArrayType@6c6d1c94
?[2m2019-02-19 22:24:32.735?[0;39m ?[32mDEBUG?[0;39m ?[35m21075?[0;39m ?[2m---?[0;39m ?[2m[    Test worker]?[0;39m ?[36morg.hibernate.type.BasicTypeRegistry    ?[0;39m ?[2m:?[0;39m Adding type registration char[] -> org.hibernate.type.CharArrayType@6c6d1c94
?[2m2019-02-19 22:24:32.735?[0;39m ?[32mDEBUG?[0;39m ?[35m21075?[0;39m ?[2m---?[0;39m ?[2m[    Test worker]?[0;39m ?[36morg.hibernate.type.BasicTypeRegistry    ?[0;39m ?[2m:?[0;39m Adding type registration [C -> org.hibernate.type.CharArrayType@6c6d1c94
?[2m2019-02-19 22:24:32.737?[0;39m ?[32mDEBUG?[0;39m ?[35m21075?[0;39m ?[2m---?[0;39m ?[2m[    Test worker]?[0;39m ?[36morg.hibernate.type.BasicTypeRegistry    ?[0;39m ?[2m:?[0;39m Adding type registration wrapper-characters -> org.hibernate.type.CharacterArrayType@39a9a2cb
?[2m2019-02-19 22:24:32.738?[0;39m ?[32mDEBUG?[0;39m ?[35m21075?[0;39m ?[2m---?[0;39m ?[2m[    Test worker]?[0;39m ?[36morg.hibernate.type.BasicTypeRegistry    ?[0;39m ?[2m:?[0;39m Adding type registration [Ljava.lang.Character; -> org.hibernate.type.CharacterArrayType@39a9a2cb
?[2m2019-02-19 22:24:32.738?[0;39m ?[32mDEBUG?[0;39m ?[35m21075?[0;39m ?[2m---?[0;39m ?[2m[    Test worker]?[0;39m ?[36morg.hibernate.type.BasicTypeRegistry    ?[0;39m ?[2m:?[0;39m Adding type registration Character[] -> org.hibernate.type.CharacterArrayType@39a9a2cb
?[2m2019-02-19 22:24:32.739?[0;39m ?[32mDEBUG?[0;39m ?[35m21075?[0;39m ?[2m---?[0;39m ?[2m[    Test worker]?[0;39m ?[36morg.hibernate.type.BasicTypeRegistry    ?[0;39m ?[2m:?[0;39m Adding type registration text -> org.hibernate.type.TextType@23a08d11
?[2m2019-02-19 22:24:32.740?[0;39m ?[32mDEBUG?[0;39m ?[35m21075?[0;39m ?[2m---?[0;39m ?[2m[    Test worker]?[0;39m ?[36morg.hibernate.type.BasicTypeRegistry    ?[0;39m ?[2m:?[0;39m Adding type registration ntext -> org.hibernate.type.NTextType@1ba6b2a7
?[2m2019-02-19 22:24:32.742?[0;39m ?[32mDEBUG?[0;39m ?[35m21075?[0;39m ?[2m---?[0;39m ?[2m[    Test worker]?[0;39m ?[36morg.hibernate.type.BasicTypeRegistry    ?[0;39m ?[2m:?[0;39m Adding type registration blob -> org.hibernate.type.BlobType@5d828c0b
?[2m2019-02-19 22:24:32.743?[0;39m ?[32mDEBUG?[0;39m ?[35m21075?[0;39m ?[2m---?[0;39m ?[2m[    Test worker]?[0;39m ?[36morg.hibernate.type.BasicTypeRegistry    ?[0;39m ?[2m:?[0;39m Adding type registration java.sql.Blob -> org.hibernate.type.BlobType@5d828c0b
?[2m2019-02-19 22:24:32.744?[0;39m ?[32mDEBUG?[0;39m ?[35m21075?[0;39m ?[2m---?[0;39m ?[2m[    Test worker]?[0;39m ?[36morg.hibernate.type.BasicTypeRegistry    ?[0;39m ?[2m:?[0;39m Adding type registration materialized_blob -> org.hibernate.type.MaterializedBlobType@8535b4b
?[2m2019-02-19 22:24:32.746?[0;39m ?[32mDEBUG?[0;39m ?[35m21075?[0;39m ?[2m---?[0;39m ?[2m[    Test worker]?[0;39m ?[36morg.hibernate.type.BasicTypeRegistry    ?[0;39m ?[2m:?[0;39m Adding type registration clob -> org.hibernate.type.ClobType@286977cf
?[2m2019-02-19 22:24:32.747?[0;39m ?[32mDEBUG?[0;39m ?[35m21075?[0;39m ?[2m---?[0;39m ?[2m[    Test worker]?[0;39m ?[36morg.hibernate.type.BasicTypeRegistry    ?[0;39m ?[2m:?[0;39m Adding type registration java.sql.Clob -> org.hibernate.type.ClobType@286977cf
?[2m2019-02-19 22:24:32.749?[0;39m ?[32mDEBUG?[0;39m ?[35m21075?[0;39m ?[2m---?[0;39m ?[2m[    Test worker]?[0;39m ?[36morg.hibernate.type.BasicTypeRegistry    ?[0;39m ?[2m:?[0;39m Adding type registration nclob -> org.hibernate.type.NClobType@1758a267
?[2m2019-02-19 22:24:32.750?[0;39m ?[32mDEBUG?[0;39m ?[35m21075?[0;39m ?[2m---?[0;39m ?[2m[    Test worker]?[0;39m ?[36morg.hibernate.type.BasicTypeRegistry    ?[0;39m ?[2m:?[0;39m Adding type registration java.sql.NClob -> org.hibernate.type.NClobType@1758a267
?[2m2019-02-19 22:24:32.751?[0;39m ?[32mDEBUG?[0;39m ?[35m21075?[0;39m ?[2m---?[0;39m ?[2m[    Test worker]?[0;39m ?[36morg.hibernate.type.BasicTypeRegistry    ?[0;39m ?[2m:?[0;39m Adding type registration materialized_clob -> org.hibernate.type.MaterializedClobType@64506e51
?[2m2019-02-19 22:24:32.752?[0;39m ?[32mDEBUG?[0;39m ?[35m21075?[0;39m ?[2m---?[0;39m ?[2m[    Test worker]?[0;39m ?[36morg.hibernate.type.BasicTypeRegistry    ?[0;39m ?[2m:?[0;39m Adding type registration materialized_nclob -> org.hibernate.type.MaterializedNClobType@16c2aa64
?[2m2019-02-19 22:24:32.755?[0;39m ?[32mDEBUG?[0;39m ?[35m21075?[0;39m ?[2m---?[0;39m ?[2m[    Test worker]?[0;39m ?[36morg.hibernate.type.BasicTypeRegistry    ?[0;39m ?[2m:?[0;39m Adding type registration serializable -> org.hibernate.type.SerializableType@5f4cc334
?[2m2019-02-19 22:24:32.759?[0;39m ?[32mDEBUG?[0;39m ?[35m21075?[0;39m ?[2m---?[0;39m ?[2m[    Test worker]?[0;39m ?[36morg.hibernate.type.BasicTypeRegistry    ?[0;39m ?[2m:?[0;39m Adding type registration object -> org.hibernate.type.ObjectType@47680ffa
?[2m2019-02-19 22:24:32.759?[0;39m ?[32mDEBUG?[0;39m ?[35m21075?[0;39m ?[2m---?[0;39m ?[2m[    Test worker]?[0;39m ?[36morg.hibernate.type.BasicTypeRegistry    ?[0;39m ?[2m:?[0;39m Adding type registration java.lang.Object -> org.hibernate.type.ObjectType@47680ffa
?[2m2019-02-19 22:24:32.760?[0;39m ?[32mDEBUG?[0;39m ?[35m21075?[0;39m ?[2m---?[0;39m ?[2m[    Test worker]?[0;39m ?[36morg.hibernate.type.BasicTypeRegistry    ?[0;39m ?[2m:?[0;39m Adding type registration imm_date -> org.hibernate.type.AdaptedImmutableType@52319d95
?[2m2019-02-19 22:24:32.760?[0;39m ?[32mDEBUG?[0;39m ?[35m21075?[0;39m ?[2m---?[0;39m ?[2m[    Test worker]?[0;39m ?[36morg.hibernate.type.BasicTypeRegistry    ?[0;39m ?[2m:?[0;39m Adding type registration imm_time -> org.hibernate.type.AdaptedImmutableType@55a15ff6
?[2m2019-02-19 22:24:32.761?[0;39m ?[32mDEBUG?[0;39m ?[35m21075?[0;39m ?[2m---?[0;39m ?[2m[    Test worker]?[0;39m ?[36morg.hibernate.type.BasicTypeRegistry    ?[0;39m ?[2m:?[0;39m Adding type registration imm_timestamp -> org.hibernate.type.AdaptedImmutableType@338a1ae1
?[2m2019-02-19 22:24:32.761?[0;39m ?[32mDEBUG?[0;39m ?[35m21075?[0;39m ?[2m---?[0;39m ?[2m[    Test worker]?[0;39m ?[36morg.hibernate.type.BasicTypeRegistry    ?[0;39m ?[2m:?[0;39m Adding type registration imm_dbtimestamp -> org.hibernate.type.AdaptedImmutableType@278dac91
?[2m2019-02-19 22:24:32.761?[0;39m ?[32mDEBUG?[0;39m ?[35m21075?[0;39m ?[2m---?[0;39m ?[2m[    Test worker]?[0;39m ?[36morg.hibernate.type.BasicTypeRegistry    ?[0;39m ?[2m:?[0;39m Adding type registration imm_calendar -> org.hibernate.type.AdaptedImmutableType@798e40c0
?[2m2019-02-19 22:24:32.762?[0;39m ?[32mDEBUG?[0;39m ?[35m21075?[0;39m ?[2m---?[0;39m ?[2m[    Test worker]?[0;39m ?[36morg.hibernate.type.BasicTypeRegistry    ?[0;39m ?[2m:?[0;39m Adding type registration imm_calendar_date -> org.hibernate.type.AdaptedImmutableType@260feee8
?[2m2019-02-19 22:24:32.762?[0;39m ?[32mDEBUG?[0;39m ?[35m21075?[0;39m ?[2m---?[0;39m ?[2m[    Test worker]?[0;39m ?[36morg.hibernate.type.BasicTypeRegistry    ?[0;39m ?[2m:?[0;39m Adding type registration imm_binary -> org.hibernate.type.AdaptedImmutableType@4531a5da
?[2m2019-02-19 22:24:32.762?[0;39m ?[32mDEBUG?[0;39m ?[35m21075?[0;39m ?[2m---?[0;39m ?[2m[    Test worker]?[0;39m ?[36morg.hibernate.type.BasicTypeRegistry    ?[0;39m ?[2m:?[0;39m Adding type registration imm_serializable -> org.hibernate.type.AdaptedImmutableType@f9260c9
?[2m2019-02-19 22:24:32.860?[0;39m ?[32m INFO?[0;39m ?[35m21075?[0;39m ?[2m---?[0;39m ?[2m[    Test worker]?[0;39m ?[36morg.hibernate.dialect.Dialect           ?[0;39m ?[2m:?[0;39m HHH000400: Using dialect: org.hibernate.dialect.H2Dialect
?[2m2019-02-19 22:24:32.968?[0;39m ?[32mDEBUG?[0;39m ?[35m21075?[0;39m ?[2m---?[0;39m ?[2m[    Test worker]?[0;39m ?[36mo.h.type.spi.TypeConfiguration$Scope    ?[0;39m ?[2m:?[0;39m Scoping TypeConfiguration [org.hibernate.type.spi.TypeConfiguration@723c8ec2] to MetadataBuildingContext [org.hibernate.boot.internal.MetadataBuildingContextRootImpl@2cae1092]
?[2m2019-02-19 22:24:33.363?[0;39m ?[32mDEBUG?[0;39m ?[35m21075?[0;39m ?[2m---?[0;39m ?[2m[    Test worker]?[0;39m ?[36mo.h.type.spi.TypeConfiguration$Scope    ?[0;39m ?[2m:?[0;39m Scoping TypeConfiguration [org.hibernate.type.spi.TypeConfiguration@723c8ec2] to SessionFactoryImpl [org.hibernate.internal.SessionFactoryImpl@32236673]
Hibernate: 
    
    drop table course if exists
Hibernate: 
    
    drop table passport if exists
Hibernate: 
    
    drop table review if exists
Hibernate: 
    
    drop table student if exists
Hibernate: 
    
    drop table student_courses if exists
Hibernate: 
    
    drop sequence if exists hibernate_sequence
Hibernate: create sequence hibernate_sequence start with 1 increment by 1
Hibernate: 
    
    create table course (
       id bigint not null,
        name varchar(255),
        primary key (id)
    )
Hibernate: 
    
    create table passport (
       id bigint not null,
        number varchar(255) not null,
        primary key (id)
    )
Hibernate: 
    
    create table review (
       id bigint not null,
        description varchar(255),
        rating varchar(255),
        course_id bigint,
        primary key (id)
    )
Hibernate: 
    
    create table student (
       id bigint not null,
        name varchar(255),
        passport_id bigint,
        primary key (id)
    )
Hibernate: 
    
    create table student_courses (
       students_id bigint not null,
        courses_id bigint not null
    )
Hibernate: 
    
    alter table review 
       add constraint FKprox8elgnr8u5wrq1983degk 
       foreign key (course_id) 
       references course
Hibernate: 
    
    alter table student 
       add constraint FK6i2dofwfuu97njtfprqv68pib 
       foreign key (passport_id) 
       references passport
Hibernate: 
    
    alter table student_courses 
       add constraint FKlwviiijdg10oc2ui4yl7adh1o 
       foreign key (courses_id) 
       references course
Hibernate: 
    
    alter table student_courses 
       add constraint FKrgo64lg01pxfwq2x9753jgywc 
       foreign key (students_id) 
       references student
?[2m2019-02-19 22:24:33.926?[0;39m ?[32m INFO?[0;39m ?[35m21075?[0;39m ?[2m---?[0;39m ?[2m[    Test worker]?[0;39m ?[36mo.h.t.schema.internal.SchemaCreatorImpl ?[0;39m ?[2m:?[0;39m HHH000476: Executing import script 'org.hibernate.tool.schema.internal.exec.ScriptSourceInputNonExistentImpl@68d7438d'
?[2m2019-02-19 22:24:33.928?[0;39m ?[32mTRACE?[0;39m ?[35m21075?[0;39m ?[2m---?[0;39m ?[2m[    Test worker]?[0;39m ?[36mo.h.type.spi.TypeConfiguration$Scope    ?[0;39m ?[2m:?[0;39m Handling #sessionFactoryCreated from [org.hibernate.internal.SessionFactoryImpl@32236673] for TypeConfiguration
?[2m2019-02-19 22:24:33.930?[0;39m ?[32m INFO?[0;39m ?[35m21075?[0;39m ?[2m---?[0;39m ?[2m[    Test worker]?[0;39m ?[36mj.LocalContainerEntityManagerFactoryBean?[0;39m ?[2m:?[0;39m Initialized JPA EntityManagerFactory for persistence unit 'default'
?[2m2019-02-19 22:24:33.935?[0;39m ?[32mDEBUG?[0;39m ?[35m21075?[0;39m ?[2m---?[0;39m ?[2m[    Test worker]?[0;39m ?[36mo.s.jdbc.datasource.DataSourceUtils     ?[0;39m ?[2m:?[0;39m Fetching JDBC Connection from DataSource
?[2m2019-02-19 22:24:33.937?[0;39m ?[32mDEBUG?[0;39m ?[35m21075?[0;39m ?[2m---?[0;39m ?[2m[    Test worker]?[0;39m ?[36mo.s.jdbc.datasource.DataSourceUtils     ?[0;39m ?[2m:?[0;39m Fetching JDBC Connection from DataSource
?[2m2019-02-19 22:24:33.939?[0;39m ?[32mDEBUG?[0;39m ?[35m21075?[0;39m ?[2m---?[0;39m ?[2m[    Test worker]?[0;39m ?[36mo.s.jdbc.datasource.DataSourceUtils     ?[0;39m ?[2m:?[0;39m Fetching JDBC Connection from DataSource
?[2m2019-02-19 22:24:33.942?[0;39m ?[32mDEBUG?[0;39m ?[35m21075?[0;39m ?[2m---?[0;39m ?[2m[    Test worker]?[0;39m ?[36mo.s.jdbc.datasource.init.ScriptUtils    ?[0;39m ?[2m:?[0;39m Executing SQL script from URL [file:/home/icy/source/java/spring-masterclass/data-persistence/04_hibernate_relationships/build/resources/main/data.sql]
?[2m2019-02-19 22:24:33.944?[0;39m ?[32mDEBUG?[0;39m ?[35m21075?[0;39m ?[2m---?[0;39m ?[2m[    Test worker]?[0;39m ?[36mo.s.jdbc.datasource.init.ScriptUtils    ?[0;39m ?[2m:?[0;39m 1 returned as update count for SQL: insert into course (id, name) values (1, 'How to be wild')
?[2m2019-02-19 22:24:33.945?[0;39m ?[32mDEBUG?[0;39m ?[35m21075?[0;39m ?[2m---?[0;39m ?[2m[    Test worker]?[0;39m ?[36mo.s.jdbc.datasource.init.ScriptUtils    ?[0;39m ?[2m:?[0;39m 1 returned as update count for SQL: insert into course (id, name) values (2, 'Meany Kitty')
?[2m2019-02-19 22:24:33.946?[0;39m ?[32mDEBUG?[0;39m ?[35m21075?[0;39m ?[2m---?[0;39m ?[2m[    Test worker]?[0;39m ?[36mo.s.jdbc.datasource.init.ScriptUtils    ?[0;39m ?[2m:?[0;39m 1 returned as update count for SQL: insert into course (id, name) values (3, 'Kachao-ow')
?[2m2019-02-19 22:24:33.946?[0;39m ?[32mDEBUG?[0;39m ?[35m21075?[0;39m ?[2m---?[0;39m ?[2m[    Test worker]?[0;39m ?[36mo.s.jdbc.datasource.init.ScriptUtils    ?[0;39m ?[2m:?[0;39m 1 returned as update count for SQL: insert into passport (id, number) values (100, 'N2001020')
?[2m2019-02-19 22:24:33.947?[0;39m ?[32mDEBUG?[0;39m ?[35m21075?[0;39m ?[2m---?[0;39m ?[2m[    Test worker]?[0;39m ?[36mo.s.jdbc.datasource.init.ScriptUtils    ?[0;39m ?[2m:?[0;39m 1 returned as update count for SQL: insert into passport (id, number) values (102, 'P4011029')
?[2m2019-02-19 22:24:33.948?[0;39m ?[32mDEBUG?[0;39m ?[35m21075?[0;39m ?[2m---?[0;39m ?[2m[    Test worker]?[0;39m ?[36mo.s.jdbc.datasource.init.ScriptUtils    ?[0;39m ?[2m:?[0;39m 1 returned as update count for SQL: insert into passport (id, number) values (103, 'S8061024')
?[2m2019-02-19 22:24:33.950?[0;39m ?[32mDEBUG?[0;39m ?[35m21075?[0;39m ?[2m---?[0;39m ?[2m[    Test worker]?[0;39m ?[36mo.s.jdbc.datasource.init.ScriptUtils    ?[0;39m ?[2m:?[0;39m 1 returned as update count for SQL: insert into student (id, name, passport_id) values (100, 'Fae', 100)
?[2m2019-02-19 22:24:33.951?[0;39m ?[32mDEBUG?[0;39m ?[35m21075?[0;39m ?[2m---?[0;39m ?[2m[    Test worker]?[0;39m ?[36mo.s.jdbc.datasource.init.ScriptUtils    ?[0;39m ?[2m:?[0;39m 1 returned as update count for SQL: insert into student (id, name, passport_id) values (102, 'Ada', 102)
?[2m2019-02-19 22:24:33.952?[0;39m ?[32mDEBUG?[0;39m ?[35m21075?[0;39m ?[2m---?[0;39m ?[2m[    Test worker]?[0;39m ?[36mo.s.jdbc.datasource.init.ScriptUtils    ?[0;39m ?[2m:?[0;39m 1 returned as update count for SQL: insert into student (id, name, passport_id) values (103, 'Leon', 103)
?[2m2019-02-19 22:24:33.953?[0;39m ?[32mDEBUG?[0;39m ?[35m21075?[0;39m ?[2m---?[0;39m ?[2m[    Test worker]?[0;39m ?[36mo.s.jdbc.datasource.init.ScriptUtils    ?[0;39m ?[2m:?[0;39m 1 returned as update count for SQL: insert into review (id, rating, description, course_id) values (100, '3', 'What a performance', 1)
?[2m2019-02-19 22:24:33.954?[0;39m ?[32mDEBUG?[0;39m ?[35m21075?[0;39m ?[2m---?[0;39m ?[2m[    Test worker]?[0;39m ?[36mo.s.jdbc.datasource.init.ScriptUtils    ?[0;39m ?[2m:?[0;39m 1 returned as update count for SQL: insert into review (id, rating, description, course_id) values (102, '5', 'Awestruck', 1)
?[2m2019-02-19 22:24:33.954?[0;39m ?[32mDEBUG?[0;39m ?[35m21075?[0;39m ?[2m---?[0;39m ?[2m[    Test worker]?[0;39m ?[36mo.s.jdbc.datasource.init.ScriptUtils    ?[0;39m ?[2m:?[0;39m 1 returned as update count for SQL: insert into review (id, rating, description, course_id) values (103, '1', 'I want my money back ! I got doped !!', 3)
?[2m2019-02-19 22:24:33.955?[0;39m ?[32mDEBUG?[0;39m ?[35m21075?[0;39m ?[2m---?[0;39m ?[2m[    Test worker]?[0;39m ?[36mo.s.jdbc.datasource.init.ScriptUtils    ?[0;39m ?[2m:?[0;39m Executed SQL script from URL [file:/home/icy/source/java/spring-masterclass/data-persistence/04_hibernate_relationships/build/resources/main/data.sql] in 13 ms.
?[2m2019-02-19 22:24:33.955?[0;39m ?[32mDEBUG?[0;39m ?[35m21075?[0;39m ?[2m---?[0;39m ?[2m[    Test worker]?[0;39m ?[36mo.s.b.f.s.DefaultListableBeanFactory    ?[0;39m ?[2m:?[0;39m Creating shared instance of singleton bean 'dataPersistenceApplication'
?[2m2019-02-19 22:24:33.962?[0;39m ?[32mDEBUG?[0;39m ?[35m21075?[0;39m ?[2m---?[0;39m ?[2m[    Test worker]?[0;39m ?[36mo.s.b.f.s.DefaultListableBeanFactory    ?[0;39m ?[2m:?[0;39m Creating shared instance of singleton bean 'studentRepository'
?[2m2019-02-19 22:24:33.965?[0;39m ?[32mDEBUG?[0;39m ?[35m21075?[0;39m ?[2m---?[0;39m ?[2m[    Test worker]?[0;39m ?[36mo.s.b.f.s.DefaultListableBeanFactory    ?[0;39m ?[2m:?[0;39m Creating shared instance of singleton bean 'org.springframework.orm.jpa.SharedEntityManagerCreator#0'
?[2m2019-02-19 22:24:34.032?[0;39m ?[32mDEBUG?[0;39m ?[35m21075?[0;39m ?[2m---?[0;39m ?[2m[    Test worker]?[0;39m ?[36mo.s.b.f.s.DefaultListableBeanFactory    ?[0;39m ?[2m:?[0;39m Creating shared instance of singleton bean 'org.springframework.boot.autoconfigure.context.PropertyPlaceholderAutoConfiguration'
?[2m2019-02-19 22:24:34.038?[0;39m ?[32mDEBUG?[0;39m ?[35m21075?[0;39m ?[2m---?[0;39m ?[2m[    Test worker]?[0;39m ?[36mo.s.b.f.s.DefaultListableBeanFactory    ?[0;39m ?[2m:?[0;39m Creating shared instance of singleton bean 'org.springframework.boot.autoconfigure.websocket.servlet.WebSocketServletAutoConfiguration$TomcatWebSocketConfiguration'
?[2m2019-02-19 22:24:34.043?[0;39m ?[32mDEBUG?[0;39m ?[35m21075?[0;39m ?[2m---?[0;39m ?[2m[    Test worker]?[0;39m ?[36mo.s.b.f.s.DefaultListableBeanFactory    ?[0;39m ?[2m:?[0;39m Creating shared instance of singleton bean 'websocketServletWebServerCustomizer'
?[2m2019-02-19 22:24:34.056?[0;39m ?[32mDEBUG?[0;39m ?[35m21075?[0;39m ?[2m---?[0;39m ?[2m[    Test worker]?[0;39m ?[36mo.s.b.f.s.DefaultListableBeanFactory    ?[0;39m ?[2m:?[0;39m Creating shared instance of singleton bean 'org.springframework.boot.autoconfigure.websocket.servlet.WebSocketServletAutoConfiguration'
?[2m2019-02-19 22:24:34.062?[0;39m ?[32mDEBUG?[0;39m ?[35m21075?[0;39m ?[2m---?[0;39m ?[2m[    Test worker]?[0;39m ?[36mo.s.b.f.s.DefaultListableBeanFactory    ?[0;39m ?[2m:?[0;39m Creating shared instance of singleton bean 'org.springframework.boot.autoconfigure.web.servlet.ServletWebServerFactoryConfiguration$EmbeddedTomcat'
?[2m2019-02-19 22:24:34.067?[0;39m ?[32mDEBUG?[0;39m ?[35m21075?[0;39m ?[2m---?[0;39m ?[2m[    Test worker]?[0;39m ?[36mo.s.b.f.s.DefaultListableBeanFactory    ?[0;39m ?[2m:?[0;39m Creating shared instance of singleton bean 'tomcatServletWebServerFactory'
?[2m2019-02-19 22:24:34.124?[0;39m ?[32mDEBUG?[0;39m ?[35m21075?[0;39m ?[2m---?[0;39m ?[2m[    Test worker]?[0;39m ?[36mo.s.b.f.s.DefaultListableBeanFactory    ?[0;39m ?[2m:?[0;39m Creating shared instance of singleton bean 'servletWebServerFactoryCustomizer'
?[2m2019-02-19 22:24:34.125?[0;39m ?[32mDEBUG?[0;39m ?[35m21075?[0;39m ?[2m---?[0;39m ?[2m[    Test worker]?[0;39m ?[36mo.s.b.f.s.DefaultListableBeanFactory    ?[0;39m ?[2m:?[0;39m Creating shared instance of singleton bean 'org.springframework.boot.autoconfigure.web.servlet.ServletWebServerFactoryAutoConfiguration'
?[2m2019-02-19 22:24:34.141?[0;39m ?[32mDEBUG?[0;39m ?[35m21075?[0;39m ?[2m---?[0;39m ?[2m[    Test worker]?[0;39m ?[36mo.s.b.f.s.DefaultListableBeanFactory    ?[0;39m ?[2m:?[0;39m Creating shared instance of singleton bean 'server-org.springframework.boot.autoconfigure.web.ServerProperties'
?[2m2019-02-19 22:24:34.163?[0;39m ?[32mDEBUG?[0;39m ?[35m21075?[0;39m ?[2m---?[0;39m ?[2m[    Test worker]?[0;39m ?[36mo.s.b.f.s.DefaultListableBeanFactory    ?[0;39m ?[2m:?[0;39m Autowiring by type from bean name 'servletWebServerFactoryCustomizer' via factory method to bean named 'server-org.springframework.boot.autoconfigure.web.ServerProperties'
?[2m2019-02-19 22:24:34.173?[0;39m ?[32mDEBUG?[0;39m ?[35m21075?[0;39m ?[2m---?[0;39m ?[2m[    Test worker]?[0;39m ?[36mo.s.b.f.s.DefaultListableBeanFactory    ?[0;39m ?[2m:?[0;39m Creating shared instance of singleton bean 'tomcatServletWebServerFactoryCustomizer'
?[2m2019-02-19 22:24:34.174?[0;39m ?[32mDEBUG?[0;39m ?[35m21075?[0;39m ?[2m---?[0;39m ?[2m[    Test worker]?[0;39m ?[36mo.s.b.f.s.DefaultListableBeanFactory    ?[0;39m ?[2m:?[0;39m Autowiring by type from bean name 'tomcatServletWebServerFactoryCustomizer' via factory method to bean named 'server-org.springframework.boot.autoconfigure.web.ServerProperties'
?[2m2019-02-19 22:24:34.178?[0;39m ?[32mDEBUG?[0;39m ?[35m21075?[0;39m ?[2m---?[0;39m ?[2m[    Test worker]?[0;39m ?[36mo.s.b.f.s.DefaultListableBeanFactory    ?[0;39m ?[2m:?[0;39m Creating shared instance of singleton bean 'tomcatWebServerFactoryCustomizer'
?[2m2019-02-19 22:24:34.178?[0;39m ?[32mDEBUG?[0;39m ?[35m21075?[0;39m ?[2m---?[0;39m ?[2m[    Test worker]?[0;39m ?[36mo.s.b.f.s.DefaultListableBeanFactory    ?[0;39m ?[2m:?[0;39m Creating shared instance of singleton bean 'org.springframework.boot.autoconfigure.web.embedded.EmbeddedWebServerFactoryCustomizerAutoConfiguration$TomcatWebServerFactoryCustomizerConfiguration'
?[2m2019-02-19 22:24:34.186?[0;39m ?[32mDEBUG?[0;39m ?[35m21075?[0;39m ?[2m---?[0;39m ?[2m[    Test worker]?[0;39m ?[36mo.s.b.f.s.DefaultListableBeanFactory    ?[0;39m ?[2m:?[0;39m Autowiring by type from bean name 'tomcatWebServerFactoryCustomizer' via factory method to bean named 'environment'
?[2m2019-02-19 22:24:34.187?[0;39m ?[32mDEBUG?[0;39m ?[35m21075?[0;39m ?[2m---?[0;39m ?[2m[    Test worker]?[0;39m ?[36mo.s.b.f.s.DefaultListableBeanFactory    ?[0;39m ?[2m:?[0;39m Autowiring by type from bean name 'tomcatWebServerFactoryCustomizer' via factory method to bean named 'server-org.springframework.boot.autoconfigure.web.ServerProperties'
?[2m2019-02-19 22:24:34.197?[0;39m ?[32mDEBUG?[0;39m ?[35m21075?[0;39m ?[2m---?[0;39m ?[2m[    Test worker]?[0;39m ?[36mo.s.b.f.s.DefaultListableBeanFactory    ?[0;39m ?[2m:?[0;39m Creating shared instance of singleton bean 'localeCharsetMappingsCustomizer'
?[2m2019-02-19 22:24:34.198?[0;39m ?[32mDEBUG?[0;39m ?[35m21075?[0;39m ?[2m---?[0;39m ?[2m[    Test worker]?[0;39m ?[36mo.s.b.f.s.DefaultListableBeanFactory    ?[0;39m ?[2m:?[0;39m Creating shared instance of singleton bean 'org.springframework.boot.autoconfigure.web.servlet.HttpEncodingAutoConfiguration'
?[2m2019-02-19 22:24:34.198?[0;39m ?[32mDEBUG?[0;39m ?[35m21075?[0;39m ?[2m---?[0;39m ?[2m[    Test worker]?[0;39m ?[36mocalVariableTableParameterNameDiscoverer?[0;39m ?[2m:?[0;39m Cannot find '.class' file for class [class org.springframework.boot.autoconfigure.web.servlet.HttpEncodingAutoConfiguration$$EnhancerBySpringCGLIB$$54dcb590] - unable to determine constructor/method parameter names
?[2m2019-02-19 22:24:34.201?[0;39m ?[32mDEBUG?[0;39m ?[35m21075?[0;39m ?[2m---?[0;39m ?[2m[    Test worker]?[0;39m ?[36mo.s.b.f.s.DefaultListableBeanFactory    ?[0;39m ?[2m:?[0;39m Creating shared instance of singleton bean 'spring.http-org.springframework.boot.autoconfigure.http.HttpProperties'
?[2m2019-02-19 22:24:34.204?[0;39m ?[32mDEBUG?[0;39m ?[35m21075?[0;39m ?[2m---?[0;39m ?[2m[    Test worker]?[0;39m ?[36mo.s.b.f.s.DefaultListableBeanFactory    ?[0;39m ?[2m:?[0;39m Autowiring by type from bean name 'org.springframework.boot.autoconfigure.web.servlet.HttpEncodingAutoConfiguration' via constructor to bean named 'spring.http-org.springframework.boot.autoconfigure.http.HttpProperties'
?[2m2019-02-19 22:24:34.272?[0;39m ?[32mDEBUG?[0;39m ?[35m21075?[0;39m ?[2m---?[0;39m ?[2m[    Test worker]?[0;39m ?[36mo.s.b.f.s.DefaultListableBeanFactory    ?[0;39m ?[2m:?[0;39m Creating shared instance of singleton bean 'errorPageCustomizer'
?[2m2019-02-19 22:24:34.273?[0;39m ?[32mDEBUG?[0;39m ?[35m21075?[0;39m ?[2m---?[0;39m ?[2m[    Test worker]?[0;39m ?[36mo.s.b.f.s.DefaultListableBeanFactory    ?[0;39m ?[2m:?[0;39m Creating shared instance of singleton bean 'org.springframework.boot.autoconfigure.web.servlet.error.ErrorMvcAutoConfiguration'
?[2m2019-02-19 22:24:34.274?[0;39m ?[32mDEBUG?[0;39m ?[35m21075?[0;39m ?[2m---?[0;39m ?[2m[    Test worker]?[0;39m ?[36mocalVariableTableParameterNameDiscoverer?[0;39m ?[2m:?[0;39m Cannot find '.class' file for class [class org.springframework.boot.autoconfigure.web.servlet.error.ErrorMvcAutoConfiguration$$EnhancerBySpringCGLIB$$ad340473] - unable to determine constructor/method parameter names
?[2m2019-02-19 22:24:34.278?[0;39m ?[32mDEBUG?[0;39m ?[35m21075?[0;39m ?[2m---?[0;39m ?[2m[    Test worker]?[0;39m ?[36mo.s.b.f.s.DefaultListableBeanFactory    ?[0;39m ?[2m:?[0;39m Creating shared instance of singleton bean 'dispatcherServletRegistration'
?[2m2019-02-19 22:24:34.279?[0;39m ?[32mDEBUG?[0;39m ?[35m21075?[0;39m ?[2m---?[0;39m ?[2m[    Test worker]?[0;39m ?[36mo.s.b.f.s.DefaultListableBeanFactory    ?[0;39m ?[2m:?[0;39m Creating shared instance of singleton bean 'org.springframework.boot.autoconfigure.web.servlet.DispatcherServletAutoConfiguration$DispatcherServletRegistrationConfiguration'
?[2m2019-02-19 22:24:34.280?[0;39m ?[32mDEBUG?[0;39m ?[35m21075?[0;39m ?[2m---?[0;39m ?[2m[    Test worker]?[0;39m ?[36mocalVariableTableParameterNameDiscoverer?[0;39m ?[2m:?[0;39m Cannot find '.class' file for class [class org.springframework.boot.autoconfigure.web.servlet.DispatcherServletAutoConfiguration$DispatcherServletRegistrationConfiguration$$EnhancerBySpringCGLIB$$338f235e] - unable to determine constructor/method parameter names
?[2m2019-02-19 22:24:34.284?[0;39m ?[32mDEBUG?[0;39m ?[35m21075?[0;39m ?[2m---?[0;39m ?[2m[    Test worker]?[0;39m ?[36mo.s.b.f.s.DefaultListableBeanFactory    ?[0;39m ?[2m:?[0;39m Creating shared instance of singleton bean 'spring.mvc-org.springframework.boot.autoconfigure.web.servlet.WebMvcProperties'
?[2m2019-02-19 22:24:34.290?[0;39m ?[32mDEBUG?[0;39m ?[35m21075?[0;39m ?[2m---?[0;39m ?[2m[    Test worker]?[0;39m ?[36mo.s.b.f.s.DefaultListableBeanFactory    ?[0;39m ?[2m:?[0;39m Autowiring by type from bean name 'org.springframework.boot.autoconfigure.web.servlet.DispatcherServletAutoConfiguration$DispatcherServletRegistrationConfiguration' via constructor to bean named 'spring.mvc-org.springframework.boot.autoconfigure.web.servlet.WebMvcProperties'
?[2m2019-02-19 22:24:34.292?[0;39m ?[32mDEBUG?[0;39m ?[35m21075?[0;39m ?[2m---?[0;39m ?[2m[    Test worker]?[0;39m ?[36mo.s.b.f.s.DefaultListableBeanFactory    ?[0;39m ?[2m:?[0;39m Creating shared instance of singleton bean 'multipartConfigElement'
?[2m2019-02-19 22:24:34.293?[0;39m ?[32mDEBUG?[0;39m ?[35m21075?[0;39m ?[2m---?[0;39m ?[2m[    Test worker]?[0;39m ?[36mo.s.b.f.s.DefaultListableBeanFactory    ?[0;39m ?[2m:?[0;39m Creating shared instance of singleton bean 'org.springframework.boot.autoconfigure.web.servlet.MultipartAutoConfiguration'
?[2m2019-02-19 22:24:34.294?[0;39m ?[32mDEBUG?[0;39m ?[35m21075?[0;39m ?[2m---?[0;39m ?[2m[    Test worker]?[0;39m ?[36mocalVariableTableParameterNameDiscoverer?[0;39m ?[2m:?[0;39m Cannot find '.class' file for class [class org.springframework.boot.autoconfigure.web.servlet.MultipartAutoConfiguration$$EnhancerBySpringCGLIB$$c3cd3d9d] - unable to determine constructor/method parameter names
?[2m2019-02-19 22:24:34.296?[0;39m ?[32mDEBUG?[0;39m ?[35m21075?[0;39m ?[2m---?[0;39m ?[2m[    Test worker]?[0;39m ?[36mo.s.b.f.s.DefaultListableBeanFactory    ?[0;39m ?[2m:?[0;39m Creating shared instance of singleton bean 'spring.servlet.multipart-org.springframework.boot.autoconfigure.web.servlet.MultipartProperties'
?[2m2019-02-19 22:24:34.303?[0;39m ?[32mDEBUG?[0;39m ?[35m21075?[0;39m ?[2m---?[0;39m ?[2m[    Test worker]?[0;39m ?[36mo.s.b.f.s.DefaultListableBeanFactory    ?[0;39m ?[2m:?[0;39m Autowiring by type from bean name 'org.springframework.boot.autoconfigure.web.servlet.MultipartAutoConfiguration' via constructor to bean named 'spring.servlet.multipart-org.springframework.boot.autoconfigure.web.servlet.MultipartProperties'
?[2m2019-02-19 22:24:34.327?[0;39m ?[32mDEBUG?[0;39m ?[35m21075?[0;39m ?[2m---?[0;39m ?[2m[    Test worker]?[0;39m ?[36mo.s.b.f.s.DefaultListableBeanFactory    ?[0;39m ?[2m:?[0;39m Creating shared instance of singleton bean 'dispatcherServlet'
?[2m2019-02-19 22:24:34.328?[0;39m ?[32mDEBUG?[0;39m ?[35m21075?[0;39m ?[2m---?[0;39m ?[2m[    Test worker]?[0;39m ?[36mo.s.b.f.s.DefaultListableBeanFactory    ?[0;39m ?[2m:?[0;39m Creating shared instance of singleton bean 'org.springframework.boot.autoconfigure.web.servlet.DispatcherServletAutoConfiguration$DispatcherServletConfiguration'
?[2m2019-02-19 22:24:34.329?[0;39m ?[32mDEBUG?[0;39m ?[35m21075?[0;39m ?[2m---?[0;39m ?[2m[    Test worker]?[0;39m ?[36mocalVariableTableParameterNameDiscoverer?[0;39m ?[2m:?[0;39m Cannot find '.class' file for class [class org.springframework.boot.autoconfigure.web.servlet.DispatcherServletAutoConfiguration$DispatcherServletConfiguration$$EnhancerBySpringCGLIB$$d1878eb7] - unable to determine constructor/method parameter names
?[2m2019-02-19 22:24:34.330?[0;39m ?[32mDEBUG?[0;39m ?[35m21075?[0;39m ?[2m---?[0;39m ?[2m[    Test worker]?[0;39m ?[36mo.s.b.f.s.DefaultListableBeanFactory    ?[0;39m ?[2m:?[0;39m Autowiring by type from bean name 'org.springframework.boot.autoconfigure.web.servlet.DispatcherServletAutoConfiguration$DispatcherServletConfiguration' via constructor to bean named 'spring.http-org.springframework.boot.autoconfigure.http.HttpProperties'
?[2m2019-02-19 22:24:34.330?[0;39m ?[32mDEBUG?[0;39m ?[35m21075?[0;39m ?[2m---?[0;39m ?[2m[    Test worker]?[0;39m ?[36mo.s.b.f.s.DefaultListableBeanFactory    ?[0;39m ?[2m:?[0;39m Autowiring by type from bean name 'org.springframework.boot.autoconfigure.web.servlet.DispatcherServletAutoConfiguration$DispatcherServletConfiguration' via constructor to bean named 'spring.mvc-org.springframework.boot.autoconfigure.web.servlet.WebMvcProperties'
?[2m2019-02-19 22:24:34.381?[0;39m ?[32mDEBUG?[0;39m ?[35m21075?[0;39m ?[2m---?[0;39m ?[2m[    Test worker]?[0;39m ?[36mo.s.b.f.s.DefaultListableBeanFactory    ?[0;39m ?[2m:?[0;39m Autowiring by type from bean name 'dispatcherServletRegistration' via factory method to bean named 'dispatcherServlet'
?[2m2019-02-19 22:24:34.402?[0;39m ?[32mDEBUG?[0;39m ?[35m21075?[0;39m ?[2m---?[0;39m ?[2m[    Test worker]?[0;39m ?[36mo.s.b.f.s.DefaultListableBeanFactory    ?[0;39m ?[2m:?[0;39m Autowiring by type from bean name 'org.springframework.boot.autoconfigure.web.servlet.error.ErrorMvcAutoConfiguration' via constructor to bean named 'server-org.springframework.boot.autoconfigure.web.ServerProperties'
?[2m2019-02-19 22:24:34.402?[0;39m ?[32mDEBUG?[0;39m ?[35m21075?[0;39m ?[2m---?[0;39m ?[2m[    Test worker]?[0;39m ?[36mo.s.b.f.s.DefaultListableBeanFactory    ?[0;39m ?[2m:?[0;39m Autowiring by type from bean name 'org.springframework.boot.autoconfigure.web.servlet.error.ErrorMvcAutoConfiguration' via constructor to bean named 'dispatcherServletRegistration'
?[2m2019-02-19 22:24:34.404?[0;39m ?[32mDEBUG?[0;39m ?[35m21075?[0;39m ?[2m---?[0;39m ?[2m[    Test worker]?[0;39m ?[36mo.s.b.f.s.DefaultListableBeanFactory    ?[0;39m ?[2m:?[0;39m Creating shared instance of singleton bean 'conventionErrorViewResolver'
?[2m2019-02-19 22:24:34.404?[0;39m ?[32mDEBUG?[0;39m ?[35m21075?[0;39m ?[2m---?[0;39m ?[2m[    Test worker]?[0;39m ?[36mo.s.b.f.s.DefaultListableBeanFactory    ?[0;39m ?[2m:?[0;39m Creating shared instance of singleton bean 'org.springframework.boot.autoconfigure.web.servlet.error.ErrorMvcAutoConfiguration$DefaultErrorViewResolverConfiguration'
?[2m2019-02-19 22:24:34.405?[0;39m ?[32mDEBUG?[0;39m ?[35m21075?[0;39m ?[2m---?[0;39m ?[2m[    Test worker]?[0;39m ?[36mocalVariableTableParameterNameDiscoverer?[0;39m ?[2m:?[0;39m Cannot find '.class' file for class [class org.springframework.boot.autoconfigure.web.servlet.error.ErrorMvcAutoConfiguration$DefaultErrorViewResolverConfiguration$$EnhancerBySpringCGLIB$$c1c8d913] - unable to determine constructor/method parameter names
?[2m2019-02-19 22:24:34.409?[0;39m ?[32mDEBUG?[0;39m ?[35m21075?[0;39m ?[2m---?[0;39m ?[2m[    Test worker]?[0;39m ?[36mo.s.b.f.s.DefaultListableBeanFactory    ?[0;39m ?[2m:?[0;39m Creating shared instance of singleton bean 'spring.resources-org.springframework.boot.autoconfigure.web.ResourceProperties'
?[2m2019-02-19 22:24:34.416?[0;39m ?[32mDEBUG?[0;39m ?[35m21075?[0;39m ?[2m---?[0;39m ?[2m[    Test worker]?[0;39m ?[36mo.s.b.f.s.DefaultListableBeanFactory    ?[0;39m ?[2m:?[0;39m Autowiring by type from bean name 'org.springframework.boot.autoconfigure.web.servlet.error.ErrorMvcAutoConfiguration$DefaultErrorViewResolverConfiguration' via constructor to bean named 'org.springframework.web.context.support.GenericWebApplicationContext@54a905f8'
?[2m2019-02-19 22:24:34.417?[0;39m ?[32mDEBUG?[0;39m ?[35m21075?[0;39m ?[2m---?[0;39m ?[2m[    Test worker]?[0;39m ?[36mo.s.b.f.s.DefaultListableBeanFactory    ?[0;39m ?[2m:?[0;39m Autowiring by type from bean name 'org.springframework.boot.autoconfigure.web.servlet.error.ErrorMvcAutoConfiguration$DefaultErrorViewResolverConfiguration' via constructor to bean named 'spring.resources-org.springframework.boot.autoconfigure.web.ResourceProperties'
?[2m2019-02-19 22:24:34.448?[0;39m ?[32mDEBUG?[0;39m ?[35m21075?[0;39m ?[2m---?[0;39m ?[2m[    Test worker]?[0;39m ?[36mo.s.b.f.s.DefaultListableBeanFactory    ?[0;39m ?[2m:?[0;39m Creating shared instance of singleton bean 'org.springframework.boot.autoconfigure.web.servlet.DispatcherServletAutoConfiguration'
?[2m2019-02-19 22:24:34.454?[0;39m ?[32mDEBUG?[0;39m ?[35m21075?[0;39m ?[2m---?[0;39m ?[2m[    Test worker]?[0;39m ?[36mo.s.b.f.s.DefaultListableBeanFactory    ?[0;39m ?[2m:?[0;39m Creating shared instance of singleton bean 'org.springframework.boot.autoconfigure.task.TaskExecutionAutoConfiguration'
?[2m2019-02-19 22:24:34.455?[0;39m ?[32mDEBUG?[0;39m ?[35m21075?[0;39m ?[2m---?[0;39m ?[2m[    Test worker]?[0;39m ?[36mocalVariableTableParameterNameDiscoverer?[0;39m ?[2m:?[0;39m Cannot find '.class' file for class [class org.springframework.boot.autoconfigure.task.TaskExecutionAutoConfiguration$$EnhancerBySpringCGLIB$$d2797c4] - unable to determine constructor/method parameter names
?[2m2019-02-19 22:24:34.458?[0;39m ?[32mDEBUG?[0;39m ?[35m21075?[0;39m ?[2m---?[0;39m ?[2m[    Test worker]?[0;39m ?[36mo.s.b.f.s.DefaultListableBeanFactory    ?[0;39m ?[2m:?[0;39m Creating shared instance of singleton bean 'spring.task.execution-org.springframework.boot.autoconfigure.task.TaskExecutionProperties'
?[2m2019-02-19 22:24:34.461?[0;39m ?[32mDEBUG?[0;39m ?[35m21075?[0;39m ?[2m---?[0;39m ?[2m[    Test worker]?[0;39m ?[36mo.s.b.f.s.DefaultListableBeanFactory    ?[0;39m ?[2m:?[0;39m Autowiring by type from bean name 'org.springframework.boot.autoconfigure.task.TaskExecutionAutoConfiguration' via constructor to bean named 'spring.task.execution-org.springframework.boot.autoconfigure.task.TaskExecutionProperties'
?[2m2019-02-19 22:24:34.466?[0;39m ?[32mDEBUG?[0;39m ?[35m21075?[0;39m ?[2m---?[0;39m ?[2m[    Test worker]?[0;39m ?[36mo.s.b.f.s.DefaultListableBeanFactory    ?[0;39m ?[2m:?[0;39m Creating shared instance of singleton bean 'taskExecutorBuilder'
?[2m2019-02-19 22:24:34.477?[0;39m ?[32mDEBUG?[0;39m ?[35m21075?[0;39m ?[2m---?[0;39m ?[2m[    Test worker]?[0;39m ?[36mo.s.b.f.s.DefaultListableBeanFactory    ?[0;39m ?[2m:?[0;39m Creating shared instance of singleton bean 'org.springframework.boot.autoconfigure.validation.ValidationAutoConfiguration'
?[2m2019-02-19 22:24:34.482?[0;39m ?[32mDEBUG?[0;39m ?[35m21075?[0;39m ?[2m---?[0;39m ?[2m[    Test worker]?[0;39m ?[36mo.s.b.f.s.DefaultListableBeanFactory    ?[0;39m ?[2m:?[0;39m Creating shared instance of singleton bean 'defaultValidator'
?[2m2019-02-19 22:24:34.515?[0;39m ?[32mDEBUG?[0;39m ?[35m21075?[0;39m ?[2m---?[0;39m ?[2m[    Test worker]?[0;39m ?[36mo.s.b.f.s.DefaultListableBeanFactory    ?[0;39m ?[2m:?[0;39m Creating shared instance of singleton bean 'org.springframework.boot.autoconfigure.web.servlet.error.ErrorMvcAutoConfiguration$WhitelabelErrorViewConfiguration'
?[2m2019-02-19 22:24:34.521?[0;39m ?[32mDEBUG?[0;39m ?[35m21075?[0;39m ?[2m---?[0;39m ?[2m[    Test worker]?[0;39m ?[36mo.s.b.f.s.DefaultListableBeanFactory    ?[0;39m ?[2m:?[0;39m Creating shared instance of singleton bean 'error'
?[2m2019-02-19 22:24:34.528?[0;39m ?[32mDEBUG?[0;39m ?[35m21075?[0;39m ?[2m---?[0;39m ?[2m[    Test worker]?[0;39m ?[36mo.s.b.f.s.DefaultListableBeanFactory    ?[0;39m ?[2m:?[0;39m Creating shared instance of singleton bean 'beanNameViewResolver'
?[2m2019-02-19 22:24:34.537?[0;39m ?[32mDEBUG?[0;39m ?[35m21075?[0;39m ?[2m---?[0;39m ?[2m[    Test worker]?[0;39m ?[36mo.s.b.f.s.DefaultListableBeanFactory    ?[0;39m ?[2m:?[0;39m Creating shared instance of singleton bean 'errorAttributes'
?[2m2019-02-19 22:24:34.543?[0;39m ?[32mDEBUG?[0;39m ?[35m21075?[0;39m ?[2m---?[0;39m ?[2m[    Test worker]?[0;39m ?[36mo.s.b.f.s.DefaultListableBeanFactory    ?[0;39m ?[2m:?[0;39m Creating shared instance of singleton bean 'basicErrorController'
?[2m2019-02-19 22:24:34.544?[0;39m ?[32mDEBUG?[0;39m ?[35m21075?[0;39m ?[2m---?[0;39m ?[2m[    Test worker]?[0;39m ?[36mo.s.b.f.s.DefaultListableBeanFactory    ?[0;39m ?[2m:?[0;39m Autowiring by type from bean name 'basicErrorController' via factory method to bean named 'errorAttributes'
?[2m2019-02-19 22:24:34.552?[0;39m ?[32mDEBUG?[0;39m ?[35m21075?[0;39m ?[2m---?[0;39m ?[2m[    Test worker]?[0;39m ?[36mo.s.b.f.s.DefaultListableBeanFactory    ?[0;39m ?[2m:?[0;39m Creating shared instance of singleton bean 'org.springframework.boot.autoconfigure.web.servlet.WebMvcAutoConfiguration$WebMvcAutoConfigurationAdapter$FaviconConfiguration'
?[2m2019-02-19 22:24:34.553?[0;39m ?[32mDEBUG?[0;39m ?[35m21075?[0;39m ?[2m---?[0;39m ?[2m[    Test worker]?[0;39m ?[36mocalVariableTableParameterNameDiscoverer?[0;39m ?[2m:?[0;39m Cannot find '.class' file for class [class org.springframework.boot.autoconfigure.web.servlet.WebMvcAutoConfiguration$WebMvcAutoConfigurationAdapter$FaviconConfiguration$$EnhancerBySpringCGLIB$$4ab62299] - unable to determine constructor/method parameter names
?[2m2019-02-19 22:24:34.553?[0;39m ?[32mDEBUG?[0;39m ?[35m21075?[0;39m ?[2m---?[0;39m ?[2m[    Test worker]?[0;39m ?[36mo.s.b.f.s.DefaultListableBeanFactory    ?[0;39m ?[2m:?[0;39m Autowiring by type from bean name 'org.springframework.boot.autoconfigure.web.servlet.WebMvcAutoConfiguration$WebMvcAutoConfigurationAdapter$FaviconConfiguration' via constructor to bean named 'spring.resources-org.springframework.boot.autoconfigure.web.ResourceProperties'
?[2m2019-02-19 22:24:34.559?[0;39m ?[32mDEBUG?[0;39m ?[35m21075?[0;39m ?[2m---?[0;39m ?[2m[    Test worker]?[0;39m ?[36mo.s.b.f.s.DefaultListableBeanFactory    ?[0;39m ?[2m:?[0;39m Creating shared instance of singleton bean 'faviconHandlerMapping'
?[2m2019-02-19 22:24:34.569?[0;39m ?[32mDEBUG?[0;39m ?[35m21075?[0;39m ?[2m---?[0;39m ?[2m[    Test worker]?[0;39m ?[36mo.s.b.f.s.DefaultListableBeanFactory    ?[0;39m ?[2m:?[0;39m Creating shared instance of singleton bean 'faviconRequestHandler'
?[2m2019-02-19 22:24:34.607?[0;39m ?[32mDEBUG?[0;39m ?[35m21075?[0;39m ?[2m---?[0;39m ?[2m[    Test worker]?[0;39m ?[36mo.s.w.s.handler.SimpleUrlHandlerMapping ?[0;39m ?[2m:?[0;39m Patterns [/**/favicon.ico] in 'faviconHandlerMapping'
?[2m2019-02-19 22:24:34.610?[0;39m ?[32mDEBUG?[0;39m ?[35m21075?[0;39m ?[2m---?[0;39m ?[2m[    Test worker]?[0;39m ?[36mo.s.b.f.s.DefaultListableBeanFactory    ?[0;39m ?[2m:?[0;39m Creating shared instance of singleton bean 'org.springframework.boot.autoconfigure.web.servlet.WebMvcAutoConfiguration$EnableWebMvcConfiguration'
?[2m2019-02-19 22:24:34.611?[0;39m ?[32mDEBUG?[0;39m ?[35m21075?[0;39m ?[2m---?[0;39m ?[2m[    Test worker]?[0;39m ?[36mocalVariableTableParameterNameDiscoverer?[0;39m ?[2m:?[0;39m Cannot find '.class' file for class [class org.springframework.boot.autoconfigure.web.servlet.WebMvcAutoConfiguration$EnableWebMvcConfiguration$$EnhancerBySpringCGLIB$$ec754f6e] - unable to determine constructor/method parameter names
?[2m2019-02-19 22:24:34.614?[0;39m ?[32mDEBUG?[0;39m ?[35m21075?[0;39m ?[2m---?[0;39m ?[2m[    Test worker]?[0;39m ?[36mo.s.b.f.s.DefaultListableBeanFactory    ?[0;39m ?[2m:?[0;39m Autowiring by type from bean name 'org.springframework.boot.autoconfigure.web.servlet.WebMvcAutoConfiguration$EnableWebMvcConfiguration' via constructor to bean named 'org.springframework.beans.factory.support.DefaultListableBeanFactory@1970efef'
?[2m2019-02-19 22:24:34.625?[0;39m ?[32mDEBUG?[0;39m ?[35m21075?[0;39m ?[2m---?[0;39m ?[2m[    Test worker]?[0;39m ?[36mo.s.b.f.s.DefaultListableBeanFactory    ?[0;39m ?[2m:?[0;39m Creating shared instance of singleton bean 'org.springframework.boot.autoconfigure.web.servlet.WebMvcAutoConfiguration$WebMvcAutoConfigurationAdapter'
?[2m2019-02-19 22:24:34.626?[0;39m ?[32mDEBUG?[0;39m ?[35m21075?[0;39m ?[2m---?[0;39m ?[2m[    Test worker]?[0;39m ?[36mocalVariableTableParameterNameDiscoverer?[0;39m ?[2m:?[0;39m Cannot find '.class' file for class [class org.springframework.boot.autoconfigure.web.servlet.WebMvcAutoConfiguration$WebMvcAutoConfigurationAdapter$$EnhancerBySpringCGLIB$$8e791a53] - unable to determine constructor/method parameter names
?[2m2019-02-19 22:24:34.627?[0;39m ?[32mDEBUG?[0;39m ?[35m21075?[0;39m ?[2m---?[0;39m ?[2m[    Test worker]?[0;39m ?[36mo.s.b.f.s.DefaultListableBeanFactory    ?[0;39m ?[2m:?[0;39m Autowiring by type from bean name 'org.springframework.boot.autoconfigure.web.servlet.WebMvcAutoConfiguration$WebMvcAutoConfigurationAdapter' via constructor to bean named 'spring.resources-org.springframework.boot.autoconfigure.web.ResourceProperties'
?[2m2019-02-19 22:24:34.627?[0;39m ?[32mDEBUG?[0;39m ?[35m21075?[0;39m ?[2m---?[0;39m ?[2m[    Test worker]?[0;39m ?[36mo.s.b.f.s.DefaultListableBeanFactory    ?[0;39m ?[2m:?[0;39m Autowiring by type from bean name 'org.springframework.boot.autoconfigure.web.servlet.WebMvcAutoConfiguration$WebMvcAutoConfigurationAdapter' via constructor to bean named 'spring.mvc-org.springframework.boot.autoconfigure.web.servlet.WebMvcProperties'
?[2m2019-02-19 22:24:34.627?[0;39m ?[32mDEBUG?[0;39m ?[35m21075?[0;39m ?[2m---?[0;39m ?[2m[    Test worker]?[0;39m ?[36mo.s.b.f.s.DefaultListableBeanFactory    ?[0;39m ?[2m:?[0;39m Autowiring by type from bean name 'org.springframework.boot.autoconfigure.web.servlet.WebMvcAutoConfiguration$WebMvcAutoConfigurationAdapter' via constructor to bean named 'org.springframework.beans.factory.support.DefaultListableBeanFactory@1970efef'
?[2m2019-02-19 22:24:34.636?[0;39m ?[32mDEBUG?[0;39m ?[35m21075?[0;39m ?[2m---?[0;39m ?[2m[    Test worker]?[0;39m ?[36mo.s.b.f.s.DefaultListableBeanFactory    ?[0;39m ?[2m:?[0;39m Creating shared instance of singleton bean 'org.springframework.boot.autoconfigure.orm.jpa.JpaBaseConfiguration$JpaWebConfiguration$JpaWebMvcConfiguration'
?[2m2019-02-19 22:24:34.637?[0;39m ?[32mDEBUG?[0;39m ?[35m21075?[0;39m ?[2m---?[0;39m ?[2m[    Test worker]?[0;39m ?[36mocalVariableTableParameterNameDiscoverer?[0;39m ?[2m:?[0;39m Cannot find '.class' file for class [class org.springframework.boot.autoconfigure.orm.jpa.JpaBaseConfiguration$JpaWebConfiguration$JpaWebMvcConfiguration$$EnhancerBySpringCGLIB$$cac30be6] - unable to determine constructor/method parameter names
?[2m2019-02-19 22:24:34.638?[0;39m ?[32mDEBUG?[0;39m ?[35m21075?[0;39m ?[2m---?[0;39m ?[2m[    Test worker]?[0;39m ?[36mo.s.b.f.s.DefaultListableBeanFactory    ?[0;39m ?[2m:?[0;39m Autowiring by type from bean name 'org.springframework.boot.autoconfigure.orm.jpa.JpaBaseConfiguration$JpaWebConfiguration$JpaWebMvcConfiguration' via constructor to bean named 'spring.jpa-org.springframework.boot.autoconfigure.orm.jpa.JpaProperties'
?[2m2019-02-19 22:24:34.643?[0;39m ?[32mDEBUG?[0;39m ?[35m21075?[0;39m ?[2m---?[0;39m ?[2m[    Test worker]?[0;39m ?[36mo.s.b.f.s.DefaultListableBeanFactory    ?[0;39m ?[2m:?[0;39m Creating shared instance of singleton bean 'org.springframework.data.web.config.SpringDataWebConfiguration'
?[2m2019-02-19 22:24:34.644?[0;39m ?[32mDEBUG?[0;39m ?[35m21075?[0;39m ?[2m---?[0;39m ?[2m[    Test worker]?[0;39m ?[36mocalVariableTableParameterNameDiscoverer?[0;39m ?[2m:?[0;39m Cannot find '.class' file for class [class org.springframework.data.web.config.SpringDataWebConfiguration$$EnhancerBySpringCGLIB$$e2ec2d41] - unable to determine constructor/method parameter names
?[2m2019-02-19 22:24:34.646?[0;39m ?[32mDEBUG?[0;39m ?[35m21075?[0;39m ?[2m---?[0;39m ?[2m[    Test worker]?[0;39m ?[36mo.s.b.f.s.DefaultListableBeanFactory    ?[0;39m ?[2m:?[0;39m Autowiring by type from bean name 'org.springframework.data.web.config.SpringDataWebConfiguration' via constructor to bean named 'org.springframework.web.context.support.GenericWebApplicationContext@54a905f8'
?[2m2019-02-19 22:24:34.653?[0;39m ?[32mDEBUG?[0;39m ?[35m21075?[0;39m ?[2m---?[0;39m ?[2m[    Test worker]?[0;39m ?[36mo.s.b.f.s.DefaultListableBeanFactory    ?[0;39m ?[2m:?[0;39m Creating shared instance of singleton bean 'pageableCustomizer'
?[2m2019-02-19 22:24:34.653?[0;39m ?[32mDEBUG?[0;39m ?[35m21075?[0;39m ?[2m---?[0;39m ?[2m[    Test worker]?[0;39m ?[36mo.s.b.f.s.DefaultListableBeanFactory    ?[0;39m ?[2m:?[0;39m Creating shared instance of singleton bean 'org.springframework.boot.autoconfigure.data.web.SpringDataWebAutoConfiguration'
?[2m2019-02-19 22:24:34.654?[0;39m ?[32mDEBUG?[0;39m ?[35m21075?[0;39m ?[2m---?[0;39m ?[2m[    Test worker]?[0;39m ?[36mocalVariableTableParameterNameDiscoverer?[0;39m ?[2m:?[0;39m Cannot find '.class' file for class [class org.springframework.boot.autoconfigure.data.web.SpringDataWebAutoConfiguration$$EnhancerBySpringCGLIB$$6d1eb50f] - unable to determine constructor/method parameter names
?[2m2019-02-19 22:24:34.655?[0;39m ?[32mDEBUG?[0;39m ?[35m21075?[0;39m ?[2m---?[0;39m ?[2m[    Test worker]?[0;39m ?[36mo.s.b.f.s.DefaultListableBeanFactory    ?[0;39m ?[2m:?[0;39m Creating shared instance of singleton bean 'spring.data.web-org.springframework.boot.autoconfigure.data.web.SpringDataWebProperties'
?[2m2019-02-19 22:24:34.659?[0;39m ?[32mDEBUG?[0;39m ?[35m21075?[0;39m ?[2m---?[0;39m ?[2m[    Test worker]?[0;39m ?[36mo.s.b.f.s.DefaultListableBeanFactory    ?[0;39m ?[2m:?[0;39m Autowiring by type from bean name 'org.springframework.boot.autoconfigure.data.web.SpringDataWebAutoConfiguration' via constructor to bean named 'spring.data.web-org.springframework.boot.autoconfigure.data.web.SpringDataWebProperties'
?[2m2019-02-19 22:24:34.673?[0;39m ?[32mDEBUG?[0;39m ?[35m21075?[0;39m ?[2m---?[0;39m ?[2m[    Test worker]?[0;39m ?[36mo.s.b.f.s.DefaultListableBeanFactory    ?[0;39m ?[2m:?[0;39m Creating shared instance of singleton bean 'sortCustomizer'
?[2m2019-02-19 22:24:34.681?[0;39m ?[32mDEBUG?[0;39m ?[35m21075?[0;39m ?[2m---?[0;39m ?[2m[    Test worker]?[0;39m ?[36mo.s.b.f.s.DefaultListableBeanFactory    ?[0;39m ?[2m:?[0;39m Creating shared instance of singleton bean 'requestMappingHandlerAdapter'
?[2m2019-02-19 22:24:34.704?[0;39m ?[32mDEBUG?[0;39m ?[35m21075?[0;39m ?[2m---?[0;39m ?[2m[    Test worker]?[0;39m ?[36mo.s.b.f.s.DefaultListableBeanFactory    ?[0;39m ?[2m:?[0;39m Creating shared instance of singleton bean 'mvcContentNegotiationManager'
?[2m2019-02-19 22:24:34.712?[0;39m ?[32mDEBUG?[0;39m ?[35m21075?[0;39m ?[2m---?[0;39m ?[2m[    Test worker]?[0;39m ?[36mo.s.b.f.s.DefaultListableBeanFactory    ?[0;39m ?[2m:?[0;39m Creating shared instance of singleton bean 'messageConverters'
?[2m2019-02-19 22:24:34.712?[0;39m ?[32mDEBUG?[0;39m ?[35m21075?[0;39m ?[2m---?[0;39m ?[2m[    Test worker]?[0;39m ?[36mo.s.b.f.s.DefaultListableBeanFactory    ?[0;39m ?[2m:?[0;39m Creating shared instance of singleton bean 'org.springframework.boot.autoconfigure.http.HttpMessageConvertersAutoConfiguration'
?[2m2019-02-19 22:24:34.713?[0;39m ?[32mDEBUG?[0;39m ?[35m21075?[0;39m ?[2m---?[0;39m ?[2m[    Test worker]?[0;39m ?[36mocalVariableTableParameterNameDiscoverer?[0;39m ?[2m:?[0;39m Cannot find '.class' file for class [class org.springframework.boot.autoconfigure.http.HttpMessageConvertersAutoConfiguration$$EnhancerBySpringCGLIB$$9bbbca82] - unable to determine constructor/method parameter names
?[2m2019-02-19 22:24:34.715?[0;39m ?[32mDEBUG?[0;39m ?[35m21075?[0;39m ?[2m---?[0;39m ?[2m[    Test worker]?[0;39m ?[36mo.s.b.f.s.DefaultListableBeanFactory    ?[0;39m ?[2m:?[0;39m Creating shared instance of singleton bean 'stringHttpMessageConverter'
?[2m2019-02-19 22:24:34.716?[0;39m ?[32mDEBUG?[0;39m ?[35m21075?[0;39m ?[2m---?[0;39m ?[2m[    Test worker]?[0;39m ?[36mo.s.b.f.s.DefaultListableBeanFactory    ?[0;39m ?[2m:?[0;39m Creating shared instance of singleton bean 'org.springframework.boot.autoconfigure.http.HttpMessageConvertersAutoConfiguration$StringHttpMessageConverterConfiguration'
?[2m2019-02-19 22:24:34.716?[0;39m ?[32mDEBUG?[0;39m ?[35m21075?[0;39m ?[2m---?[0;39m ?[2m[    Test worker]?[0;39m ?[36mocalVariableTableParameterNameDiscoverer?[0;39m ?[2m:?[0;39m Cannot find '.class' file for class [class org.springframework.boot.autoconfigure.http.HttpMessageConvertersAutoConfiguration$StringHttpMessageConverterConfiguration$$EnhancerBySpringCGLIB$$cec99122] - unable to determine constructor/method parameter names
?[2m2019-02-19 22:24:34.717?[0;39m ?[32mDEBUG?[0;39m ?[35m21075?[0;39m ?[2m---?[0;39m ?[2m[    Test worker]?[0;39m ?[36mo.s.b.f.s.DefaultListableBeanFactory    ?[0;39m ?[2m:?[0;39m Autowiring by type from bean name 'org.springframework.boot.autoconfigure.http.HttpMessageConvertersAutoConfiguration$StringHttpMessageConverterConfiguration' via constructor to bean named 'spring.http-org.springframework.boot.autoconfigure.http.HttpProperties'
?[2m2019-02-19 22:24:34.736?[0;39m ?[32mDEBUG?[0;39m ?[35m21075?[0;39m ?[2m---?[0;39m ?[2m[    Test worker]?[0;39m ?[36mo.s.b.f.s.DefaultListableBeanFactory    ?[0;39m ?[2m:?[0;39m Creating shared instance of singleton bean 'mappingJackson2HttpMessageConverter'
?[2m2019-02-19 22:24:34.736?[0;39m ?[32mDEBUG?[0;39m ?[35m21075?[0;39m ?[2m---?[0;39m ?[2m[    Test worker]?[0;39m ?[36mo.s.b.f.s.DefaultListableBeanFactory    ?[0;39m ?[2m:?[0;39m Creating shared instance of singleton bean 'org.springframework.boot.autoconfigure.http.JacksonHttpMessageConvertersConfiguration$MappingJackson2HttpMessageConverterConfiguration'
?[2m2019-02-19 22:24:34.744?[0;39m ?[32mDEBUG?[0;39m ?[35m21075?[0;39m ?[2m---?[0;39m ?[2m[    Test worker]?[0;39m ?[36mo.s.b.f.s.DefaultListableBeanFactory    ?[0;39m ?[2m:?[0;39m Creating shared instance of singleton bean 'jacksonObjectMapper'
?[2m2019-02-19 22:24:34.744?[0;39m ?[32mDEBUG?[0;39m ?[35m21075?[0;39m ?[2m---?[0;39m ?[2m[    Test worker]?[0;39m ?[36mo.s.b.f.s.DefaultListableBeanFactory    ?[0;39m ?[2m:?[0;39m Creating shared instance of singleton bean 'org.springframework.boot.autoconfigure.jackson.JacksonAutoConfiguration$JacksonObjectMapperConfiguration'
?[2m2019-02-19 22:24:34.750?[0;39m ?[32mDEBUG?[0;39m ?[35m21075?[0;39m ?[2m---?[0;39m ?[2m[    Test worker]?[0;39m ?[36mo.s.b.f.s.DefaultListableBeanFactory    ?[0;39m ?[2m:?[0;39m Creating shared instance of singleton bean 'jacksonObjectMapperBuilder'
?[2m2019-02-19 22:24:34.751?[0;39m ?[32mDEBUG?[0;39m ?[35m21075?[0;39m ?[2m---?[0;39m ?[2m[    Test worker]?[0;39m ?[36mo.s.b.f.s.DefaultListableBeanFactory    ?[0;39m ?[2m:?[0;39m Creating shared instance of singleton bean 'org.springframework.boot.autoconfigure.jackson.JacksonAutoConfiguration$JacksonObjectMapperBuilderConfiguration'
?[2m2019-02-19 22:24:34.751?[0;39m ?[32mDEBUG?[0;39m ?[35m21075?[0;39m ?[2m---?[0;39m ?[2m[    Test worker]?[0;39m ?[36mocalVariableTableParameterNameDiscoverer?[0;39m ?[2m:?[0;39m Cannot find '.class' file for class [class org.springframework.boot.autoconfigure.jackson.JacksonAutoConfiguration$JacksonObjectMapperBuilderConfiguration$$EnhancerBySpringCGLIB$$8f684098] - unable to determine constructor/method parameter names
?[2m2019-02-19 22:24:34.752?[0;39m ?[32mDEBUG?[0;39m ?[35m21075?[0;39m ?[2m---?[0;39m ?[2m[    Test worker]?[0;39m ?[36mo.s.b.f.s.DefaultListableBeanFactory    ?[0;39m ?[2m:?[0;39m Autowiring by type from bean name 'org.springframework.boot.autoconfigure.jackson.JacksonAutoConfiguration$JacksonObjectMapperBuilderConfiguration' via constructor to bean named 'org.springframework.web.context.support.GenericWebApplicationContext@54a905f8'
?[2m2019-02-19 22:24:34.759?[0;39m ?[32mDEBUG?[0;39m ?[35m21075?[0;39m ?[2m---?[0;39m ?[2m[    Test worker]?[0;39m ?[36mo.s.b.f.s.DefaultListableBeanFactory    ?[0;39m ?[2m:?[0;39m Creating shared instance of singleton bean 'standardJacksonObjectMapperBuilderCustomizer'
?[2m2019-02-19 22:24:34.759?[0;39m ?[32mDEBUG?[0;39m ?[35m21075?[0;39m ?[2m---?[0;39m ?[2m[    Test worker]?[0;39m ?[36mo.s.b.f.s.DefaultListableBeanFactory    ?[0;39m ?[2m:?[0;39m Creating shared instance of singleton bean 'org.springframework.boot.autoconfigure.jackson.JacksonAutoConfiguration$Jackson2ObjectMapperBuilderCustomizerConfiguration'
?[2m2019-02-19 22:24:34.766?[0;39m ?[32mDEBUG?[0;39m ?[35m21075?[0;39m ?[2m---?[0;39m ?[2m[    Test worker]?[0;39m ?[36mo.s.b.f.s.DefaultListableBeanFactory    ?[0;39m ?[2m:?[0;39m Creating shared instance of singleton bean 'spring.jackson-org.springframework.boot.autoconfigure.jackson.JacksonProperties'
?[2m2019-02-19 22:24:34.770?[0;39m ?[32mDEBUG?[0;39m ?[35m21075?[0;39m ?[2m---?[0;39m ?[2m[    Test worker]?[0;39m ?[36mo.s.b.f.s.DefaultListableBeanFactory    ?[0;39m ?[2m:?[0;39m Autowiring by type from bean name 'standardJacksonObjectMapperBuilderCustomizer' via factory method to bean named 'org.springframework.web.context.support.GenericWebApplicationContext@54a905f8'
?[2m2019-02-19 22:24:34.770?[0;39m ?[32mDEBUG?[0;39m ?[35m21075?[0;39m ?[2m---?[0;39m ?[2m[    Test worker]?[0;39m ?[36mo.s.b.f.s.DefaultListableBeanFactory    ?[0;39m ?[2m:?[0;39m Autowiring by type from bean name 'standardJacksonObjectMapperBuilderCustomizer' via factory method to bean named 'spring.jackson-org.springframework.boot.autoconfigure.jackson.JacksonProperties'
?[2m2019-02-19 22:24:34.779?[0;39m ?[32mDEBUG?[0;39m ?[35m21075?[0;39m ?[2m---?[0;39m ?[2m[    Test worker]?[0;39m ?[36mo.s.b.f.s.DefaultListableBeanFactory    ?[0;39m ?[2m:?[0;39m Autowiring by type from bean name 'jacksonObjectMapperBuilder' via factory method to bean named 'standardJacksonObjectMapperBuilderCustomizer'
?[2m2019-02-19 22:24:34.787?[0;39m ?[32mDEBUG?[0;39m ?[35m21075?[0;39m ?[2m---?[0;39m ?[2m[    Test worker]?[0;39m ?[36mo.s.b.f.s.DefaultListableBeanFactory    ?[0;39m ?[2m:?[0;39m Creating shared instance of singleton bean 'parameterNamesModule'
?[2m2019-02-19 22:24:34.788?[0;39m ?[32mDEBUG?[0;39m ?[35m21075?[0;39m ?[2m---?[0;39m ?[2m[    Test worker]?[0;39m ?[36mo.s.b.f.s.DefaultListableBeanFactory    ?[0;39m ?[2m:?[0;39m Creating shared instance of singleton bean 'org.springframework.boot.autoconfigure.jackson.JacksonAutoConfiguration$ParameterNamesModuleConfiguration'
?[2m2019-02-19 22:24:34.813?[0;39m ?[32mDEBUG?[0;39m ?[35m21075?[0;39m ?[2m---?[0;39m ?[2m[    Test worker]?[0;39m ?[36mo.s.b.f.s.DefaultListableBeanFactory    ?[0;39m ?[2m:?[0;39m Creating shared instance of singleton bean 'jsonComponentModule'
?[2m2019-02-19 22:24:34.813?[0;39m ?[32mDEBUG?[0;39m ?[35m21075?[0;39m ?[2m---?[0;39m ?[2m[    Test worker]?[0;39m ?[36mo.s.b.f.s.DefaultListableBeanFactory    ?[0;39m ?[2m:?[0;39m Creating shared instance of singleton bean 'org.springframework.boot.autoconfigure.jackson.JacksonAutoConfiguration'
?[2m2019-02-19 22:24:34.833?[0;39m ?[32mDEBUG?[0;39m ?[35m21075?[0;39m ?[2m---?[0;39m ?[2m[    Test worker]?[0;39m ?[36mo.s.b.f.s.DefaultListableBeanFactory    ?[0;39m ?[2m:?[0;39m Creating shared instance of singleton bean 'jacksonGeoModule'
?[2m2019-02-19 22:24:34.833?[0;39m ?[32mDEBUG?[0;39m ?[35m21075?[0;39m ?[2m---?[0;39m ?[2m[    Test worker]?[0;39m ?[36mo.s.b.f.s.DefaultListableBeanFactory    ?[0;39m ?[2m:?[0;39m Creating shared instance of singleton bean 'org.springframework.data.web.config.SpringDataJacksonConfiguration'
?[2m2019-02-19 22:24:34.849?[0;39m ?[32mDEBUG?[0;39m ?[35m21075?[0;39m ?[2m---?[0;39m ?[2m[    Test worker]?[0;39m ?[36mo.s.b.f.s.DefaultListableBeanFactory    ?[0;39m ?[2m:?[0;39m Autowiring by type from bean name 'jacksonObjectMapper' via factory method to bean named 'jacksonObjectMapperBuilder'
?[2m2019-02-19 22:24:34.893?[0;39m ?[32mDEBUG?[0;39m ?[35m21075?[0;39m ?[2m---?[0;39m ?[2m[    Test worker]?[0;39m ?[36mo.s.b.f.s.DefaultListableBeanFactory    ?[0;39m ?[2m:?[0;39m Autowiring by type from bean name 'mappingJackson2HttpMessageConverter' via factory method to bean named 'jacksonObjectMapper'
?[2m2019-02-19 22:24:34.967?[0;39m ?[32mDEBUG?[0;39m ?[35m21075?[0;39m ?[2m---?[0;39m ?[2m[    Test worker]?[0;39m ?[36mo.s.b.f.s.DefaultListableBeanFactory    ?[0;39m ?[2m:?[0;39m Creating shared instance of singleton bean 'mvcConversionService'
?[2m2019-02-19 22:24:34.996?[0;39m ?[32mDEBUG?[0;39m ?[35m21075?[0;39m ?[2m---?[0;39m ?[2m[    Test worker]?[0;39m ?[36mo.s.b.f.s.DefaultListableBeanFactory    ?[0;39m ?[2m:?[0;39m Creating shared instance of singleton bean 'mvcValidator'
?[2m2019-02-19 22:24:35.003?[0;39m ?[32mDEBUG?[0;39m ?[35m21075?[0;39m ?[2m---?[0;39m ?[2m[    Test worker]?[0;39m ?[36mo.s.b.f.s.DefaultListableBeanFactory    ?[0;39m ?[2m:?[0;39m Creating shared instance of singleton bean 'sortResolver'
?[2m2019-02-19 22:24:35.021?[0;39m ?[32mDEBUG?[0;39m ?[35m21075?[0;39m ?[2m---?[0;39m ?[2m[    Test worker]?[0;39m ?[36mo.s.b.f.s.DefaultListableBeanFactory    ?[0;39m ?[2m:?[0;39m Creating shared instance of singleton bean 'pageableResolver'
?[2m2019-02-19 22:24:35.030?[0;39m ?[32mDEBUG?[0;39m ?[35m21075?[0;39m ?[2m---?[0;39m ?[2m[    Test worker]?[0;39m ?[36mo.s.b.f.s.DefaultListableBeanFactory    ?[0;39m ?[2m:?[0;39m Creating shared instance of singleton bean 'applicationTaskExecutor'
?[2m2019-02-19 22:24:35.032?[0;39m ?[32mDEBUG?[0;39m ?[35m21075?[0;39m ?[2m---?[0;39m ?[2m[    Test worker]?[0;39m ?[36mo.s.b.f.s.DefaultListableBeanFactory    ?[0;39m ?[2m:?[0;39m Autowiring by type from bean name 'applicationTaskExecutor' via factory method to bean named 'taskExecutorBuilder'
?[2m2019-02-19 22:24:35.049?[0;39m ?[32m INFO?[0;39m ?[35m21075?[0;39m ?[2m---?[0;39m ?[2m[    Test worker]?[0;39m ?[36mo.s.s.concurrent.ThreadPoolTaskExecutor ?[0;39m ?[2m:?[0;39m Initializing ExecutorService 'applicationTaskExecutor'
?[2m2019-02-19 22:24:35.074?[0;39m ?[32mDEBUG?[0;39m ?[35m21075?[0;39m ?[2m---?[0;39m ?[2m[    Test worker]?[0;39m ?[36ms.w.s.m.m.a.RequestMappingHandlerAdapter?[0;39m ?[2m:?[0;39m ControllerAdvice beans: 0 @ModelAttribute, 0 @InitBinder, 1 RequestBodyAdvice, 1 ResponseBodyAdvice
?[2m2019-02-19 22:24:35.109?[0;39m ?[32mDEBUG?[0;39m ?[35m21075?[0;39m ?[2m---?[0;39m ?[2m[    Test worker]?[0;39m ?[36mo.s.b.f.s.DefaultListableBeanFactory    ?[0;39m ?[2m:?[0;39m Creating shared instance of singleton bean 'requestMappingHandlerMapping'
?[2m2019-02-19 22:24:35.129?[0;39m ?[32mDEBUG?[0;39m ?[35m21075?[0;39m ?[2m---?[0;39m ?[2m[    Test worker]?[0;39m ?[36mo.s.b.f.s.DefaultListableBeanFactory    ?[0;39m ?[2m:?[0;39m Creating shared instance of singleton bean 'openEntityManagerInViewInterceptor'
?[2m2019-02-19 22:24:35.137?[0;39m ?[33m WARN?[0;39m ?[35m21075?[0;39m ?[2m---?[0;39m ?[2m[    Test worker]?[0;39m ?[36maWebConfiguration$JpaWebMvcConfiguration?[0;39m ?[2m:?[0;39m spring.jpa.open-in-view is enabled by default. Therefore, database queries may be performed during view rendering. Explicitly configure spring.jpa.open-in-view to disable this warning
?[2m2019-02-19 22:24:35.150?[0;39m ?[32mDEBUG?[0;39m ?[35m21075?[0;39m ?[2m---?[0;39m ?[2m[    Test worker]?[0;39m ?[36mo.s.b.f.s.DefaultListableBeanFactory    ?[0;39m ?[2m:?[0;39m Creating shared instance of singleton bean 'mvcResourceUrlProvider'
?[2m2019-02-19 22:24:35.200?[0;39m ?[32mDEBUG?[0;39m ?[35m21075?[0;39m ?[2m---?[0;39m ?[2m[    Test worker]?[0;39m ?[36ms.w.s.m.m.a.RequestMappingHandlerMapping?[0;39m ?[2m:?[0;39m 2 mappings in 'requestMappingHandlerMapping'
?[2m2019-02-19 22:24:35.203?[0;39m ?[32mDEBUG?[0;39m ?[35m21075?[0;39m ?[2m---?[0;39m ?[2m[    Test worker]?[0;39m ?[36mo.s.b.f.s.DefaultListableBeanFactory    ?[0;39m ?[2m:?[0;39m Creating shared instance of singleton bean 'mvcPathMatcher'
?[2m2019-02-19 22:24:35.207?[0;39m ?[32mDEBUG?[0;39m ?[35m21075?[0;39m ?[2m---?[0;39m ?[2m[    Test worker]?[0;39m ?[36mo.s.b.f.s.DefaultListableBeanFactory    ?[0;39m ?[2m:?[0;39m Creating shared instance of singleton bean 'mvcUrlPathHelper'
?[2m2019-02-19 22:24:35.210?[0;39m ?[32mDEBUG?[0;39m ?[35m21075?[0;39m ?[2m---?[0;39m ?[2m[    Test worker]?[0;39m ?[36mo.s.b.f.s.DefaultListableBeanFactory    ?[0;39m ?[2m:?[0;39m Creating shared instance of singleton bean 'viewControllerHandlerMapping'
?[2m2019-02-19 22:24:35.212?[0;39m ?[32mDEBUG?[0;39m ?[35m21075?[0;39m ?[2m---?[0;39m ?[2m[    Test worker]?[0;39m ?[36mo.s.b.f.s.DefaultListableBeanFactory    ?[0;39m ?[2m:?[0;39m Creating shared instance of singleton bean 'beanNameHandlerMapping'
?[2m2019-02-19 22:24:35.227?[0;39m ?[32mDEBUG?[0;39m ?[35m21075?[0;39m ?[2m---?[0;39m ?[2m[    Test worker]?[0;39m ?[36mo.s.b.f.s.DefaultListableBeanFactory    ?[0;39m ?[2m:?[0;39m Creating shared instance of singleton bean 'resourceHandlerMapping'
?[2m2019-02-19 22:24:35.236?[0;39m ?[32mDEBUG?[0;39m ?[35m21075?[0;39m ?[2m---?[0;39m ?[2m[    Test worker]?[0;39m ?[36mo.s.w.s.handler.SimpleUrlHandlerMapping ?[0;39m ?[2m:?[0;39m Patterns [/webjars/**, /**] in 'resourceHandlerMapping'
?[2m2019-02-19 22:24:35.237?[0;39m ?[32mDEBUG?[0;39m ?[35m21075?[0;39m ?[2m---?[0;39m ?[2m[    Test worker]?[0;39m ?[36mo.s.b.f.s.DefaultListableBeanFactory    ?[0;39m ?[2m:?[0;39m Creating shared instance of singleton bean 'defaultServletHandlerMapping'
?[2m2019-02-19 22:24:35.238?[0;39m ?[32mDEBUG?[0;39m ?[35m21075?[0;39m ?[2m---?[0;39m ?[2m[    Test worker]?[0;39m ?[36mo.s.b.f.s.DefaultListableBeanFactory    ?[0;39m ?[2m:?[0;39m Creating shared instance of singleton bean 'mvcUriComponentsContributor'
?[2m2019-02-19 22:24:35.243?[0;39m ?[32mDEBUG?[0;39m ?[35m21075?[0;39m ?[2m---?[0;39m ?[2m[    Test worker]?[0;39m ?[36mo.s.b.f.s.DefaultListableBeanFactory    ?[0;39m ?[2m:?[0;39m Creating shared instance of singleton bean 'httpRequestHandlerAdapter'
?[2m2019-02-19 22:24:35.247?[0;39m ?[32mDEBUG?[0;39m ?[35m21075?[0;39m ?[2m---?[0;39m ?[2m[    Test worker]?[0;39m ?[36mo.s.b.f.s.DefaultListableBeanFactory    ?[0;39m ?[2m:?[0;39m Creating shared instance of singleton bean 'simpleControllerHandlerAdapter'
?[2m2019-02-19 22:24:35.250?[0;39m ?[32mDEBUG?[0;39m ?[35m21075?[0;39m ?[2m---?[0;39m ?[2m[    Test worker]?[0;39m ?[36mo.s.b.f.s.DefaultListableBeanFactory    ?[0;39m ?[2m:?[0;39m Creating shared instance of singleton bean 'handlerExceptionResolver'
?[2m2019-02-19 22:24:35.259?[0;39m ?[32mDEBUG?[0;39m ?[35m21075?[0;39m ?[2m---?[0;39m ?[2m[    Test worker]?[0;39m ?[36m.m.m.a.ExceptionHandlerExceptionResolver?[0;39m ?[2m:?[0;39m ControllerAdvice beans: 0 @ExceptionHandler, 1 ResponseBodyAdvice
?[2m2019-02-19 22:24:35.272?[0;39m ?[32mDEBUG?[0;39m ?[35m21075?[0;39m ?[2m---?[0;39m ?[2m[    Test worker]?[0;39m ?[36mo.s.b.f.s.DefaultListableBeanFactory    ?[0;39m ?[2m:?[0;39m Creating shared instance of singleton bean 'mvcViewResolver'
?[2m2019-02-19 22:24:35.284?[0;39m ?[32mDEBUG?[0;39m ?[35m21075?[0;39m ?[2m---?[0;39m ?[2m[    Test worker]?[0;39m ?[36mo.s.b.f.s.DefaultListableBeanFactory    ?[0;39m ?[2m:?[0;39m Creating shared instance of singleton bean 'defaultViewResolver'
?[2m2019-02-19 22:24:35.305?[0;39m ?[32mDEBUG?[0;39m ?[35m21075?[0;39m ?[2m---?[0;39m ?[2m[    Test worker]?[0;39m ?[36mo.s.b.f.s.DefaultListableBeanFactory    ?[0;39m ?[2m:?[0;39m Creating shared instance of singleton bean 'viewResolver'
?[2m2019-02-19 22:24:35.306?[0;39m ?[32mDEBUG?[0;39m ?[35m21075?[0;39m ?[2m---?[0;39m ?[2m[    Test worker]?[0;39m ?[36mo.s.b.f.s.DefaultListableBeanFactory    ?[0;39m ?[2m:?[0;39m Autowiring by type from bean name 'viewResolver' via factory method to bean named 'org.springframework.beans.factory.support.DefaultListableBeanFactory@1970efef'
?[2m2019-02-19 22:24:35.319?[0;39m ?[32mDEBUG?[0;39m ?[35m21075?[0;39m ?[2m---?[0;39m ?[2m[    Test worker]?[0;39m ?[36mo.s.b.f.s.DefaultListableBeanFactory    ?[0;39m ?[2m:?[0;39m Creating shared instance of singleton bean 'groovyMarkupViewResolver'
?[2m2019-02-19 22:24:35.320?[0;39m ?[32mDEBUG?[0;39m ?[35m21075?[0;39m ?[2m---?[0;39m ?[2m[    Test worker]?[0;39m ?[36mo.s.b.f.s.DefaultListableBeanFactory    ?[0;39m ?[2m:?[0;39m Creating shared instance of singleton bean 'org.springframework.boot.autoconfigure.groovy.template.GroovyTemplateAutoConfiguration$GroovyWebConfiguration'
?[2m2019-02-19 22:24:35.321?[0;39m ?[32mDEBUG?[0;39m ?[35m21075?[0;39m ?[2m---?[0;39m ?[2m[    Test worker]?[0;39m ?[36mocalVariableTableParameterNameDiscoverer?[0;39m ?[2m:?[0;39m Cannot find '.class' file for class [class org.springframework.boot.autoconfigure.groovy.template.GroovyTemplateAutoConfiguration$GroovyWebConfiguration$$EnhancerBySpringCGLIB$$118f7688] - unable to determine constructor/method parameter names
?[2m2019-02-19 22:24:35.322?[0;39m ?[32mDEBUG?[0;39m ?[35m21075?[0;39m ?[2m---?[0;39m ?[2m[    Test worker]?[0;39m ?[36mo.s.b.f.s.DefaultListableBeanFactory    ?[0;39m ?[2m:?[0;39m Creating shared instance of singleton bean 'spring.groovy.template-org.springframework.boot.autoconfigure.groovy.template.GroovyTemplateProperties'
?[2m2019-02-19 22:24:35.329?[0;39m ?[32mDEBUG?[0;39m ?[35m21075?[0;39m ?[2m---?[0;39m ?[2m[    Test worker]?[0;39m ?[36mo.s.b.f.s.DefaultListableBeanFactory    ?[0;39m ?[2m:?[0;39m Autowiring by type from bean name 'org.springframework.boot.autoconfigure.groovy.template.GroovyTemplateAutoConfiguration$GroovyWebConfiguration' via constructor to bean named 'spring.groovy.template-org.springframework.boot.autoconfigure.groovy.template.GroovyTemplateProperties'
?[2m2019-02-19 22:24:35.353?[0;39m ?[32mDEBUG?[0;39m ?[35m21075?[0;39m ?[2m---?[0;39m ?[2m[    Test worker]?[0;39m ?[36mo.s.b.f.s.DefaultListableBeanFactory    ?[0;39m ?[2m:?[0;39m Creating shared instance of singleton bean 'welcomePageHandlerMapping'
?[2m2019-02-19 22:24:35.354?[0;39m ?[32mDEBUG?[0;39m ?[35m21075?[0;39m ?[2m---?[0;39m ?[2m[    Test worker]?[0;39m ?[36mo.s.b.f.s.DefaultListableBeanFactory    ?[0;39m ?[2m:?[0;39m Autowiring by type from bean name 'welcomePageHandlerMapping' via factory method to bean named 'org.springframework.web.context.support.GenericWebApplicationContext@54a905f8'
?[2m2019-02-19 22:24:35.374?[0;39m ?[32mDEBUG?[0;39m ?[35m21075?[0;39m ?[2m---?[0;39m ?[2m[    Test worker]?[0;39m ?[36mo.s.b.f.s.DefaultListableBeanFactory    ?[0;39m ?[2m:?[0;39m Creating shared instance of singleton bean 'requestContextFilter'
?[2m2019-02-19 22:24:35.388?[0;39m ?[32mDEBUG?[0;39m ?[35m21075?[0;39m ?[2m---?[0;39m ?[2m[    Test worker]?[0;39m ?[36mo.s.b.f.s.DefaultListableBeanFactory    ?[0;39m ?[2m:?[0;39m Creating shared instance of singleton bean 'org.springframework.boot.autoconfigure.web.servlet.WebMvcAutoConfiguration'
?[2m2019-02-19 22:24:35.394?[0;39m ?[32mDEBUG?[0;39m ?[35m21075?[0;39m ?[2m---?[0;39m ?[2m[    Test worker]?[0;39m ?[36mo.s.b.f.s.DefaultListableBeanFactory    ?[0;39m ?[2m:?[0;39m Creating shared instance of singleton bean 'hiddenHttpMethodFilter'
?[2m2019-02-19 22:24:35.412?[0;39m ?[32mDEBUG?[0;39m ?[35m21075?[0;39m ?[2m---?[0;39m ?[2m[    Test worker]?[0;39m ?[36mo.s.b.f.s.DefaultListableBeanFactory    ?[0;39m ?[2m:?[0;39m Creating shared instance of singleton bean 'formContentFilter'
?[2m2019-02-19 22:24:35.426?[0;39m ?[32mDEBUG?[0;39m ?[35m21075?[0;39m ?[2m---?[0;39m ?[2m[    Test worker]?[0;39m ?[36mo.s.b.f.s.DefaultListableBeanFactory    ?[0;39m ?[2m:?[0;39m Creating shared instance of singleton bean 'org.springframework.boot.autoconfigure.aop.AopAutoConfiguration$CglibAutoProxyConfiguration'
?[2m2019-02-19 22:24:35.430?[0;39m ?[32mDEBUG?[0;39m ?[35m21075?[0;39m ?[2m---?[0;39m ?[2m[    Test worker]?[0;39m ?[36mo.s.b.f.s.DefaultListableBeanFactory    ?[0;39m ?[2m:?[0;39m Creating shared instance of singleton bean 'org.springframework.boot.autoconfigure.aop.AopAutoConfiguration'
?[2m2019-02-19 22:24:35.435?[0;39m ?[32mDEBUG?[0;39m ?[35m21075?[0;39m ?[2m---?[0;39m ?[2m[    Test worker]?[0;39m ?[36mo.s.b.f.s.DefaultListableBeanFactory    ?[0;39m ?[2m:?[0;39m Creating shared instance of singleton bean 'org.springframework.boot.autoconfigure.transaction.jta.JtaAutoConfiguration'
?[2m2019-02-19 22:24:35.442?[0;39m ?[32mDEBUG?[0;39m ?[35m21075?[0;39m ?[2m---?[0;39m ?[2m[    Test worker]?[0;39m ?[36mo.s.b.f.s.DefaultListableBeanFactory    ?[0;39m ?[2m:?[0;39m Creating shared instance of singleton bean 'org.springframework.boot.autoconfigure.jdbc.DataSourceAutoConfiguration$PooledDataSourceConfiguration'
?[2m2019-02-19 22:24:35.447?[0;39m ?[32mDEBUG?[0;39m ?[35m21075?[0;39m ?[2m---?[0;39m ?[2m[    Test worker]?[0;39m ?[36mo.s.b.f.s.DefaultListableBeanFactory    ?[0;39m ?[2m:?[0;39m Creating shared instance of singleton bean 'org.springframework.boot.autoconfigure.jdbc.metadata.DataSourcePoolMetadataProvidersConfiguration'
?[2m2019-02-19 22:24:35.452?[0;39m ?[32mDEBUG?[0;39m ?[35m21075?[0;39m ?[2m---?[0;39m ?[2m[    Test worker]?[0;39m ?[36mo.s.b.f.s.DefaultListableBeanFactory    ?[0;39m ?[2m:?[0;39m Creating shared instance of singleton bean 'org.springframework.boot.autoconfigure.jdbc.DataSourceInitializationConfiguration'
?[2m2019-02-19 22:24:35.457?[0;39m ?[32mDEBUG?[0;39m ?[35m21075?[0;39m ?[2m---?[0;39m ?[2m[    Test worker]?[0;39m ?[36mo.s.b.f.s.DefaultListableBeanFactory    ?[0;39m ?[2m:?[0;39m Creating shared instance of singleton bean 'org.springframework.boot.autoconfigure.jdbc.DataSourceAutoConfiguration'
?[2m2019-02-19 22:24:35.464?[0;39m ?[32mDEBUG?[0;39m ?[35m21075?[0;39m ?[2m---?[0;39m ?[2m[    Test worker]?[0;39m ?[36mo.s.b.f.s.DefaultListableBeanFactory    ?[0;39m ?[2m:?[0;39m Creating shared instance of singleton bean 'org.springframework.boot.autoconfigure.orm.jpa.JpaBaseConfiguration$JpaWebConfiguration'
?[2m2019-02-19 22:24:35.469?[0;39m ?[32mDEBUG?[0;39m ?[35m21075?[0;39m ?[2m---?[0;39m ?[2m[    Test worker]?[0;39m ?[36mo.s.b.f.s.DefaultListableBeanFactory    ?[0;39m ?[2m:?[0;39m Creating shared instance of singleton bean 'transactionManager'
?[2m2019-02-19 22:24:35.515?[0;39m ?[32mDEBUG?[0;39m ?[35m21075?[0;39m ?[2m---?[0;39m ?[2m[    Test worker]?[0;39m ?[36mo.s.b.f.s.DefaultListableBeanFactory    ?[0;39m ?[2m:?[0;39m Creating shared instance of singleton bean 'org.springframework.boot.autoconfigure.orm.jpa.HibernateJpaAutoConfiguration'
?[2m2019-02-19 22:24:35.527?[0;39m ?[32mDEBUG?[0;39m ?[35m21075?[0;39m ?[2m---?[0;39m ?[2m[    Test worker]?[0;39m ?[36mo.s.b.f.s.DefaultListableBeanFactory    ?[0;39m ?[2m:?[0;39m Creating shared instance of singleton bean 'org.springframework.boot.autoconfigure.context.ConfigurationPropertiesAutoConfiguration'
?[2m2019-02-19 22:24:35.533?[0;39m ?[32mDEBUG?[0;39m ?[35m21075?[0;39m ?[2m---?[0;39m ?[2m[    Test worker]?[0;39m ?[36mo.s.b.f.s.DefaultListableBeanFactory    ?[0;39m ?[2m:?[0;39m Creating shared instance of singleton bean 'org.springframework.boot.autoconfigure.dao.PersistenceExceptionTranslationAutoConfiguration'
?[2m2019-02-19 22:24:35.537?[0;39m ?[32mDEBUG?[0;39m ?[35m21075?[0;39m ?[2m---?[0;39m ?[2m[    Test worker]?[0;39m ?[36mo.s.b.f.s.DefaultListableBeanFactory    ?[0;39m ?[2m:?[0;39m Creating shared instance of singleton bean 'org.springframework.boot.autoconfigure.data.jpa.JpaRepositoriesAutoConfiguration'
?[2m2019-02-19 22:24:35.542?[0;39m ?[32mDEBUG?[0;39m ?[35m21075?[0;39m ?[2m---?[0;39m ?[2m[    Test worker]?[0;39m ?[36mo.s.b.f.s.DefaultListableBeanFactory    ?[0;39m ?[2m:?[0;39m Creating shared instance of singleton bean 'org.springframework.data.jpa.util.JpaMetamodelCacheCleanup'
?[2m2019-02-19 22:24:35.545?[0;39m ?[32mDEBUG?[0;39m ?[35m21075?[0;39m ?[2m---?[0;39m ?[2m[    Test worker]?[0;39m ?[36mo.s.b.f.s.DefaultListableBeanFactory    ?[0;39m ?[2m:?[0;39m Creating shared instance of singleton bean 'org.springframework.boot.autoconfigure.http.JacksonHttpMessageConvertersConfiguration'
?[2m2019-02-19 22:24:35.548?[0;39m ?[32mDEBUG?[0;39m ?[35m21075?[0;39m ?[2m---?[0;39m ?[2m[    Test worker]?[0;39m ?[36mo.s.b.f.s.DefaultListableBeanFactory    ?[0;39m ?[2m:?[0;39m Creating shared instance of singleton bean 'org.springframework.data.web.config.ProjectingArgumentResolverRegistrar'
?[2m2019-02-19 22:24:35.552?[0;39m ?[32mDEBUG?[0;39m ?[35m21075?[0;39m ?[2m---?[0;39m ?[2m[    Test worker]?[0;39m ?[36mo.s.b.f.s.DefaultListableBeanFactory    ?[0;39m ?[2m:?[0;39m Creating shared instance of singleton bean 'org.springframework.boot.autoconfigure.groovy.template.GroovyTemplateAutoConfiguration$GroovyMarkupConfiguration'
?[2m2019-02-19 22:24:35.553?[0;39m ?[32mDEBUG?[0;39m ?[35m21075?[0;39m ?[2m---?[0;39m ?[2m[    Test worker]?[0;39m ?[36mocalVariableTableParameterNameDiscoverer?[0;39m ?[2m:?[0;39m Cannot find '.class' file for class [class org.springframework.boot.autoconfigure.groovy.template.GroovyTemplateAutoConfiguration$GroovyMarkupConfiguration$$EnhancerBySpringCGLIB$$68da34ee] - unable to determine constructor/method parameter names
?[2m2019-02-19 22:24:35.554?[0;39m ?[32mDEBUG?[0;39m ?[35m21075?[0;39m ?[2m---?[0;39m ?[2m[    Test worker]?[0;39m ?[36mo.s.b.f.s.DefaultListableBeanFactory    ?[0;39m ?[2m:?[0;39m Autowiring by type from bean name 'org.springframework.boot.autoconfigure.groovy.template.GroovyTemplateAutoConfiguration$GroovyMarkupConfiguration' via constructor to bean named 'org.springframework.web.context.support.GenericWebApplicationContext@54a905f8'
?[2m2019-02-19 22:24:35.554?[0;39m ?[32mDEBUG?[0;39m ?[35m21075?[0;39m ?[2m---?[0;39m ?[2m[    Test worker]?[0;39m ?[36mo.s.b.f.s.DefaultListableBeanFactory    ?[0;39m ?[2m:?[0;39m Autowiring by type from bean name 'org.springframework.boot.autoconfigure.groovy.template.GroovyTemplateAutoConfiguration$GroovyMarkupConfiguration' via constructor to bean named 'spring.groovy.template-org.springframework.boot.autoconfigure.groovy.template.GroovyTemplateProperties'
?[2m2019-02-19 22:24:35.562?[0;39m ?[33m WARN?[0;39m ?[35m21075?[0;39m ?[2m---?[0;39m ?[2m[    Test worker]?[0;39m ?[36m.b.a.g.t.GroovyTemplateAutoConfiguration?[0;39m ?[2m:?[0;39m Cannot find template location: classpath:/templates/ (please add some templates, check your Groovy configuration, or set spring.groovy.template.check-template-location=false)
?[2m2019-02-19 22:24:35.562?[0;39m ?[32mDEBUG?[0;39m ?[35m21075?[0;39m ?[2m---?[0;39m ?[2m[    Test worker]?[0;39m ?[36mo.s.b.f.s.DefaultListableBeanFactory    ?[0;39m ?[2m:?[0;39m Creating shared instance of singleton bean 'groovyMarkupConfigurer'
?[2m2019-02-19 22:24:36.305?[0;39m ?[32mDEBUG?[0;39m ?[35m21075?[0;39m ?[2m---?[0;39m ?[2m[    Test worker]?[0;39m ?[36mo.s.b.f.s.DefaultListableBeanFactory    ?[0;39m ?[2m:?[0;39m Creating shared instance of singleton bean 'org.springframework.boot.autoconfigure.groovy.template.GroovyTemplateAutoConfiguration'
?[2m2019-02-19 22:24:36.312?[0;39m ?[32mDEBUG?[0;39m ?[35m21075?[0;39m ?[2m---?[0;39m ?[2m[    Test worker]?[0;39m ?[36mo.s.b.f.s.DefaultListableBeanFactory    ?[0;39m ?[2m:?[0;39m Creating shared instance of singleton bean 'org.springframework.boot.autoconfigure.h2.H2ConsoleAutoConfiguration'
?[2m2019-02-19 22:24:36.313?[0;39m ?[32mDEBUG?[0;39m ?[35m21075?[0;39m ?[2m---?[0;39m ?[2m[    Test worker]?[0;39m ?[36mocalVariableTableParameterNameDiscoverer?[0;39m ?[2m:?[0;39m Cannot find '.class' file for class [class org.springframework.boot.autoconfigure.h2.H2ConsoleAutoConfiguration$$EnhancerBySpringCGLIB$$51208525] - unable to determine constructor/method parameter names
?[2m2019-02-19 22:24:36.314?[0;39m ?[32mDEBUG?[0;39m ?[35m21075?[0;39m ?[2m---?[0;39m ?[2m[    Test worker]?[0;39m ?[36mo.s.b.f.s.DefaultListableBeanFactory    ?[0;39m ?[2m:?[0;39m Creating shared instance of singleton bean 'spring.h2.console-org.springframework.boot.autoconfigure.h2.H2ConsoleProperties'
?[2m2019-02-19 22:24:36.321?[0;39m ?[32mDEBUG?[0;39m ?[35m21075?[0;39m ?[2m---?[0;39m ?[2m[    Test worker]?[0;39m ?[36mo.s.b.f.s.DefaultListableBeanFactory    ?[0;39m ?[2m:?[0;39m Autowiring by type from bean name 'org.springframework.boot.autoconfigure.h2.H2ConsoleAutoConfiguration' via constructor to bean named 'spring.h2.console-org.springframework.boot.autoconfigure.h2.H2ConsoleProperties'
?[2m2019-02-19 22:24:36.326?[0;39m ?[32mDEBUG?[0;39m ?[35m21075?[0;39m ?[2m---?[0;39m ?[2m[    Test worker]?[0;39m ?[36mo.s.b.f.s.DefaultListableBeanFactory    ?[0;39m ?[2m:?[0;39m Creating shared instance of singleton bean 'h2Console'
?[2m2019-02-19 22:24:36.337?[0;39m ?[32mDEBUG?[0;39m ?[35m21075?[0;39m ?[2m---?[0;39m ?[2m[    Test worker]?[0;39m ?[36mo.s.b.f.s.DefaultListableBeanFactory    ?[0;39m ?[2m:?[0;39m Creating shared instance of singleton bean 'org.springframework.boot.autoconfigure.http.codec.CodecsAutoConfiguration$LoggingCodecConfiguration'
?[2m2019-02-19 22:24:36.341?[0;39m ?[32mDEBUG?[0;39m ?[35m21075?[0;39m ?[2m---?[0;39m ?[2m[    Test worker]?[0;39m ?[36mo.s.b.f.s.DefaultListableBeanFactory    ?[0;39m ?[2m:?[0;39m Creating shared instance of singleton bean 'loggingCodecCustomizer'
?[2m2019-02-19 22:24:36.341?[0;39m ?[32mDEBUG?[0;39m ?[35m21075?[0;39m ?[2m---?[0;39m ?[2m[    Test worker]?[0;39m ?[36mo.s.b.f.s.DefaultListableBeanFactory    ?[0;39m ?[2m:?[0;39m Autowiring by type from bean name 'loggingCodecCustomizer' via factory method to bean named 'spring.http-org.springframework.boot.autoconfigure.http.HttpProperties'
?[2m2019-02-19 22:24:36.347?[0;39m ?[32mDEBUG?[0;39m ?[35m21075?[0;39m ?[2m---?[0;39m ?[2m[    Test worker]?[0;39m ?[36mo.s.b.f.s.DefaultListableBeanFactory    ?[0;39m ?[2m:?[0;39m Creating shared instance of singleton bean 'org.springframework.boot.autoconfigure.http.codec.CodecsAutoConfiguration$JacksonCodecConfiguration'
?[2m2019-02-19 22:24:36.351?[0;39m ?[32mDEBUG?[0;39m ?[35m21075?[0;39m ?[2m---?[0;39m ?[2m[    Test worker]?[0;39m ?[36mo.s.b.f.s.DefaultListableBeanFactory    ?[0;39m ?[2m:?[0;39m Creating shared instance of singleton bean 'jacksonCodecCustomizer'
?[2m2019-02-19 22:24:36.351?[0;39m ?[32mDEBUG?[0;39m ?[35m21075?[0;39m ?[2m---?[0;39m ?[2m[    Test worker]?[0;39m ?[36mo.s.b.f.s.DefaultListableBeanFactory    ?[0;39m ?[2m:?[0;39m Autowiring by type from bean name 'jacksonCodecCustomizer' via factory method to bean named 'jacksonObjectMapper'
?[2m2019-02-19 22:24:36.356?[0;39m ?[32mDEBUG?[0;39m ?[35m21075?[0;39m ?[2m---?[0;39m ?[2m[    Test worker]?[0;39m ?[36mo.s.b.f.s.DefaultListableBeanFactory    ?[0;39m ?[2m:?[0;39m Creating shared instance of singleton bean 'org.springframework.boot.autoconfigure.http.codec.CodecsAutoConfiguration'
?[2m2019-02-19 22:24:36.361?[0;39m ?[32mDEBUG?[0;39m ?[35m21075?[0;39m ?[2m---?[0;39m ?[2m[    Test worker]?[0;39m ?[36mo.s.b.f.s.DefaultListableBeanFactory    ?[0;39m ?[2m:?[0;39m Creating shared instance of singleton bean 'org.springframework.boot.autoconfigure.info.ProjectInfoAutoConfiguration'
?[2m2019-02-19 22:24:36.362?[0;39m ?[32mDEBUG?[0;39m ?[35m21075?[0;39m ?[2m---?[0;39m ?[2m[    Test worker]?[0;39m ?[36mocalVariableTableParameterNameDiscoverer?[0;39m ?[2m:?[0;39m Cannot find '.class' file for class [class org.springframework.boot.autoconfigure.info.ProjectInfoAutoConfiguration$$EnhancerBySpringCGLIB$$bd820c07] - unable to determine constructor/method parameter names
?[2m2019-02-19 22:24:36.363?[0;39m ?[32mDEBUG?[0;39m ?[35m21075?[0;39m ?[2m---?[0;39m ?[2m[    Test worker]?[0;39m ?[36mo.s.b.f.s.DefaultListableBeanFactory    ?[0;39m ?[2m:?[0;39m Creating shared instance of singleton bean 'spring.info-org.springframework.boot.autoconfigure.info.ProjectInfoProperties'
?[2m2019-02-19 22:24:36.366?[0;39m ?[32mDEBUG?[0;39m ?[35m21075?[0;39m ?[2m---?[0;39m ?[2m[    Test worker]?[0;39m ?[36mo.s.b.f.s.DefaultListableBeanFactory    ?[0;39m ?[2m:?[0;39m Autowiring by type from bean name 'org.springframework.boot.autoconfigure.info.ProjectInfoAutoConfiguration' via constructor to bean named 'spring.info-org.springframework.boot.autoconfigure.info.ProjectInfoProperties'
?[2m2019-02-19 22:24:36.370?[0;39m ?[32mDEBUG?[0;39m ?[35m21075?[0;39m ?[2m---?[0;39m ?[2m[    Test worker]?[0;39m ?[36mo.s.b.f.s.DefaultListableBeanFactory    ?[0;39m ?[2m:?[0;39m Creating shared instance of singleton bean 'org.springframework.boot.autoconfigure.jdbc.JdbcTemplateAutoConfiguration$JdbcTemplateConfiguration'
?[2m2019-02-19 22:24:36.371?[0;39m ?[32mDEBUG?[0;39m ?[35m21075?[0;39m ?[2m---?[0;39m ?[2m[    Test worker]?[0;39m ?[36mocalVariableTableParameterNameDiscoverer?[0;39m ?[2m:?[0;39m Cannot find '.class' file for class [class org.springframework.boot.autoconfigure.jdbc.JdbcTemplateAutoConfiguration$JdbcTemplateConfiguration$$EnhancerBySpringCGLIB$$9a132d5b] - unable to determine constructor/method parameter names
?[2m2019-02-19 22:24:36.373?[0;39m ?[32mDEBUG?[0;39m ?[35m21075?[0;39m ?[2m---?[0;39m ?[2m[    Test worker]?[0;39m ?[36mo.s.b.f.s.DefaultListableBeanFactory    ?[0;39m ?[2m:?[0;39m Creating shared instance of singleton bean 'spring.jdbc-org.springframework.boot.autoconfigure.jdbc.JdbcProperties'
?[2m2019-02-19 22:24:36.375?[0;39m ?[32mDEBUG?[0;39m ?[35m21075?[0;39m ?[2m---?[0;39m ?[2m[    Test worker]?[0;39m ?[36mo.s.b.f.s.DefaultListableBeanFactory    ?[0;39m ?[2m:?[0;39m Autowiring by type from bean name 'org.springframework.boot.autoconfigure.jdbc.JdbcTemplateAutoConfiguration$JdbcTemplateConfiguration' via constructor to bean named 'dataSource'
?[2m2019-02-19 22:24:36.376?[0;39m ?[32mDEBUG?[0;39m ?[35m21075?[0;39m ?[2m---?[0;39m ?[2m[    Test worker]?[0;39m ?[36mo.s.b.f.s.DefaultListableBeanFactory    ?[0;39m ?[2m:?[0;39m Autowiring by type from bean name 'org.springframework.boot.autoconfigure.jdbc.JdbcTemplateAutoConfiguration$JdbcTemplateConfiguration' via constructor to bean named 'spring.jdbc-org.springframework.boot.autoconfigure.jdbc.JdbcProperties'
?[2m2019-02-19 22:24:36.380?[0;39m ?[32mDEBUG?[0;39m ?[35m21075?[0;39m ?[2m---?[0;39m ?[2m[    Test worker]?[0;39m ?[36mo.s.b.f.s.DefaultListableBeanFactory    ?[0;39m ?[2m:?[0;39m Creating shared instance of singleton bean 'jdbcTemplate'
?[2m2019-02-19 22:24:36.404?[0;39m ?[32mDEBUG?[0;39m ?[35m21075?[0;39m ?[2m---?[0;39m ?[2m[    Test worker]?[0;39m ?[36mo.s.b.f.s.DefaultListableBeanFactory    ?[0;39m ?[2m:?[0;39m Creating shared instance of singleton bean 'org.springframework.boot.autoconfigure.jdbc.JdbcTemplateAutoConfiguration$NamedParameterJdbcTemplateConfiguration'
?[2m2019-02-19 22:24:36.410?[0;39m ?[32mDEBUG?[0;39m ?[35m21075?[0;39m ?[2m---?[0;39m ?[2m[    Test worker]?[0;39m ?[36mo.s.b.f.s.DefaultListableBeanFactory    ?[0;39m ?[2m:?[0;39m Creating shared instance of singleton bean 'namedParameterJdbcTemplate'
?[2m2019-02-19 22:24:36.412?[0;39m ?[32mDEBUG?[0;39m ?[35m21075?[0;39m ?[2m---?[0;39m ?[2m[    Test worker]?[0;39m ?[36mo.s.b.f.s.DefaultListableBeanFactory    ?[0;39m ?[2m:?[0;39m Autowiring by type from bean name 'namedParameterJdbcTemplate' via factory method to bean named 'jdbcTemplate'
?[2m2019-02-19 22:24:36.430?[0;39m ?[32mDEBUG?[0;39m ?[35m21075?[0;39m ?[2m---?[0;39m ?[2m[    Test worker]?[0;39m ?[36mo.s.b.f.s.DefaultListableBeanFactory    ?[0;39m ?[2m:?[0;39m Creating shared instance of singleton bean 'org.springframework.boot.autoconfigure.jdbc.JdbcTemplateAutoConfiguration'
?[2m2019-02-19 22:24:36.434?[0;39m ?[32mDEBUG?[0;39m ?[35m21075?[0;39m ?[2m---?[0;39m ?[2m[    Test worker]?[0;39m ?[36mo.s.b.f.s.DefaultListableBeanFactory    ?[0;39m ?[2m:?[0;39m Creating shared instance of singleton bean 'org.springframework.boot.autoconfigure.task.TaskSchedulingAutoConfiguration'
?[2m2019-02-19 22:24:36.439?[0;39m ?[32mDEBUG?[0;39m ?[35m21075?[0;39m ?[2m---?[0;39m ?[2m[    Test worker]?[0;39m ?[36mo.s.b.f.s.DefaultListableBeanFactory    ?[0;39m ?[2m:?[0;39m Creating shared instance of singleton bean 'taskSchedulerBuilder'
?[2m2019-02-19 22:24:36.440?[0;39m ?[32mDEBUG?[0;39m ?[35m21075?[0;39m ?[2m---?[0;39m ?[2m[    Test worker]?[0;39m ?[36mo.s.b.f.s.DefaultListableBeanFactory    ?[0;39m ?[2m:?[0;39m Creating shared instance of singleton bean 'spring.task.scheduling-org.springframework.boot.autoconfigure.task.TaskSchedulingProperties'
?[2m2019-02-19 22:24:36.443?[0;39m ?[32mDEBUG?[0;39m ?[35m21075?[0;39m ?[2m---?[0;39m ?[2m[    Test worker]?[0;39m ?[36mo.s.b.f.s.DefaultListableBeanFactory    ?[0;39m ?[2m:?[0;39m Autowiring by type from bean name 'taskSchedulerBuilder' via factory method to bean named 'spring.task.scheduling-org.springframework.boot.autoconfigure.task.TaskSchedulingProperties'
?[2m2019-02-19 22:24:36.450?[0;39m ?[32mDEBUG?[0;39m ?[35m21075?[0;39m ?[2m---?[0;39m ?[2m[    Test worker]?[0;39m ?[36mo.s.b.f.s.DefaultListableBeanFactory    ?[0;39m ?[2m:?[0;39m Creating shared instance of singleton bean 'org.springframework.boot.autoconfigure.jdbc.DataSourceTransactionManagerAutoConfiguration$DataSourceTransactionManagerConfiguration'
?[2m2019-02-19 22:24:36.451?[0;39m ?[32mDEBUG?[0;39m ?[35m21075?[0;39m ?[2m---?[0;39m ?[2m[    Test worker]?[0;39m ?[36mocalVariableTableParameterNameDiscoverer?[0;39m ?[2m:?[0;39m Cannot find '.class' file for class [class org.springframework.boot.autoconfigure.jdbc.DataSourceTransactionManagerAutoConfiguration$DataSourceTransactionManagerConfiguration$$EnhancerBySpringCGLIB$$2e88975d] - unable to determine constructor/method parameter names
?[2m2019-02-19 22:24:36.452?[0;39m ?[32mDEBUG?[0;39m ?[35m21075?[0;39m ?[2m---?[0;39m ?[2m[    Test worker]?[0;39m ?[36mo.s.b.f.s.DefaultListableBeanFactory    ?[0;39m ?[2m:?[0;39m Autowiring by type from bean name 'org.springframework.boot.autoconfigure.jdbc.DataSourceTransactionManagerAutoConfiguration$DataSourceTransactionManagerConfiguration' via constructor to bean named 'dataSource'
?[2m2019-02-19 22:24:36.457?[0;39m ?[32mDEBUG?[0;39m ?[35m21075?[0;39m ?[2m---?[0;39m ?[2m[    Test worker]?[0;39m ?[36mo.s.b.f.s.DefaultListableBeanFactory    ?[0;39m ?[2m:?[0;39m Creating shared instance of singleton bean 'org.springframework.boot.autoconfigure.jdbc.DataSourceTransactionManagerAutoConfiguration'
?[2m2019-02-19 22:24:36.461?[0;39m ?[32mDEBUG?[0;39m ?[35m21075?[0;39m ?[2m---?[0;39m ?[2m[    Test worker]?[0;39m ?[36mo.s.b.f.s.DefaultListableBeanFactory    ?[0;39m ?[2m:?[0;39m Creating shared instance of singleton bean 'org.springframework.boot.autoconfigure.transaction.TransactionAutoConfiguration$EnableTransactionManagementConfiguration$CglibAutoProxyConfiguration'
?[2m2019-02-19 22:24:36.465?[0;39m ?[32mDEBUG?[0;39m ?[35m21075?[0;39m ?[2m---?[0;39m ?[2m[    Test worker]?[0;39m ?[36mo.s.b.f.s.DefaultListableBeanFactory    ?[0;39m ?[2m:?[0;39m Creating shared instance of singleton bean 'org.springframework.boot.autoconfigure.transaction.TransactionAutoConfiguration$EnableTransactionManagementConfiguration'
?[2m2019-02-19 22:24:36.469?[0;39m ?[32mDEBUG?[0;39m ?[35m21075?[0;39m ?[2m---?[0;39m ?[2m[    Test worker]?[0;39m ?[36mo.s.b.f.s.DefaultListableBeanFactory    ?[0;39m ?[2m:?[0;39m Creating shared instance of singleton bean 'org.springframework.boot.autoconfigure.transaction.TransactionAutoConfiguration$TransactionTemplateConfiguration'
?[2m2019-02-19 22:24:36.470?[0;39m ?[32mDEBUG?[0;39m ?[35m21075?[0;39m ?[2m---?[0;39m ?[2m[    Test worker]?[0;39m ?[36mocalVariableTableParameterNameDiscoverer?[0;39m ?[2m:?[0;39m Cannot find '.class' file for class [class org.springframework.boot.autoconfigure.transaction.TransactionAutoConfiguration$TransactionTemplateConfiguration$$EnhancerBySpringCGLIB$$80125c30] - unable to determine constructor/method parameter names
?[2m2019-02-19 22:24:36.471?[0;39m ?[32mDEBUG?[0;39m ?[35m21075?[0;39m ?[2m---?[0;39m ?[2m[    Test worker]?[0;39m ?[36mo.s.b.f.s.DefaultListableBeanFactory    ?[0;39m ?[2m:?[0;39m Autowiring by type from bean name 'org.springframework.boot.autoconfigure.transaction.TransactionAutoConfiguration$TransactionTemplateConfiguration' via constructor to bean named 'transactionManager'
?[2m2019-02-19 22:24:36.475?[0;39m ?[32mDEBUG?[0;39m ?[35m21075?[0;39m ?[2m---?[0;39m ?[2m[    Test worker]?[0;39m ?[36mo.s.b.f.s.DefaultListableBeanFactory    ?[0;39m ?[2m:?[0;39m Creating shared instance of singleton bean 'transactionTemplate'
?[2m2019-02-19 22:24:36.484?[0;39m ?[32mDEBUG?[0;39m ?[35m21075?[0;39m ?[2m---?[0;39m ?[2m[    Test worker]?[0;39m ?[36mo.s.b.f.s.DefaultListableBeanFactory    ?[0;39m ?[2m:?[0;39m Creating shared instance of singleton bean 'org.springframework.boot.autoconfigure.web.client.RestTemplateAutoConfiguration'
?[2m2019-02-19 22:24:36.485?[0;39m ?[32mDEBUG?[0;39m ?[35m21075?[0;39m ?[2m---?[0;39m ?[2m[    Test worker]?[0;39m ?[36mocalVariableTableParameterNameDiscoverer?[0;39m ?[2m:?[0;39m Cannot find '.class' file for class [class org.springframework.boot.autoconfigure.web.client.RestTemplateAutoConfiguration$$EnhancerBySpringCGLIB$$1c9df86f] - unable to determine constructor/method parameter names
?[2m2019-02-19 22:24:36.490?[0;39m ?[32mDEBUG?[0;39m ?[35m21075?[0;39m ?[2m---?[0;39m ?[2m[    Test worker]?[0;39m ?[36mo.s.b.f.s.DefaultListableBeanFactory    ?[0;39m ?[2m:?[0;39m Creating shared instance of singleton bean 'restTemplateBuilder'
?[2m2019-02-19 22:24:36.500?[0;39m ?[32mDEBUG?[0;39m ?[35m21075?[0;39m ?[2m---?[0;39m ?[2m[    Test worker]?[0;39m ?[36mo.s.b.f.s.DefaultListableBeanFactory    ?[0;39m ?[2m:?[0;39m Creating shared instance of singleton bean 'org.springframework.boot.autoconfigure.web.embedded.EmbeddedWebServerFactoryCustomizerAutoConfiguration'
?[2m2019-02-19 22:24:36.506?[0;39m ?[32mDEBUG?[0;39m ?[35m21075?[0;39m ?[2m---?[0;39m ?[2m[    Test worker]?[0;39m ?[36mo.s.b.f.s.DefaultListableBeanFactory    ?[0;39m ?[2m:?[0;39m Creating shared instance of singleton bean 'characterEncodingFilter'
?[2m2019-02-19 22:24:36.518?[0;39m ?[32mDEBUG?[0;39m ?[35m21075?[0;39m ?[2m---?[0;39m ?[2m[    Test worker]?[0;39m ?[36mo.s.b.f.s.DefaultListableBeanFactory    ?[0;39m ?[2m:?[0;39m Creating shared instance of singleton bean 'multipartResolver'
?[2m2019-02-19 22:24:36.583?[0;39m ?[32mDEBUG?[0;39m ?[35m21075?[0;39m ?[2m---?[0;39m ?[2m[    Test worker]?[0;39m ?[36mConditionEvaluationReportLoggingListener?[0;39m ?[2m:?[0;39m 


============================
CONDITIONS EVALUATION REPORT
============================


Positive matches:
-----------------

   AopAutoConfiguration matched:
      - @ConditionalOnClass found required classes 'org.springframework.context.annotation.EnableAspectJAutoProxy', 'org.aspectj.lang.annotation.Aspect', 'org.aspectj.lang.reflect.Advice', 'org.aspectj.weaver.AnnotatedElement' (OnClassCondition)
      - @ConditionalOnProperty (spring.aop.auto=true) matched (OnPropertyCondition)

   AopAutoConfiguration.CglibAutoProxyConfiguration matched:
      - @ConditionalOnProperty (spring.aop.proxy-target-class=true) matched (OnPropertyCondition)

   CodecsAutoConfiguration matched:
      - @ConditionalOnClass found required class 'org.springframework.http.codec.CodecConfigurer' (OnClassCondition)

   CodecsAutoConfiguration.JacksonCodecConfiguration matched:
      - @ConditionalOnClass found required class 'com.fasterxml.jackson.databind.ObjectMapper' (OnClassCondition)

   CodecsAutoConfiguration.JacksonCodecConfiguration#jacksonCodecCustomizer matched:
      - @ConditionalOnBean (types: com.fasterxml.jackson.databind.ObjectMapper; SearchStrategy: all) found bean 'jacksonObjectMapper' (OnBeanCondition)

   DataSourceAutoConfiguration matched:
      - @ConditionalOnClass found required classes 'javax.sql.DataSource', 'org.springframework.jdbc.datasource.embedded.EmbeddedDatabaseType' (OnClassCondition)

   DataSourceAutoConfiguration.PooledDataSourceConfiguration matched:
      - AnyNestedCondition 1 matched 1 did not; NestedCondition on DataSourceAutoConfiguration.PooledDataSourceCondition.PooledDataSourceAvailable PooledDataSource found supported DataSource; NestedCondition on DataSourceAutoConfiguration.PooledDataSourceCondition.ExplicitType @ConditionalOnProperty (spring.datasource.type) did not find property 'type' (DataSourceAutoConfiguration.PooledDataSourceCondition)
      - @ConditionalOnMissingBean (types: javax.sql.DataSource,javax.sql.XADataSource; SearchStrategy: all) did not find any beans (OnBeanCondition)

   DataSourceConfiguration.Hikari matched:
      - @ConditionalOnClass found required class 'com.zaxxer.hikari.HikariDataSource' (OnClassCondition)
      - @ConditionalOnProperty (spring.datasource.type=com.zaxxer.hikari.HikariDataSource) matched (OnPropertyCondition)
      - @ConditionalOnMissingBean (types: javax.sql.DataSource; SearchStrategy: all) did not find any beans (OnBeanCondition)

   DataSourcePoolMetadataProvidersConfiguration.HikariPoolDataSourceMetadataProviderConfiguration matched:
      - @ConditionalOnClass found required class 'com.zaxxer.hikari.HikariDataSource' (OnClassCondition)

   DataSourceTransactionManagerAutoConfiguration matched:
      - @ConditionalOnClass found required classes 'org.springframework.jdbc.core.JdbcTemplate', 'org.springframework.transaction.PlatformTransactionManager' (OnClassCondition)

   DataSourceTransactionManagerAutoConfiguration.DataSourceTransactionManagerConfiguration matched:
      - @ConditionalOnSingleCandidate (types: javax.sql.DataSource; SearchStrategy: all) found a primary bean from beans 'dataSource' (OnBeanCondition)

   DispatcherServletAutoConfiguration matched:
      - @ConditionalOnClass found required class 'org.springframework.web.servlet.DispatcherServlet' (OnClassCondition)
      - found 'session' scope (OnWebApplicationCondition)

   DispatcherServletAutoConfiguration.DispatcherServletConfiguration matched:
      - @ConditionalOnClass found required class 'javax.servlet.ServletRegistration' (OnClassCondition)
      - Default DispatcherServlet did not find dispatcher servlet beans (DispatcherServletAutoConfiguration.DefaultDispatcherServletCondition)

   DispatcherServletAutoConfiguration.DispatcherServletRegistrationConfiguration matched:
      - @ConditionalOnClass found required class 'javax.servlet.ServletRegistration' (OnClassCondition)
      - DispatcherServlet Registration did not find servlet registration bean (DispatcherServletAutoConfiguration.DispatcherServletRegistrationCondition)

   DispatcherServletAutoConfiguration.DispatcherServletRegistrationConfiguration#dispatcherServletRegistration matched:
      - @ConditionalOnBean (names: dispatcherServlet; types: org.springframework.web.servlet.DispatcherServlet; SearchStrategy: all) found bean 'dispatcherServlet' (OnBeanCondition)

   EmbeddedWebServerFactoryCustomizerAutoConfiguration matched:
      - @ConditionalOnWebApplication (required) found 'session' scope (OnWebApplicationCondition)

   EmbeddedWebServerFactoryCustomizerAutoConfiguration.TomcatWebServerFactoryCustomizerConfiguration matched:
      - @ConditionalOnClass found required classes 'org.apache.catalina.startup.Tomcat', 'org.apache.coyote.UpgradeProtocol' (OnClassCondition)

   ErrorMvcAutoConfiguration matched:
      - @ConditionalOnClass found required classes 'javax.servlet.Servlet', 'org.springframework.web.servlet.DispatcherServlet' (OnClassCondition)
      - found 'session' scope (OnWebApplicationCondition)

   ErrorMvcAutoConfiguration#basicErrorController matched:
      - @ConditionalOnMissingBean (types: org.springframework.boot.web.servlet.error.ErrorController; SearchStrategy: current) did not find any beans (OnBeanCondition)

   ErrorMvcAutoConfiguration#errorAttributes matched:
      - @ConditionalOnMissingBean (types: org.springframework.boot.web.servlet.error.ErrorAttributes; SearchStrategy: current) did not find any beans (OnBeanCondition)

   ErrorMvcAutoConfiguration.DefaultErrorViewResolverConfiguration#conventionErrorViewResolver matched:
      - @ConditionalOnBean (types: org.springframework.web.servlet.DispatcherServlet; SearchStrategy: all) found bean 'dispatcherServlet'; @ConditionalOnMissingBean (types: org.springframework.boot.autoconfigure.web.servlet.error.DefaultErrorViewResolver; SearchStrategy: all) did not find any beans (OnBeanCondition)

   ErrorMvcAutoConfiguration.WhitelabelErrorViewConfiguration matched:
      - @ConditionalOnProperty (server.error.whitelabel.enabled) matched (OnPropertyCondition)
      - ErrorTemplate Missing did not find error template view (ErrorMvcAutoConfiguration.ErrorTemplateMissingCondition)

   ErrorMvcAutoConfiguration.WhitelabelErrorViewConfiguration#beanNameViewResolver matched:
      - @ConditionalOnMissingBean (types: org.springframework.web.servlet.view.BeanNameViewResolver; SearchStrategy: all) did not find any beans (OnBeanCondition)

   ErrorMvcAutoConfiguration.WhitelabelErrorViewConfiguration#defaultErrorView matched:
      - @ConditionalOnMissingBean (names: error; SearchStrategy: all) did not find any beans (OnBeanCondition)

   GenericCacheConfiguration matched:
      - Cache org.springframework.boot.autoconfigure.cache.GenericCacheConfiguration automatic cache type (CacheCondition)

   GroovyTemplateAutoConfiguration matched:
      - @ConditionalOnClass found required class 'groovy.text.markup.MarkupTemplateEngine' (OnClassCondition)

   GroovyTemplateAutoConfiguration.GroovyMarkupConfiguration matched:
      - @ConditionalOnClass found required class 'org.springframework.web.servlet.view.groovy.GroovyMarkupConfigurer' (OnClassCondition)

   GroovyTemplateAutoConfiguration.GroovyMarkupConfiguration#groovyMarkupConfigurer matched:
      - @ConditionalOnMissingBean (types: org.springframework.web.servlet.view.groovy.GroovyMarkupConfig; SearchStrategy: all) did not find any beans (OnBeanCondition)

   GroovyTemplateAutoConfiguration.GroovyWebConfiguration matched:
      - @ConditionalOnClass found required classes 'javax.servlet.Servlet', 'org.springframework.context.i18n.LocaleContextHolder', 'org.springframework.web.servlet.view.UrlBasedViewResolver' (OnClassCondition)
      - found 'session' scope (OnWebApplicationCondition)
      - @ConditionalOnProperty (spring.groovy.template.enabled) matched (OnPropertyCondition)

   GroovyTemplateAutoConfiguration.GroovyWebConfiguration#groovyMarkupViewResolver matched:
      - @ConditionalOnMissingBean (names: groovyMarkupViewResolver; SearchStrategy: all) did not find any beans (OnBeanCondition)

   H2ConsoleAutoConfiguration matched:
      - @ConditionalOnClass found required class 'org.h2.server.web.WebServlet' (OnClassCondition)
      - found 'session' scope (OnWebApplicationCondition)
      - @ConditionalOnProperty (spring.h2.console.enabled=true) matched (OnPropertyCondition)

   HibernateJpaAutoConfiguration matched:
      - @ConditionalOnClass found required classes 'org.springframework.orm.jpa.LocalContainerEntityManagerFactoryBean', 'javax.persistence.EntityManager' (OnClassCondition)
      - HibernateEntityManager found class 'org.hibernate.ejb.HibernateEntityManager' (HibernateJpaAutoConfiguration.HibernateEntityManagerCondition)

   HibernateJpaConfiguration matched:
      - @ConditionalOnSingleCandidate (types: javax.sql.DataSource; SearchStrategy: all) found a primary bean from beans 'dataSource' (OnBeanCondition)

   HttpEncodingAutoConfiguration matched:
      - @ConditionalOnClass found required class 'org.springframework.web.filter.CharacterEncodingFilter' (OnClassCondition)
      - found 'session' scope (OnWebApplicationCondition)
      - @ConditionalOnProperty (spring.http.encoding.enabled) matched (OnPropertyCondition)

   HttpEncodingAutoConfiguration#characterEncodingFilter matched:
      - @ConditionalOnMissingBean (types: org.springframework.web.filter.CharacterEncodingFilter; SearchStrategy: all) did not find any beans (OnBeanCondition)

   HttpMessageConvertersAutoConfiguration matched:
      - @ConditionalOnClass found required class 'org.springframework.http.converter.HttpMessageConverter' (OnClassCondition)

   HttpMessageConvertersAutoConfiguration#messageConverters matched:
      - @ConditionalOnMissingBean (types: org.springframework.boot.autoconfigure.http.HttpMessageConverters; SearchStrategy: all) did not find any beans (OnBeanCondition)

   HttpMessageConvertersAutoConfiguration.StringHttpMessageConverterConfiguration matched:
      - @ConditionalOnClass found required class 'org.springframework.http.converter.StringHttpMessageConverter' (OnClassCondition)

   HttpMessageConvertersAutoConfiguration.StringHttpMessageConverterConfiguration#stringHttpMessageConverter matched:
      - @ConditionalOnMissingBean (types: org.springframework.http.converter.StringHttpMessageConverter; SearchStrategy: all) did not find any beans (OnBeanCondition)

   JacksonAutoConfiguration matched:
      - @ConditionalOnClass found required class 'com.fasterxml.jackson.databind.ObjectMapper' (OnClassCondition)

   JacksonAutoConfiguration.Jackson2ObjectMapperBuilderCustomizerConfiguration matched:
      - @ConditionalOnClass found required class 'org.springframework.http.converter.json.Jackson2ObjectMapperBuilder' (OnClassCondition)

   JacksonAutoConfiguration.JacksonObjectMapperBuilderConfiguration matched:
      - @ConditionalOnClass found required class 'org.springframework.http.converter.json.Jackson2ObjectMapperBuilder' (OnClassCondition)

   JacksonAutoConfiguration.JacksonObjectMapperBuilderConfiguration#jacksonObjectMapperBuilder matched:
      - @ConditionalOnMissingBean (types: org.springframework.http.converter.json.Jackson2ObjectMapperBuilder; SearchStrategy: all) did not find any beans (OnBeanCondition)

   JacksonAutoConfiguration.JacksonObjectMapperConfiguration matched:
      - @ConditionalOnClass found required class 'org.springframework.http.converter.json.Jackson2ObjectMapperBuilder' (OnClassCondition)

   JacksonAutoConfiguration.JacksonObjectMapperConfiguration#jacksonObjectMapper matched:
      - @ConditionalOnMissingBean (types: com.fasterxml.jackson.databind.ObjectMapper; SearchStrategy: all) did not find any beans (OnBeanCondition)

   JacksonAutoConfiguration.ParameterNamesModuleConfiguration matched:
      - @ConditionalOnClass found required class 'com.fasterxml.jackson.module.paramnames.ParameterNamesModule' (OnClassCondition)

   JacksonAutoConfiguration.ParameterNamesModuleConfiguration#parameterNamesModule matched:
      - @ConditionalOnMissingBean (types: com.fasterxml.jackson.module.paramnames.ParameterNamesModule; SearchStrategy: all) did not find any beans (OnBeanCondition)

   JacksonHttpMessageConvertersConfiguration.MappingJackson2HttpMessageConverterConfiguration matched:
      - @ConditionalOnClass found required class 'com.fasterxml.jackson.databind.ObjectMapper' (OnClassCondition)
      - @ConditionalOnProperty (spring.http.converters.preferred-json-mapper=jackson) matched (OnPropertyCondition)
      - @ConditionalOnBean (types: com.fasterxml.jackson.databind.ObjectMapper; SearchStrategy: all) found bean 'jacksonObjectMapper' (OnBeanCondition)

   JacksonHttpMessageConvertersConfiguration.MappingJackson2HttpMessageConverterConfiguration#mappingJackson2HttpMessageConverter matched:
      - @ConditionalOnMissingBean (types: org.springframework.http.converter.json.MappingJackson2HttpMessageConverter; SearchStrategy: all) did not find any beans (OnBeanCondition)

   JdbcTemplateAutoConfiguration matched:
      - @ConditionalOnClass found required classes 'javax.sql.DataSource', 'org.springframework.jdbc.core.JdbcTemplate' (OnClassCondition)
      - @ConditionalOnSingleCandidate (types: javax.sql.DataSource; SearchStrategy: all) found a primary bean from beans 'dataSource' (OnBeanCondition)

   JdbcTemplateAutoConfiguration.JdbcTemplateConfiguration#jdbcTemplate matched:
      - @ConditionalOnMissingBean (types: org.springframework.jdbc.core.JdbcOperations; SearchStrategy: all) did not find any beans (OnBeanCondition)

   JdbcTemplateAutoConfiguration.NamedParameterJdbcTemplateConfiguration#namedParameterJdbcTemplate matched:
      - @ConditionalOnSingleCandidate (types: org.springframework.jdbc.core.JdbcTemplate; SearchStrategy: all) found a primary bean from beans 'jdbcTemplate'; @ConditionalOnMissingBean (types: org.springframework.jdbc.core.namedparam.NamedParameterJdbcOperations; SearchStrategy: all) did not find any beans (OnBeanCondition)

   JpaBaseConfiguration#entityManagerFactory matched:
      - @ConditionalOnMissingBean (types: org.springframework.orm.jpa.LocalContainerEntityManagerFactoryBean,javax.persistence.EntityManagerFactory; SearchStrategy: all) did not find any beans (OnBeanCondition)

   JpaBaseConfiguration#entityManagerFactoryBuilder matched:
      - @ConditionalOnMissingBean (types: org.springframework.boot.orm.jpa.EntityManagerFactoryBuilder; SearchStrategy: all) did not find any beans (OnBeanCondition)

   JpaBaseConfiguration#jpaVendorAdapter matched:
      - @ConditionalOnMissingBean (types: org.springframework.orm.jpa.JpaVendorAdapter; SearchStrategy: all) did not find any beans (OnBeanCondition)

   JpaBaseConfiguration#transactionManager matched:
      - @ConditionalOnMissingBean (types: org.springframework.transaction.PlatformTransactionManager; SearchStrategy: all) did not find any beans (OnBeanCondition)

   JpaBaseConfiguration.JpaWebConfiguration matched:
      - @ConditionalOnClass found required class 'org.springframework.web.servlet.config.annotation.WebMvcConfigurer' (OnClassCondition)
      - found 'session' scope (OnWebApplicationCondition)
      - @ConditionalOnProperty (spring.jpa.open-in-view=true) matched (OnPropertyCondition)
      - @ConditionalOnMissingBean (types: org.springframework.orm.jpa.support.OpenEntityManagerInViewInterceptor,org.springframework.orm.jpa.support.OpenEntityManagerInViewFilter; SearchStrategy: all) did not find any beans (OnBeanCondition)

   JpaRepositoriesAutoConfiguration matched:
      - @ConditionalOnClass found required class 'org.springframework.data.jpa.repository.JpaRepository' (OnClassCondition)
      - @ConditionalOnProperty (spring.data.jpa.repositories.enabled=true) matched (OnPropertyCondition)
      - @ConditionalOnBean (types: javax.sql.DataSource; SearchStrategy: all) found bean 'dataSource'; @ConditionalOnMissingBean (types: org.springframework.data.jpa.repository.support.JpaRepositoryFactoryBean,org.springframework.data.jpa.repository.config.JpaRepositoryConfigExtension; SearchStrategy: all) did not find any beans (OnBeanCondition)

   JtaAutoConfiguration matched:
      - @ConditionalOnClass found required class 'javax.transaction.Transaction' (OnClassCondition)
      - @ConditionalOnProperty (spring.jta.enabled) matched (OnPropertyCondition)

   MultipartAutoConfiguration matched:
      - @ConditionalOnClass found required classes 'javax.servlet.Servlet', 'org.springframework.web.multipart.support.StandardServletMultipartResolver', 'javax.servlet.MultipartConfigElement' (OnClassCondition)
      - found 'session' scope (OnWebApplicationCondition)
      - @ConditionalOnProperty (spring.servlet.multipart.enabled) matched (OnPropertyCondition)

   MultipartAutoConfiguration#multipartConfigElement matched:
      - @ConditionalOnMissingBean (types: javax.servlet.MultipartConfigElement,org.springframework.web.multipart.commons.CommonsMultipartResolver; SearchStrategy: all) did not find any beans (OnBeanCondition)

   MultipartAutoConfiguration#multipartResolver matched:
      - @ConditionalOnMissingBean (types: org.springframework.web.multipart.MultipartResolver; SearchStrategy: all) did not find any beans (OnBeanCondition)

   NoOpCacheConfiguration matched:
      - Cache org.springframework.boot.autoconfigure.cache.NoOpCacheConfiguration automatic cache type (CacheCondition)

   PersistenceExceptionTranslationAutoConfiguration matched:
      - @ConditionalOnClass found required class 'org.springframework.dao.annotation.PersistenceExceptionTranslationPostProcessor' (OnClassCondition)

   PersistenceExceptionTranslationAutoConfiguration#persistenceExceptionTranslationPostProcessor matched:
      - @ConditionalOnProperty (spring.dao.exceptiontranslation.enabled) matched (OnPropertyCondition)
      - @ConditionalOnMissingBean (types: org.springframework.dao.annotation.PersistenceExceptionTranslationPostProcessor; SearchStrategy: all) did not find any beans (OnBeanCondition)

   PropertyPlaceholderAutoConfiguration#propertySourcesPlaceholderConfigurer matched:
      - @ConditionalOnMissingBean (types: org.springframework.context.support.PropertySourcesPlaceholderConfigurer; SearchStrategy: current) did not find any beans (OnBeanCondition)

   RestTemplateAutoConfiguration matched:
      - @ConditionalOnClass found required class 'org.springframework.web.client.RestTemplate' (OnClassCondition)

   RestTemplateAutoConfiguration#restTemplateBuilder matched:
      - @ConditionalOnMissingBean (types: org.springframework.boot.web.client.RestTemplateBuilder; SearchStrategy: all) did not find any beans (OnBeanCondition)

   ServletWebServerFactoryAutoConfiguration matched:
      - @ConditionalOnClass found required class 'javax.servlet.ServletRequest' (OnClassCondition)
      - found 'session' scope (OnWebApplicationCondition)

   ServletWebServerFactoryAutoConfiguration#tomcatServletWebServerFactoryCustomizer matched:
      - @ConditionalOnClass found required class 'org.apache.catalina.startup.Tomcat' (OnClassCondition)

   ServletWebServerFactoryConfiguration.EmbeddedTomcat matched:
      - @ConditionalOnClass found required classes 'javax.servlet.Servlet', 'org.apache.catalina.startup.Tomcat', 'org.apache.coyote.UpgradeProtocol' (OnClassCondition)
      - @ConditionalOnMissingBean (types: org.springframework.boot.web.servlet.server.ServletWebServerFactory; SearchStrategy: current) did not find any beans (OnBeanCondition)

   SimpleCacheConfiguration matched:
      - Cache org.springframework.boot.autoconfigure.cache.SimpleCacheConfiguration automatic cache type (CacheCondition)

   SpringDataWebAutoConfiguration matched:
      - @ConditionalOnClass found required classes 'org.springframework.data.web.PageableHandlerMethodArgumentResolver', 'org.springframework.web.servlet.config.annotation.WebMvcConfigurer' (OnClassCondition)
      - found 'session' scope (OnWebApplicationCondition)
      - @ConditionalOnMissingBean (types: org.springframework.data.web.PageableHandlerMethodArgumentResolver; SearchStrategy: all) did not find any beans (OnBeanCondition)

   SpringDataWebAutoConfiguration#pageableCustomizer matched:
      - @ConditionalOnMissingBean (types: org.springframework.data.web.config.PageableHandlerMethodArgumentResolverCustomizer; SearchStrategy: all) did not find any beans (OnBeanCondition)

   SpringDataWebAutoConfiguration#sortCustomizer matched:
      - @ConditionalOnMissingBean (types: org.springframework.data.web.config.SortHandlerMethodArgumentResolverCustomizer; SearchStrategy: all) did not find any beans (OnBeanCondition)

   TaskExecutionAutoConfiguration matched:
      - @ConditionalOnClass found required class 'org.springframework.scheduling.concurrent.ThreadPoolTaskExecutor' (OnClassCondition)

   TaskExecutionAutoConfiguration#applicationTaskExecutor matched:
      - @ConditionalOnMissingBean (types: java.util.concurrent.Executor; SearchStrategy: all) did not find any beans (OnBeanCondition)

   TaskExecutionAutoConfiguration#taskExecutorBuilder matched:
      - @ConditionalOnMissingBean (types: org.springframework.boot.task.TaskExecutorBuilder; SearchStrategy: all) did not find any beans (OnBeanCondition)

   TaskSchedulingAutoConfiguration matched:
      - @ConditionalOnClass found required class 'org.springframework.scheduling.concurrent.ThreadPoolTaskScheduler' (OnClassCondition)

   TaskSchedulingAutoConfiguration#taskSchedulerBuilder matched:
      - @ConditionalOnMissingBean (types: org.springframework.boot.task.TaskSchedulerBuilder; SearchStrategy: all) did not find any beans (OnBeanCondition)

   TransactionAutoConfiguration matched:
      - @ConditionalOnClass found required class 'org.springframework.transaction.PlatformTransactionManager' (OnClassCondition)

   TransactionAutoConfiguration#platformTransactionManagerCustomizers matched:
      - @ConditionalOnMissingBean (types: org.springframework.boot.autoconfigure.transaction.TransactionManagerCustomizers; SearchStrategy: all) did not find any beans (OnBeanCondition)

   TransactionAutoConfiguration.EnableTransactionManagementConfiguration matched:
      - @ConditionalOnBean (types: org.springframework.transaction.PlatformTransactionManager; SearchStrategy: all) found bean 'transactionManager'; @ConditionalOnMissingBean (types: org.springframework.transaction.annotation.AbstractTransactionManagementConfiguration; SearchStrategy: all) did not find any beans (OnBeanCondition)

   TransactionAutoConfiguration.EnableTransactionManagementConfiguration.CglibAutoProxyConfiguration matched:
      - @ConditionalOnProperty (spring.aop.proxy-target-class=true) matched (OnPropertyCondition)

   TransactionAutoConfiguration.TransactionTemplateConfiguration matched:
      - @ConditionalOnSingleCandidate (types: org.springframework.transaction.PlatformTransactionManager; SearchStrategy: all) found a primary bean from beans 'transactionManager' (OnBeanCondition)

   TransactionAutoConfiguration.TransactionTemplateConfiguration#transactionTemplate matched:
      - @ConditionalOnMissingBean (types: org.springframework.transaction.support.TransactionTemplate; SearchStrategy: all) did not find any beans (OnBeanCondition)

   ValidationAutoConfiguration matched:
      - @ConditionalOnClass found required class 'javax.validation.executable.ExecutableValidator' (OnClassCondition)
      - @ConditionalOnResource found location classpath:META-INF/services/javax.validation.spi.ValidationProvider (OnResourceCondition)

   ValidationAutoConfiguration#defaultValidator matched:
      - @ConditionalOnMissingBean (types: javax.validation.Validator; SearchStrategy: all) did not find any beans (OnBeanCondition)

   ValidationAutoConfiguration#methodValidationPostProcessor matched:
      - @ConditionalOnMissingBean (types: org.springframework.validation.beanvalidation.MethodValidationPostProcessor; SearchStrategy: all) did not find any beans (OnBeanCondition)

   WebMvcAutoConfiguration matched:
      - @ConditionalOnClass found required classes 'javax.servlet.Servlet', 'org.springframework.web.servlet.DispatcherServlet', 'org.springframework.web.servlet.config.annotation.WebMvcConfigurer' (OnClassCondition)
      - found 'session' scope (OnWebApplicationCondition)
      - @ConditionalOnMissingBean (types: org.springframework.web.servlet.config.annotation.WebMvcConfigurationSupport; SearchStrategy: all) did not find any beans (OnBeanCondition)

   WebMvcAutoConfiguration#formContentFilter matched:
      - @ConditionalOnProperty (spring.mvc.formcontent.filter.enabled) matched (OnPropertyCondition)
      - @ConditionalOnMissingBean (types: org.springframework.web.filter.FormContentFilter; SearchStrategy: all) did not find any beans (OnBeanCondition)

   WebMvcAutoConfiguration#hiddenHttpMethodFilter matched:
      - @ConditionalOnProperty (spring.mvc.hiddenmethod.filter.enabled) matched (OnPropertyCondition)
      - @ConditionalOnMissingBean (types: org.springframework.web.filter.HiddenHttpMethodFilter; SearchStrategy: all) did not find any beans (OnBeanCondition)

   WebMvcAutoConfiguration.WebMvcAutoConfigurationAdapter#defaultViewResolver matched:
      - @ConditionalOnMissingBean (types: org.springframework.web.servlet.view.InternalResourceViewResolver; SearchStrategy: all) did not find any beans (OnBeanCondition)

   WebMvcAutoConfiguration.WebMvcAutoConfigurationAdapter#requestContextFilter matched:
      - @ConditionalOnMissingBean (types: org.springframework.web.context.request.RequestContextListener,org.springframework.web.filter.RequestContextFilter; SearchStrategy: all) did not find any beans (OnBeanCondition)

   WebMvcAutoConfiguration.WebMvcAutoConfigurationAdapter#viewResolver matched:
      - @ConditionalOnBean (types: org.springframework.web.servlet.ViewResolver; SearchStrategy: all) found beans 'defaultViewResolver', 'beanNameViewResolver', 'mvcViewResolver'; @ConditionalOnMissingBean (names: viewResolver; types: org.springframework.web.servlet.view.ContentNegotiatingViewResolver; SearchStrategy: all) did not find any beans (OnBeanCondition)

   WebMvcAutoConfiguration.WebMvcAutoConfigurationAdapter.FaviconConfiguration matched:
      - @ConditionalOnProperty (spring.mvc.favicon.enabled) matched (OnPropertyCondition)

   WebSocketServletAutoConfiguration matched:
      - @ConditionalOnClass found required classes 'javax.servlet.Servlet', 'javax.websocket.server.ServerContainer' (OnClassCondition)
      - found 'session' scope (OnWebApplicationCondition)

   WebSocketServletAutoConfiguration.TomcatWebSocketConfiguration matched:
      - @ConditionalOnClass found required classes 'org.apache.catalina.startup.Tomcat', 'org.apache.tomcat.websocket.server.WsSci' (OnClassCondition)

   WebSocketServletAutoConfiguration.TomcatWebSocketConfiguration#websocketServletWebServerCustomizer matched:
      - @ConditionalOnMissingBean (names: websocketServletWebServerCustomizer; SearchStrategy: all) did not find any beans (OnBeanCondition)


Negative matches:
-----------------

   ActiveMQAutoConfiguration:
      Did not match:
         - @ConditionalOnClass did not find required class 'javax.jms.ConnectionFactory' (OnClassCondition)

   AopAutoConfiguration.JdkDynamicAutoProxyConfiguration:
      Did not match:
         - @ConditionalOnProperty (spring.aop.proxy-target-class=false) did not find property 'proxy-target-class' (OnPropertyCondition)

   ArtemisAutoConfiguration:
      Did not match:
         - @ConditionalOnClass did not find required class 'javax.jms.ConnectionFactory' (OnClassCondition)

   AtomikosJtaConfiguration:
      Did not match:
         - @ConditionalOnClass did not find required class 'com.atomikos.icatch.jta.UserTransactionManager' (OnClassCondition)

   BatchAutoConfiguration:
      Did not match:
         - @ConditionalOnClass did not find required class 'org.springframework.batch.core.launch.JobLauncher' (OnClassCondition)

   BitronixJtaConfiguration:
      Did not match:
         - @ConditionalOnClass did not find required class 'bitronix.tm.jndi.BitronixContext' (OnClassCondition)

   CacheAutoConfiguration:
      Did not match:
         - @ConditionalOnBean (types: org.springframework.cache.interceptor.CacheAspectSupport; SearchStrategy: all) did not find any beans of type org.springframework.cache.interceptor.CacheAspectSupport (OnBeanCondition)
      Matched:
         - @ConditionalOnClass found required class 'org.springframework.cache.CacheManager' (OnClassCondition)

   CacheAutoConfiguration.CacheManagerJpaDependencyConfiguration:
      Did not match:
         - Ancestor org.springframework.boot.autoconfigure.cache.CacheAutoConfiguration did not match (ConditionEvaluationReport.AncestorsMatchedCondition)
      Matched:
         - @ConditionalOnClass found required class 'org.springframework.orm.jpa.LocalContainerEntityManagerFactoryBean' (OnClassCondition)

   CaffeineCacheConfiguration:
      Did not match:
         - @ConditionalOnClass did not find required classes 'com.github.benmanes.caffeine.cache.Caffeine', 'org.springframework.cache.caffeine.CaffeineCacheManager' (OnClassCondition)

   CassandraAutoConfiguration:
      Did not match:
         - @ConditionalOnClass did not find required class 'com.datastax.driver.core.Cluster' (OnClassCondition)

   CassandraDataAutoConfiguration:
      Did not match:
         - @ConditionalOnClass did not find required class 'com.datastax.driver.core.Cluster' (OnClassCondition)

   CassandraReactiveDataAutoConfiguration:
      Did not match:
         - @ConditionalOnClass did not find required class 'com.datastax.driver.core.Cluster' (OnClassCondition)

   CassandraReactiveRepositoriesAutoConfiguration:
      Did not match:
         - @ConditionalOnClass did not find required class 'org.springframework.data.cassandra.ReactiveSession' (OnClassCondition)

   CassandraRepositoriesAutoConfiguration:
      Did not match:
         - @ConditionalOnClass did not find required class 'com.datastax.driver.core.Session' (OnClassCondition)

   ClientHttpConnectorAutoConfiguration:
      Did not match:
         - @ConditionalOnClass did not find required class 'org.springframework.web.reactive.function.client.WebClient' (OnClassCondition)

   CloudServiceConnectorsAutoConfiguration:
      Did not match:
         - @ConditionalOnClass did not find required class 'org.springframework.cloud.config.java.CloudScanConfiguration' (OnClassCondition)

   CouchbaseAutoConfiguration:
      Did not match:
         - @ConditionalOnClass did not find required class 'com.couchbase.client.java.Cluster' (OnClassCondition)

   CouchbaseCacheConfiguration:
      Did not match:
         - @ConditionalOnClass did not find required classes 'com.couchbase.client.java.Bucket', 'com.couchbase.client.spring.cache.CouchbaseCacheManager' (OnClassCondition)

   CouchbaseDataAutoConfiguration:
      Did not match:
         - @ConditionalOnClass did not find required class 'com.couchbase.client.java.Bucket' (OnClassCondition)

   CouchbaseReactiveDataAutoConfiguration:
      Did not match:
         - @ConditionalOnClass did not find required class 'com.couchbase.client.java.Bucket' (OnClassCondition)

   CouchbaseReactiveRepositoriesAutoConfiguration:
      Did not match:
         - @ConditionalOnClass did not find required class 'com.couchbase.client.java.Bucket' (OnClassCondition)

   CouchbaseRepositoriesAutoConfiguration:
      Did not match:
         - @ConditionalOnClass did not find required class 'com.couchbase.client.java.Bucket' (OnClassCondition)

   DataSourceAutoConfiguration.EmbeddedDatabaseConfiguration:
      Did not match:
         - EmbeddedDataSource found supported pooled data source (DataSourceAutoConfiguration.EmbeddedDatabaseCondition)

   DataSourceConfiguration.Dbcp2:
      Did not match:
         - @ConditionalOnClass did not find required class 'org.apache.commons.dbcp2.BasicDataSource' (OnClassCondition)

   DataSourceConfiguration.Generic:
      Did not match:
         - @ConditionalOnProperty (spring.datasource.type) did not find property 'spring.datasource.type' (OnPropertyCondition)

   DataSourceConfiguration.Tomcat:
      Did not match:
         - @ConditionalOnClass did not find required class 'org.apache.tomcat.jdbc.pool.DataSource' (OnClassCondition)

   DataSourceJmxConfiguration:
      Did not match:
         - @ConditionalOnProperty (spring.jmx.enabled=true) found different value in property 'enabled' (OnPropertyCondition)

   DataSourcePoolMetadataProvidersConfiguration.CommonsDbcp2PoolDataSourceMetadataProviderConfiguration:
      Did not match:
         - @ConditionalOnClass did not find required class 'org.apache.commons.dbcp2.BasicDataSource' (OnClassCondition)

   DataSourcePoolMetadataProvidersConfiguration.TomcatDataSourcePoolMetadataProviderConfiguration:
      Did not match:
         - @ConditionalOnClass did not find required class 'org.apache.tomcat.jdbc.pool.DataSource' (OnClassCondition)

   DataSourceTransactionManagerAutoConfiguration.DataSourceTransactionManagerConfiguration#transactionManager:
      Did not match:
         - @ConditionalOnMissingBean (types: org.springframework.transaction.PlatformTransactionManager; SearchStrategy: all) found beans of type 'org.springframework.transaction.PlatformTransactionManager' transactionManager (OnBeanCondition)

   DispatcherServletAutoConfiguration.DispatcherServletConfiguration#multipartResolver:
      Did not match:
         - @ConditionalOnBean (types: org.springframework.web.multipart.MultipartResolver; SearchStrategy: all) did not find any beans of type org.springframework.web.multipart.MultipartResolver (OnBeanCondition)

   EhCacheCacheConfiguration:
      Did not match:
         - @ConditionalOnClass did not find required classes 'net.sf.ehcache.Cache', 'org.springframework.cache.ehcache.EhCacheCacheManager' (OnClassCondition)

   ElasticsearchAutoConfiguration:
      Did not match:
         - @ConditionalOnClass did not find required class 'org.elasticsearch.client.Client' (OnClassCondition)

   ElasticsearchDataAutoConfiguration:
      Did not match:
         - @ConditionalOnClass did not find required class 'org.elasticsearch.client.Client' (OnClassCondition)

   ElasticsearchRepositoriesAutoConfiguration:
      Did not match:
         - @ConditionalOnClass did not find required class 'org.elasticsearch.client.Client' (OnClassCondition)

   EmbeddedLdapAutoConfiguration:
      Did not match:
         - @ConditionalOnClass did not find required class 'com.unboundid.ldap.listener.InMemoryDirectoryServer' (OnClassCondition)

   EmbeddedMongoAutoConfiguration:
      Did not match:
         - @ConditionalOnClass did not find required class 'com.mongodb.MongoClient' (OnClassCondition)

   EmbeddedWebServerFactoryCustomizerAutoConfiguration.JettyWebServerFactoryCustomizerConfiguration:
      Did not match:
         - @ConditionalOnClass did not find required classes 'org.eclipse.jetty.server.Server', 'org.eclipse.jetty.util.Loader', 'org.eclipse.jetty.webapp.WebAppContext' (OnClassCondition)

   EmbeddedWebServerFactoryCustomizerAutoConfiguration.NettyWebServerFactoryCustomizerConfiguration:
      Did not match:
         - @ConditionalOnClass did not find required class 'reactor.netty.http.server.HttpServer' (OnClassCondition)

   EmbeddedWebServerFactoryCustomizerAutoConfiguration.UndertowWebServerFactoryCustomizerConfiguration:
      Did not match:
         - @ConditionalOnClass did not find required classes 'io.undertow.Undertow', 'org.xnio.SslClientAuthMode' (OnClassCondition)

   ErrorWebFluxAutoConfiguration:
      Did not match:
         - @ConditionalOnClass did not find required class 'org.springframework.web.reactive.config.WebFluxConfigurer' (OnClassCondition)

   FlywayAutoConfiguration:
      Did not match:
         - @ConditionalOnClass did not find required class 'org.flywaydb.core.Flyway' (OnClassCondition)

   FreeMarkerAutoConfiguration:
      Did not match:
         - @ConditionalOnClass did not find required class 'freemarker.template.Configuration' (OnClassCondition)

   GsonAutoConfiguration:
      Did not match:
         - @ConditionalOnClass did not find required class 'com.google.gson.Gson' (OnClassCondition)

   GsonHttpMessageConvertersConfiguration:
      Did not match:
         - @ConditionalOnClass did not find required class 'com.google.gson.Gson' (OnClassCondition)

   HazelcastAutoConfiguration:
      Did not match:
         - @ConditionalOnClass did not find required class 'com.hazelcast.core.HazelcastInstance' (OnClassCondition)

   HazelcastCacheConfiguration:
      Did not match:
         - @ConditionalOnClass did not find required classes 'com.hazelcast.core.HazelcastInstance', 'com.hazelcast.spring.cache.HazelcastCacheManager' (OnClassCondition)

   HazelcastJpaDependencyAutoConfiguration:
      Did not match:
         - @ConditionalOnClass did not find required class 'com.hazelcast.core.HazelcastInstance' (OnClassCondition)

   HttpHandlerAutoConfiguration:
      Did not match:
         - @ConditionalOnClass did not find required class 'org.springframework.web.reactive.DispatcherHandler' (OnClassCondition)

   HypermediaAutoConfiguration:
      Did not match:
         - @ConditionalOnClass did not find required class 'org.springframework.hateoas.Resource' (OnClassCondition)

   InfinispanCacheConfiguration:
      Did not match:
         - @ConditionalOnClass did not find required class 'org.infinispan.spring.provider.SpringEmbeddedCacheManager' (OnClassCondition)

   InfluxDbAutoConfiguration:
      Did not match:
         - @ConditionalOnClass did not find required class 'org.influxdb.InfluxDB' (OnClassCondition)

   IntegrationAutoConfiguration:
      Did not match:
         - @ConditionalOnClass did not find required class 'org.springframework.integration.config.EnableIntegration' (OnClassCondition)

   JCacheCacheConfiguration:
      Did not match:
         - @ConditionalOnClass did not find required classes 'javax.cache.Caching', 'org.springframework.cache.jcache.JCacheCacheManager' (OnClassCondition)

   JacksonAutoConfiguration.JodaDateTimeJacksonConfiguration:
      Did not match:
         - @ConditionalOnClass did not find required classes 'org.joda.time.DateTime', 'com.fasterxml.jackson.datatype.joda.ser.DateTimeSerializer', 'com.fasterxml.jackson.datatype.joda.cfg.JacksonJodaDateFormat' (OnClassCondition)

   JacksonHttpMessageConvertersConfiguration.MappingJackson2XmlHttpMessageConverterConfiguration:
      Did not match:
         - @ConditionalOnClass did not find required class 'com.fasterxml.jackson.dataformat.xml.XmlMapper' (OnClassCondition)

   JdbcRepositoriesAutoConfiguration:
      Did not match:
         - @ConditionalOnClass did not find required class 'org.springframework.data.jdbc.repository.config.JdbcConfiguration' (OnClassCondition)

   JerseyAutoConfiguration:
      Did not match:
         - @ConditionalOnClass did not find required class 'org.glassfish.jersey.server.spring.SpringComponentProvider' (OnClassCondition)

   JestAutoConfiguration:
      Did not match:
         - @ConditionalOnClass did not find required class 'io.searchbox.client.JestClient' (OnClassCondition)

   JmsAutoConfiguration:
      Did not match:
         - @ConditionalOnClass did not find required class 'javax.jms.Message' (OnClassCondition)

   JmxAutoConfiguration:
      Did not match:
         - @ConditionalOnProperty (spring.jmx.enabled=true) found different value in property 'enabled' (OnPropertyCondition)
      Matched:
         - @ConditionalOnClass found required class 'org.springframework.jmx.export.MBeanExporter' (OnClassCondition)

   JndiConnectionFactoryAutoConfiguration:
      Did not match:
         - @ConditionalOnClass did not find required class 'org.springframework.jms.core.JmsTemplate' (OnClassCondition)

   JndiDataSourceAutoConfiguration:
      Did not match:
         - @ConditionalOnProperty (spring.datasource.jndi-name) did not find property 'jndi-name' (OnPropertyCondition)
      Matched:
         - @ConditionalOnClass found required classes 'javax.sql.DataSource', 'org.springframework.jdbc.datasource.embedded.EmbeddedDatabaseType' (OnClassCondition)

   JndiJtaConfiguration:
      Did not match:
         - @ConditionalOnJndi JNDI environment is not available (OnJndiCondition)
      Matched:
         - @ConditionalOnClass found required class 'org.springframework.transaction.jta.JtaTransactionManager' (OnClassCondition)

   JooqAutoConfiguration:
      Did not match:
         - @ConditionalOnClass did not find required class 'org.jooq.DSLContext' (OnClassCondition)

   JpaRepositoriesAutoConfiguration#entityManagerFactoryBootstrapExecutorCustomizer:
      Did not match:
         - AnyNestedCondition 0 matched 2 did not; NestedCondition on JpaRepositoriesAutoConfiguration.BootstrapExecutorCondition.LazyBootstrapMode @ConditionalOnProperty (spring.data.jpa.repositories.bootstrap-mode=lazy) did not find property 'bootstrap-mode'; NestedCondition on JpaRepositoriesAutoConfiguration.BootstrapExecutorCondition.DeferredBootstrapMode @ConditionalOnProperty (spring.data.jpa.repositories.bootstrap-mode=deferred) did not find property 'bootstrap-mode' (JpaRepositoriesAutoConfiguration.BootstrapExecutorCondition)

   JsonbAutoConfiguration:
      Did not match:
         - @ConditionalOnClass did not find required class 'javax.json.bind.Jsonb' (OnClassCondition)

   JsonbHttpMessageConvertersConfiguration:
      Did not match:
         - @ConditionalOnClass did not find required class 'javax.json.bind.Jsonb' (OnClassCondition)

   KafkaAutoConfiguration:
      Did not match:
         - @ConditionalOnClass did not find required class 'org.springframework.kafka.core.KafkaTemplate' (OnClassCondition)

   LdapAutoConfiguration:
      Did not match:
         - @ConditionalOnClass did not find required class 'org.springframework.ldap.core.ContextSource' (OnClassCondition)

   LdapRepositoriesAutoConfiguration:
      Did not match:
         - @ConditionalOnClass did not find required class 'org.springframework.data.ldap.repository.LdapRepository' (OnClassCondition)

   LiquibaseAutoConfiguration:
      Did not match:
         - @ConditionalOnClass did not find required class 'liquibase.change.DatabaseChange' (OnClassCondition)

   MailSenderAutoConfiguration:
      Did not match:
         - @ConditionalOnClass did not find required class 'javax.mail.internet.MimeMessage' (OnClassCondition)

   MailSenderValidatorAutoConfiguration:
      Did not match:
         - @ConditionalOnSingleCandidate did not find required type 'org.springframework.mail.javamail.JavaMailSenderImpl' (OnBeanCondition)

   MessageSourceAutoConfiguration:
      Did not match:
         - ResourceBundle did not find bundle with basename messages (MessageSourceAutoConfiguration.ResourceBundleCondition)

   MongoAutoConfiguration:
      Did not match:
         - @ConditionalOnClass did not find required class 'com.mongodb.MongoClient' (OnClassCondition)

   MongoDataAutoConfiguration:
      Did not match:
         - @ConditionalOnClass did not find required class 'com.mongodb.client.MongoClient' (OnClassCondition)

   MongoReactiveAutoConfiguration:
      Did not match:
         - @ConditionalOnClass did not find required class 'com.mongodb.reactivestreams.client.MongoClient' (OnClassCondition)

   MongoReactiveDataAutoConfiguration:
      Did not match:
         - @ConditionalOnClass did not find required class 'com.mongodb.reactivestreams.client.MongoClient' (OnClassCondition)

   MongoReactiveRepositoriesAutoConfiguration:
      Did not match:
         - @ConditionalOnClass did not find required class 'com.mongodb.reactivestreams.client.MongoClient' (OnClassCondition)

   MongoRepositoriesAutoConfiguration:
      Did not match:
         - @ConditionalOnClass did not find required class 'com.mongodb.MongoClient' (OnClassCondition)

   MustacheAutoConfiguration:
      Did not match:
         - @ConditionalOnClass did not find required class 'com.samskivert.mustache.Mustache' (OnClassCondition)

   Neo4jDataAutoConfiguration:
      Did not match:
         - @ConditionalOnClass did not find required class 'org.neo4j.ogm.session.SessionFactory' (OnClassCondition)

   Neo4jRepositoriesAutoConfiguration:
      Did not match:
         - @ConditionalOnClass did not find required class 'org.neo4j.ogm.session.Neo4jSession' (OnClassCondition)

   OAuth2ClientAutoConfiguration:
      Did not match:
         - @ConditionalOnClass did not find required class 'org.springframework.security.config.annotation.web.configuration.EnableWebSecurity' (OnClassCondition)

   OAuth2ResourceServerAutoConfiguration:
      Did not match:
         - @ConditionalOnClass did not find required class 'org.springframework.security.oauth2.jwt.JwtDecoder' (OnClassCondition)

   ProjectInfoAutoConfiguration#buildProperties:
      Did not match:
         - @ConditionalOnResource did not find resource '${spring.info.build.location:classpath:META-INF/build-info.properties}' (OnResourceCondition)

   ProjectInfoAutoConfiguration#gitProperties:
      Did not match:
         - GitResource did not find git info at classpath:git.properties (ProjectInfoAutoConfiguration.GitResourceAvailableCondition)

   QuartzAutoConfiguration:
      Did not match:
         - @ConditionalOnClass did not find required class 'org.quartz.Scheduler' (OnClassCondition)

   RabbitAutoConfiguration:
      Did not match:
         - @ConditionalOnClass did not find required class 'com.rabbitmq.client.Channel' (OnClassCondition)

   ReactiveOAuth2ClientAutoConfiguration:
      Did not match:
         - @ConditionalOnClass did not find required class 'reactor.core.publisher.Flux' (OnClassCondition)

   ReactiveOAuth2ResourceServerAutoConfiguration:
      Did not match:
         - @ConditionalOnClass did not find required class 'org.springframework.security.config.annotation.web.reactive.EnableWebFluxSecurity' (OnClassCondition)

   ReactiveSecurityAutoConfiguration:
      Did not match:
         - @ConditionalOnClass did not find required class 'reactor.core.publisher.Flux' (OnClassCondition)

   ReactiveUserDetailsServiceAutoConfiguration:
      Did not match:
         - @ConditionalOnClass did not find required class 'org.springframework.security.authentication.ReactiveAuthenticationManager' (OnClassCondition)

   ReactiveWebServerFactoryAutoConfiguration:
      Did not match:
         - @ConditionalOnWebApplication did not find reactive web application classes (OnWebApplicationCondition)

   ReactorCoreAutoConfiguration:
      Did not match:
         - @ConditionalOnClass did not find required class 'reactor.core.publisher.Flux' (OnClassCondition)

   RedisAutoConfiguration:
      Did not match:
         - @ConditionalOnClass did not find required class 'org.springframework.data.redis.core.RedisOperations' (OnClassCondition)

   RedisCacheConfiguration:
      Did not match:
         - @ConditionalOnClass did not find required class 'org.springframework.data.redis.connection.RedisConnectionFactory' (OnClassCondition)

   RedisReactiveAutoConfiguration:
      Did not match:
         - @ConditionalOnClass did not find required class 'reactor.core.publisher.Flux' (OnClassCondition)

   RedisRepositoriesAutoConfiguration:
      Did not match:
         - @ConditionalOnClass did not find required class 'org.springframework.data.redis.repository.configuration.EnableRedisRepositories' (OnClassCondition)

   RepositoryRestMvcAutoConfiguration:
      Did not match:
         - @ConditionalOnClass did not find required class 'org.springframework.data.rest.webmvc.config.RepositoryRestMvcConfiguration' (OnClassCondition)

   RestClientAutoConfiguration:
      Did not match:
         - @ConditionalOnClass did not find required class 'org.elasticsearch.client.RestClient' (OnClassCondition)

   SecurityAutoConfiguration:
      Did not match:
         - @ConditionalOnClass did not find required class 'org.springframework.security.authentication.DefaultAuthenticationEventPublisher' (OnClassCondition)

   SecurityFilterAutoConfiguration:
      Did not match:
         - @ConditionalOnClass did not find required class 'org.springframework.security.config.http.SessionCreationPolicy' (OnClassCondition)

   SecurityRequestMatcherProviderAutoConfiguration:
      Did not match:
         - @ConditionalOnClass did not find required class 'org.springframework.security.web.util.matcher.RequestMatcher' (OnClassCondition)

   SendGridAutoConfiguration:
      Did not match:
         - @ConditionalOnClass did not find required class 'com.sendgrid.SendGrid' (OnClassCondition)

   ServletWebServerFactoryConfiguration.EmbeddedJetty:
      Did not match:
         - @ConditionalOnClass did not find required classes 'org.eclipse.jetty.server.Server', 'org.eclipse.jetty.util.Loader', 'org.eclipse.jetty.webapp.WebAppContext' (OnClassCondition)

   ServletWebServerFactoryConfiguration.EmbeddedUndertow:
      Did not match:
         - @ConditionalOnClass did not find required classes 'io.undertow.Undertow', 'org.xnio.SslClientAuthMode' (OnClassCondition)

   SessionAutoConfiguration:
      Did not match:
         - @ConditionalOnClass did not find required class 'org.springframework.session.Session' (OnClassCondition)

   SolrAutoConfiguration:
      Did not match:
         - @ConditionalOnClass did not find required class 'org.apache.solr.client.solrj.impl.CloudSolrClient' (OnClassCondition)

   SolrRepositoriesAutoConfiguration:
      Did not match:
         - @ConditionalOnClass did not find required class 'org.apache.solr.client.solrj.SolrClient' (OnClassCondition)

   SpringApplicationAdminJmxAutoConfiguration:
      Did not match:
         - @ConditionalOnProperty (spring.application.admin.enabled=true) did not find property 'enabled' (OnPropertyCondition)

   TaskSchedulingAutoConfiguration#taskScheduler:
      Did not match:
         - @ConditionalOnBean (names: org.springframework.context.annotation.internalScheduledAnnotationProcessor; SearchStrategy: all) did not find any beans named org.springframework.context.annotation.internalScheduledAnnotationProcessor (OnBeanCondition)

   ThymeleafAutoConfiguration:
      Did not match:
         - @ConditionalOnClass did not find required class 'org.thymeleaf.templatemode.TemplateMode' (OnClassCondition)

   TransactionAutoConfiguration.EnableTransactionManagementConfiguration.JdkDynamicAutoProxyConfiguration:
      Did not match:
         - @ConditionalOnProperty (spring.aop.proxy-target-class=false) did not find property 'proxy-target-class' (OnPropertyCondition)

   UserDetailsServiceAutoConfiguration:
      Did not match:
         - @ConditionalOnClass did not find required class 'org.springframework.security.authentication.AuthenticationManager' (OnClassCondition)

   WebClientAutoConfiguration:
      Did not match:
         - @ConditionalOnClass did not find required class 'org.springframework.web.reactive.function.client.WebClient' (OnClassCondition)

   WebFluxAutoConfiguration:
      Did not match:
         - @ConditionalOnClass did not find required class 'org.springframework.web.reactive.config.WebFluxConfigurer' (OnClassCondition)

   WebMvcAutoConfiguration.ResourceChainCustomizerConfiguration:
      Did not match:
         - @ConditionalOnEnabledResourceChain did not find class org.webjars.WebJarAssetLocator (OnEnabledResourceChainCondition)

   WebMvcAutoConfiguration.WebMvcAutoConfigurationAdapter#beanNameViewResolver:
      Did not match:
         - @ConditionalOnMissingBean (types: org.springframework.web.servlet.view.BeanNameViewResolver; SearchStrategy: all) found beans of type 'org.springframework.web.servlet.view.BeanNameViewResolver' beanNameViewResolver (OnBeanCondition)

   WebMvcAutoConfiguration.WebMvcAutoConfigurationAdapter#localeResolver:
      Did not match:
         - @ConditionalOnProperty (spring.mvc.locale) did not find property 'locale' (OnPropertyCondition)

   WebServiceTemplateAutoConfiguration:
      Did not match:
         - @ConditionalOnClass did not find required class 'org.springframework.oxm.Marshaller' (OnClassCondition)

   WebServicesAutoConfiguration:
      Did not match:
         - @ConditionalOnClass did not find required class 'org.springframework.ws.transport.http.MessageDispatcherServlet' (OnClassCondition)

   WebSocketMessagingAutoConfiguration:
      Did not match:
         - @ConditionalOnClass did not find required class 'org.springframework.web.socket.config.annotation.WebSocketMessageBrokerConfigurer' (OnClassCondition)

   WebSocketReactiveAutoConfiguration:
      Did not match:
         - @ConditionalOnWebApplication did not find reactive web application classes (OnWebApplicationCondition)

   WebSocketServletAutoConfiguration.JettyWebSocketConfiguration:
      Did not match:
         - @ConditionalOnClass did not find required class 'org.eclipse.jetty.websocket.jsr356.server.deploy.WebSocketServerContainerInitializer' (OnClassCondition)

   WebSocketServletAutoConfiguration.UndertowWebSocketConfiguration:
      Did not match:
         - @ConditionalOnClass did not find required class 'io.undertow.websockets.jsr.Bootstrap' (OnClassCondition)

   XADataSourceAutoConfiguration:
      Did not match:
         - @ConditionalOnBean (types: org.springframework.boot.jdbc.XADataSourceWrapper; SearchStrategy: all) did not find any beans of type org.springframework.boot.jdbc.XADataSourceWrapper (OnBeanCondition)
      Matched:
         - @ConditionalOnClass found required classes 'javax.sql.DataSource', 'javax.transaction.TransactionManager', 'org.springframework.jdbc.datasource.embedded.EmbeddedDatabaseType' (OnClassCondition)


Exclusions:
-----------

    None


Unconditional classes:
----------------------

    org.springframework.boot.autoconfigure.context.ConfigurationPropertiesAutoConfiguration

    org.springframework.boot.autoconfigure.context.PropertyPlaceholderAutoConfiguration

    org.springframework.boot.autoconfigure.info.ProjectInfoAutoConfiguration



?[2m2019-02-19 22:24:36.595?[0;39m ?[32m INFO?[0;39m ?[35m21075?[0;39m ?[2m---?[0;39m ?[2m[    Test worker]?[0;39m ?[36mlearn.programming.StudentRepositoryTest ?[0;39m ?[2m:?[0;39m Started StudentRepositoryTest in 10.06 seconds (JVM running for 11.531)
?[2m2019-02-19 22:24:36.598?[0;39m ?[32m INFO?[0;39m ?[35m21075?[0;39m ?[2m---?[0;39m ?[2m[    Test worker]?[0;39m ?[36ml.p.DataPersistenceApplication          ?[0;39m ?[2m:?[0;39m Spring Application is running...
?[2m2019-02-19 22:24:36.605?[0;39m ?[32mDEBUG?[0;39m ?[35m21075?[0;39m ?[2m---?[0;39m ?[2m[    Test worker]?[0;39m ?[36mo.s.orm.jpa.JpaTransactionManager       ?[0;39m ?[2m:?[0;39m Creating new transaction with name [learn.programming.repository.StudentRepository.saveReviewsForCourse]: PROPAGATION_REQUIRED,ISOLATION_DEFAULT
?[2m2019-02-19 22:24:36.729?[0;39m ?[32mDEBUG?[0;39m ?[35m21075?[0;39m ?[2m---?[0;39m ?[2m[    Test worker]?[0;39m ?[36mo.s.orm.jpa.JpaTransactionManager       ?[0;39m ?[2m:?[0;39m Opened new EntityManager [SessionImpl(890272977<open>)] for JPA transaction
?[2m2019-02-19 22:24:36.736?[0;39m ?[32mDEBUG?[0;39m ?[35m21075?[0;39m ?[2m---?[0;39m ?[2m[    Test worker]?[0;39m ?[36mo.s.orm.jpa.JpaTransactionManager       ?[0;39m ?[2m:?[0;39m Exposing JPA transaction as JDBC [org.springframework.orm.jpa.vendor.HibernateJpaDialect$HibernateConnectionHandle@671ff762]
Hibernate: 
    select
        course0_.id as id1_0_0_,
        course0_.name as name2_0_0_ 
    from
        course course0_ 
    where
        course0_.id=?
?[2m2019-02-19 22:24:36.762?[0;39m ?[32mTRACE?[0;39m ?[35m21075?[0;39m ?[2m---?[0;39m ?[2m[    Test worker]?[0;39m ?[36mo.h.type.descriptor.sql.BasicBinder     ?[0;39m ?[2m:?[0;39m binding parameter [1] as [BIGINT] - [1]
?[2m2019-02-19 22:24:36.778?[0;39m ?[32mTRACE?[0;39m ?[35m21075?[0;39m ?[2m---?[0;39m ?[2m[    Test worker]?[0;39m ?[36mo.h.type.descriptor.sql.BasicExtractor  ?[0;39m ?[2m:?[0;39m extracted value ([name2_0_0_] : [VARCHAR]) - [How to be wild]
?[2m2019-02-19 22:24:36.791?[0;39m ?[32mTRACE?[0;39m ?[35m21075?[0;39m ?[2m---?[0;39m ?[2m[    Test worker]?[0;39m ?[36morg.hibernate.type.CollectionType       ?[0;39m ?[2m:?[0;39m Created collection wrapper: [learn.programming.entity.Course.reviews#1]
?[2m2019-02-19 22:24:36.791?[0;39m ?[32mTRACE?[0;39m ?[35m21075?[0;39m ?[2m---?[0;39m ?[2m[    Test worker]?[0;39m ?[36morg.hibernate.type.CollectionType       ?[0;39m ?[2m:?[0;39m Created collection wrapper: [learn.programming.entity.Course.students#1]
Hibernate: 
    call next value for hibernate_sequence
Hibernate: 
    call next value for hibernate_sequence
?[2m2019-02-19 22:24:36.812?[0;39m ?[32mDEBUG?[0;39m ?[35m21075?[0;39m ?[2m---?[0;39m ?[2m[    Test worker]?[0;39m ?[36mo.s.orm.jpa.JpaTransactionManager       ?[0;39m ?[2m:?[0;39m Initiating transaction commit
?[2m2019-02-19 22:24:36.812?[0;39m ?[32mDEBUG?[0;39m ?[35m21075?[0;39m ?[2m---?[0;39m ?[2m[    Test worker]?[0;39m ?[36mo.s.orm.jpa.JpaTransactionManager       ?[0;39m ?[2m:?[0;39m Committing JPA transaction on EntityManager [SessionImpl(890272977<open>)]
Hibernate: 
    insert 
    into
        review
        (course_id, description, rating, id) 
    values
        (?, ?, ?, ?)
?[2m2019-02-19 22:24:36.830?[0;39m ?[32mTRACE?[0;39m ?[35m21075?[0;39m ?[2m---?[0;39m ?[2m[    Test worker]?[0;39m ?[36mo.h.type.descriptor.sql.BasicBinder     ?[0;39m ?[2m:?[0;39m binding parameter [1] as [BIGINT] - [1]
?[2m2019-02-19 22:24:36.831?[0;39m ?[32mTRACE?[0;39m ?[35m21075?[0;39m ?[2m---?[0;39m ?[2m[    Test worker]?[0;39m ?[36mo.h.type.descriptor.sql.BasicBinder     ?[0;39m ?[2m:?[0;39m binding parameter [2] as [VARCHAR] - [An ok course]
?[2m2019-02-19 22:24:36.831?[0;39m ?[32mTRACE?[0;39m ?[35m21075?[0;39m ?[2m---?[0;39m ?[2m[    Test worker]?[0;39m ?[36mo.h.type.descriptor.sql.BasicBinder     ?[0;39m ?[2m:?[0;39m binding parameter [3] as [VARCHAR] - [2]
?[2m2019-02-19 22:24:36.831?[0;39m ?[32mTRACE?[0;39m ?[35m21075?[0;39m ?[2m---?[0;39m ?[2m[    Test worker]?[0;39m ?[36mo.h.type.descriptor.sql.BasicBinder     ?[0;39m ?[2m:?[0;39m binding parameter [4] as [BIGINT] - [1]
Hibernate: 
    insert 
    into
        review
        (course_id, description, rating, id) 
    values
        (?, ?, ?, ?)
?[2m2019-02-19 22:24:36.833?[0;39m ?[32mTRACE?[0;39m ?[35m21075?[0;39m ?[2m---?[0;39m ?[2m[    Test worker]?[0;39m ?[36mo.h.type.descriptor.sql.BasicBinder     ?[0;39m ?[2m:?[0;39m binding parameter [1] as [BIGINT] - [1]
?[2m2019-02-19 22:24:36.834?[0;39m ?[32mTRACE?[0;39m ?[35m21075?[0;39m ?[2m---?[0;39m ?[2m[    Test worker]?[0;39m ?[36mo.h.type.descriptor.sql.BasicBinder     ?[0;39m ?[2m:?[0;39m binding parameter [2] as [VARCHAR] - [Nothing special]
?[2m2019-02-19 22:24:36.834?[0;39m ?[32mTRACE?[0;39m ?[35m21075?[0;39m ?[2m---?[0;39m ?[2m[    Test worker]?[0;39m ?[36mo.h.type.descriptor.sql.BasicBinder     ?[0;39m ?[2m:?[0;39m binding parameter [3] as [VARCHAR] - [2]
?[2m2019-02-19 22:24:36.834?[0;39m ?[32mTRACE?[0;39m ?[35m21075?[0;39m ?[2m---?[0;39m ?[2m[    Test worker]?[0;39m ?[36mo.h.type.descriptor.sql.BasicBinder     ?[0;39m ?[2m:?[0;39m binding parameter [4] as [BIGINT] - [2]
?[2m2019-02-19 22:24:36.838?[0;39m ?[32mDEBUG?[0;39m ?[35m21075?[0;39m ?[2m---?[0;39m ?[2m[    Test worker]?[0;39m ?[36mo.s.orm.jpa.JpaTransactionManager       ?[0;39m ?[2m:?[0;39m Closing JPA EntityManager [SessionImpl(890272977<open>)] after transaction
?[2m2019-02-19 22:24:36.842?[0;39m ?[32mDEBUG?[0;39m ?[35m21075?[0;39m ?[2m---?[0;39m ?[2m[    Test worker]?[0;39m ?[36mc.DefaultCacheAwareContextLoaderDelegate?[0;39m ?[2m:?[0;39m Storing ApplicationContext in cache under key [[WebMergedContextConfiguration@86aa60 testClass = StudentRepositoryTest, locations = '{}', classes = '{class learn.programming.DataPersistenceApplication, class learn.programming.DataPersistenceApplication}', contextInitializerClasses = '[]', activeProfiles = '{}', propertySourceLocations = '{}', propertySourceProperties = '{org.springframework.boot.test.context.SpringBootTestContextBootstrapper=true}', contextCustomizers = set[org.spockframework.spring.mock.SpockContextCustomizer@0, org.springframework.boot.test.autoconfigure.properties.PropertyMappingContextCustomizer@0, org.springframework.boot.test.autoconfigure.web.servlet.WebDriverContextCustomizerFactory$Customizer@33b0f5a3, org.springframework.boot.test.context.filter.ExcludeFilterContextCustomizer@1ce6b297, org.springframework.boot.test.json.DuplicateJsonObjectContextCustomizerFactory$DuplicateJsonObjectContextCustomizer@707f63c7, org.springframework.boot.test.mock.mockito.MockitoContextCustomizer@0, org.springframework.boot.test.web.client.TestRestTemplateContextCustomizer@5fb8cf5f], resourceBasePath = 'src/main/webapp', contextLoader = 'org.springframework.boot.test.context.SpringBootContextLoader', parent = [null]]]
?[2m2019-02-19 22:24:36.842?[0;39m ?[32mDEBUG?[0;39m ?[35m21075?[0;39m ?[2m---?[0;39m ?[2m[    Test worker]?[0;39m ?[36morg.springframework.test.context.cache  ?[0;39m ?[2m:?[0;39m Spring test ApplicationContext cache statistics: [DefaultContextCache@17d559c5 size = 1, maxSize = 32, parentContextCount = 0, hitCount = 0, missCount = 1]
?[2m2019-02-19 22:24:36.844?[0;39m ?[32mDEBUG?[0;39m ?[35m21075?[0;39m ?[2m---?[0;39m ?[2m[    Test worker]?[0;39m ?[36mo.s.t.c.w.ServletTestExecutionListener  ?[0;39m ?[2m:?[0;39m Setting up MockHttpServletRequest, MockHttpServletResponse, ServletWebRequest, and RequestContextHolder for test context [DefaultTestContext@791145ff testClass = StudentRepositoryTest, testInstance = learn.programming.StudentRepositoryTest@61baa8d4, testMethod = [null], testException = [null], mergedContextConfiguration = [WebMergedContextConfiguration@86aa60 testClass = StudentRepositoryTest, locations = '{}', classes = '{class learn.programming.DataPersistenceApplication, class learn.programming.DataPersistenceApplication}', contextInitializerClasses = '[]', activeProfiles = '{}', propertySourceLocations = '{}', propertySourceProperties = '{org.springframework.boot.test.context.SpringBootTestContextBootstrapper=true}', contextCustomizers = set[org.spockframework.spring.mock.SpockContextCustomizer@0, org.springframework.boot.test.autoconfigure.properties.PropertyMappingContextCustomizer@0, org.springframework.boot.test.autoconfigure.web.servlet.WebDriverContextCustomizerFactory$Customizer@33b0f5a3, org.springframework.boot.test.context.filter.ExcludeFilterContextCustomizer@1ce6b297, org.springframework.boot.test.json.DuplicateJsonObjectContextCustomizerFactory$DuplicateJsonObjectContextCustomizer@707f63c7, org.springframework.boot.test.mock.mockito.MockitoContextCustomizer@0, org.springframework.boot.test.web.client.TestRestTemplateContextCustomizer@5fb8cf5f], resourceBasePath = 'src/main/webapp', contextLoader = 'org.springframework.boot.test.context.SpringBootContextLoader', parent = [null]], attributes = map['org.springframework.test.context.web.ServletTestExecutionListener.activateListener' -> true]].
?[2m2019-02-19 22:24:36.860?[0;39m ?[32mDEBUG?[0;39m ?[35m21075?[0;39m ?[2m---?[0;39m ?[2m[    Test worker]?[0;39m ?[36mDependencyInjectionTestExecutionListener?[0;39m ?[2m:?[0;39m Performing dependency injection for test context [[DefaultTestContext@791145ff testClass = StudentRepositoryTest, testInstance = learn.programming.StudentRepositoryTest@61baa8d4, testMethod = [null], testException = [null], mergedContextConfiguration = [WebMergedContextConfiguration@86aa60 testClass = StudentRepositoryTest, locations = '{}', classes = '{class learn.programming.DataPersistenceApplication, class learn.programming.DataPersistenceApplication}', contextInitializerClasses = '[]', activeProfiles = '{}', propertySourceLocations = '{}', propertySourceProperties = '{org.springframework.boot.test.context.SpringBootTestContextBootstrapper=true}', contextCustomizers = set[org.spockframework.spring.mock.SpockContextCustomizer@0, org.springframework.boot.test.autoconfigure.properties.PropertyMappingContextCustomizer@0, org.springframework.boot.test.autoconfigure.web.servlet.WebDriverContextCustomizerFactory$Customizer@33b0f5a3, org.springframework.boot.test.context.filter.ExcludeFilterContextCustomizer@1ce6b297, org.springframework.boot.test.json.DuplicateJsonObjectContextCustomizerFactory$DuplicateJsonObjectContextCustomizer@707f63c7, org.springframework.boot.test.mock.mockito.MockitoContextCustomizer@0, org.springframework.boot.test.web.client.TestRestTemplateContextCustomizer@5fb8cf5f], resourceBasePath = 'src/main/webapp', contextLoader = 'org.springframework.boot.test.context.SpringBootContextLoader', parent = [null]], attributes = map['org.springframework.test.context.web.ServletTestExecutionListener.activateListener' -> true, 'org.springframework.test.context.web.ServletTestExecutionListener.populatedRequestContextHolder' -> true, 'org.springframework.test.context.web.ServletTestExecutionListener.resetRequestContextHolder' -> true]]].
?[2m2019-02-19 22:24:36.860?[0;39m ?[32mDEBUG?[0;39m ?[35m21075?[0;39m ?[2m---?[0;39m ?[2m[    Test worker]?[0;39m ?[36mc.DefaultCacheAwareContextLoaderDelegate?[0;39m ?[2m:?[0;39m Retrieved ApplicationContext from cache with key [[WebMergedContextConfiguration@86aa60 testClass = StudentRepositoryTest, locations = '{}', classes = '{class learn.programming.DataPersistenceApplication, class learn.programming.DataPersistenceApplication}', contextInitializerClasses = '[]', activeProfiles = '{}', propertySourceLocations = '{}', propertySourceProperties = '{org.springframework.boot.test.context.SpringBootTestContextBootstrapper=true}', contextCustomizers = set[org.spockframework.spring.mock.SpockContextCustomizer@0, org.springframework.boot.test.autoconfigure.properties.PropertyMappingContextCustomizer@0, org.springframework.boot.test.autoconfigure.web.servlet.WebDriverContextCustomizerFactory$Customizer@33b0f5a3, org.springframework.boot.test.context.filter.ExcludeFilterContextCustomizer@1ce6b297, org.springframework.boot.test.json.DuplicateJsonObjectContextCustomizerFactory$DuplicateJsonObjectContextCustomizer@707f63c7, org.springframework.boot.test.mock.mockito.MockitoContextCustomizer@0, org.springframework.boot.test.web.client.TestRestTemplateContextCustomizer@5fb8cf5f], resourceBasePath = 'src/main/webapp', contextLoader = 'org.springframework.boot.test.context.SpringBootContextLoader', parent = [null]]]
?[2m2019-02-19 22:24:36.860?[0;39m ?[32mDEBUG?[0;39m ?[35m21075?[0;39m ?[2m---?[0;39m ?[2m[    Test worker]?[0;39m ?[36morg.springframework.test.context.cache  ?[0;39m ?[2m:?[0;39m Spring test ApplicationContext cache statistics: [DefaultContextCache@17d559c5 size = 1, maxSize = 32, parentContextCount = 0, hitCount = 1, missCount = 1]
?[2m2019-02-19 22:24:36.869?[0;39m ?[32mDEBUG?[0;39m ?[35m21075?[0;39m ?[2m---?[0;39m ?[2m[    Test worker]?[0;39m ?[36mtractDirtiesContextTestExecutionListener?[0;39m ?[2m:?[0;39m Before test method: context [DefaultTestContext@791145ff testClass = StudentRepositoryTest, testInstance = learn.programming.StudentRepositoryTest@61baa8d4, testMethod = getStudentByIdTest@StudentRepositoryTest, testException = [null], mergedContextConfiguration = [WebMergedContextConfiguration@86aa60 testClass = StudentRepositoryTest, locations = '{}', classes = '{class learn.programming.DataPersistenceApplication, class learn.programming.DataPersistenceApplication}', contextInitializerClasses = '[]', activeProfiles = '{}', propertySourceLocations = '{}', propertySourceProperties = '{org.springframework.boot.test.context.SpringBootTestContextBootstrapper=true}', contextCustomizers = set[org.spockframework.spring.mock.SpockContextCustomizer@0, org.springframework.boot.test.autoconfigure.properties.PropertyMappingContextCustomizer@0, org.springframework.boot.test.autoconfigure.web.servlet.WebDriverContextCustomizerFactory$Customizer@33b0f5a3, org.springframework.boot.test.context.filter.ExcludeFilterContextCustomizer@1ce6b297, org.springframework.boot.test.json.DuplicateJsonObjectContextCustomizerFactory$DuplicateJsonObjectContextCustomizer@707f63c7, org.springframework.boot.test.mock.mockito.MockitoContextCustomizer@0, org.springframework.boot.test.web.client.TestRestTemplateContextCustomizer@5fb8cf5f], resourceBasePath = 'src/main/webapp', contextLoader = 'org.springframework.boot.test.context.SpringBootContextLoader', parent = [null]], attributes = map['org.springframework.test.context.web.ServletTestExecutionListener.activateListener' -> true, 'org.springframework.test.context.web.ServletTestExecutionListener.populatedRequestContextHolder' -> true, 'org.springframework.test.context.web.ServletTestExecutionListener.resetRequestContextHolder' -> true]], class annotated with @DirtiesContext [false] with mode [null], method annotated with @DirtiesContext [false] with mode [null].
?[2m2019-02-19 22:24:36.872?[0;39m ?[32mDEBUG?[0;39m ?[35m21075?[0;39m ?[2m---?[0;39m ?[2m[    Test worker]?[0;39m ?[36mt.c.t.TransactionalTestExecutionListener?[0;39m ?[2m:?[0;39m Explicit transaction definition [PROPAGATION_REQUIRED,ISOLATION_DEFAULT] found for test context [DefaultTestContext@791145ff testClass = StudentRepositoryTest, testInstance = learn.programming.StudentRepositoryTest@61baa8d4, testMethod = getStudentByIdTest@StudentRepositoryTest, testException = [null], mergedContextConfiguration = [WebMergedContextConfiguration@86aa60 testClass = StudentRepositoryTest, locations = '{}', classes = '{class learn.programming.DataPersistenceApplication, class learn.programming.DataPersistenceApplication}', contextInitializerClasses = '[]', activeProfiles = '{}', propertySourceLocations = '{}', propertySourceProperties = '{org.springframework.boot.test.context.SpringBootTestContextBootstrapper=true}', contextCustomizers = set[org.spockframework.spring.mock.SpockContextCustomizer@0, org.springframework.boot.test.autoconfigure.properties.PropertyMappingContextCustomizer@0, org.springframework.boot.test.autoconfigure.web.servlet.WebDriverContextCustomizerFactory$Customizer@33b0f5a3, org.springframework.boot.test.context.filter.ExcludeFilterContextCustomizer@1ce6b297, org.springframework.boot.test.json.DuplicateJsonObjectContextCustomizerFactory$DuplicateJsonObjectContextCustomizer@707f63c7, org.springframework.boot.test.mock.mockito.MockitoContextCustomizer@0, org.springframework.boot.test.web.client.TestRestTemplateContextCustomizer@5fb8cf5f], resourceBasePath = 'src/main/webapp', contextLoader = 'org.springframework.boot.test.context.SpringBootContextLoader', parent = [null]], attributes = map['org.springframework.test.context.web.ServletTestExecutionListener.activateListener' -> true, 'org.springframework.test.context.web.ServletTestExecutionListener.populatedRequestContextHolder' -> true, 'org.springframework.test.context.web.ServletTestExecutionListener.resetRequestContextHolder' -> true]]
?[2m2019-02-19 22:24:36.873?[0;39m ?[32mDEBUG?[0;39m ?[35m21075?[0;39m ?[2m---?[0;39m ?[2m[    Test worker]?[0;39m ?[36mc.DefaultCacheAwareContextLoaderDelegate?[0;39m ?[2m:?[0;39m Retrieved ApplicationContext from cache with key [[WebMergedContextConfiguration@86aa60 testClass = StudentRepositoryTest, locations = '{}', classes = '{class learn.programming.DataPersistenceApplication, class learn.programming.DataPersistenceApplication}', contextInitializerClasses = '[]', activeProfiles = '{}', propertySourceLocations = '{}', propertySourceProperties = '{org.springframework.boot.test.context.SpringBootTestContextBootstrapper=true}', contextCustomizers = set[org.spockframework.spring.mock.SpockContextCustomizer@0, org.springframework.boot.test.autoconfigure.properties.PropertyMappingContextCustomizer@0, org.springframework.boot.test.autoconfigure.web.servlet.WebDriverContextCustomizerFactory$Customizer@33b0f5a3, org.springframework.boot.test.context.filter.ExcludeFilterContextCustomizer@1ce6b297, org.springframework.boot.test.json.DuplicateJsonObjectContextCustomizerFactory$DuplicateJsonObjectContextCustomizer@707f63c7, org.springframework.boot.test.mock.mockito.MockitoContextCustomizer@0, org.springframework.boot.test.web.client.TestRestTemplateContextCustomizer@5fb8cf5f], resourceBasePath = 'src/main/webapp', contextLoader = 'org.springframework.boot.test.context.SpringBootContextLoader', parent = [null]]]
?[2m2019-02-19 22:24:36.873?[0;39m ?[32mDEBUG?[0;39m ?[35m21075?[0;39m ?[2m---?[0;39m ?[2m[    Test worker]?[0;39m ?[36morg.springframework.test.context.cache  ?[0;39m ?[2m:?[0;39m Spring test ApplicationContext cache statistics: [DefaultContextCache@17d559c5 size = 1, maxSize = 32, parentContextCount = 0, hitCount = 2, missCount = 1]
?[2m2019-02-19 22:24:36.876?[0;39m ?[32mDEBUG?[0;39m ?[35m21075?[0;39m ?[2m---?[0;39m ?[2m[    Test worker]?[0;39m ?[36mt.c.t.TransactionalTestExecutionListener?[0;39m ?[2m:?[0;39m No method-level @Rollback override: using default rollback [true] for test context [DefaultTestContext@791145ff testClass = StudentRepositoryTest, testInstance = learn.programming.StudentRepositoryTest@61baa8d4, testMethod = getStudentByIdTest@StudentRepositoryTest, testException = [null], mergedContextConfiguration = [WebMergedContextConfiguration@86aa60 testClass = StudentRepositoryTest, locations = '{}', classes = '{class learn.programming.DataPersistenceApplication, class learn.programming.DataPersistenceApplication}', contextInitializerClasses = '[]', activeProfiles = '{}', propertySourceLocations = '{}', propertySourceProperties = '{org.springframework.boot.test.context.SpringBootTestContextBootstrapper=true}', contextCustomizers = set[org.spockframework.spring.mock.SpockContextCustomizer@0, org.springframework.boot.test.autoconfigure.properties.PropertyMappingContextCustomizer@0, org.springframework.boot.test.autoconfigure.web.servlet.WebDriverContextCustomizerFactory$Customizer@33b0f5a3, org.springframework.boot.test.context.filter.ExcludeFilterContextCustomizer@1ce6b297, org.springframework.boot.test.json.DuplicateJsonObjectContextCustomizerFactory$DuplicateJsonObjectContextCustomizer@707f63c7, org.springframework.boot.test.mock.mockito.MockitoContextCustomizer@0, org.springframework.boot.test.web.client.TestRestTemplateContextCustomizer@5fb8cf5f], resourceBasePath = 'src/main/webapp', contextLoader = 'org.springframework.boot.test.context.SpringBootContextLoader', parent = [null]], attributes = map['org.springframework.test.context.web.ServletTestExecutionListener.activateListener' -> true, 'org.springframework.test.context.web.ServletTestExecutionListener.populatedRequestContextHolder' -> true, 'org.springframework.test.context.web.ServletTestExecutionListener.resetRequestContextHolder' -> true]].
?[2m2019-02-19 22:24:36.877?[0;39m ?[32mDEBUG?[0;39m ?[35m21075?[0;39m ?[2m---?[0;39m ?[2m[    Test worker]?[0;39m ?[36mo.s.orm.jpa.JpaTransactionManager       ?[0;39m ?[2m:?[0;39m Creating new transaction with name [learn.programming.StudentRepositoryTest.getStudentByIdTest]: PROPAGATION_REQUIRED,ISOLATION_DEFAULT
?[2m2019-02-19 22:24:36.877?[0;39m ?[32mDEBUG?[0;39m ?[35m21075?[0;39m ?[2m---?[0;39m ?[2m[    Test worker]?[0;39m ?[36mo.s.orm.jpa.JpaTransactionManager       ?[0;39m ?[2m:?[0;39m Opened new EntityManager [SessionImpl(1276674891<open>)] for JPA transaction
?[2m2019-02-19 22:24:36.878?[0;39m ?[32mDEBUG?[0;39m ?[35m21075?[0;39m ?[2m---?[0;39m ?[2m[    Test worker]?[0;39m ?[36mo.s.orm.jpa.JpaTransactionManager       ?[0;39m ?[2m:?[0;39m Exposing JPA transaction as JDBC [org.springframework.orm.jpa.vendor.HibernateJpaDialect$HibernateConnectionHandle@73a9b7c5]
?[2m2019-02-19 22:24:36.878?[0;39m ?[32m INFO?[0;39m ?[35m21075?[0;39m ?[2m---?[0;39m ?[2m[    Test worker]?[0;39m ?[36mo.s.t.c.transaction.TransactionContext  ?[0;39m ?[2m:?[0;39m Began transaction (1) for test context [DefaultTestContext@791145ff testClass = StudentRepositoryTest, testInstance = learn.programming.StudentRepositoryTest@61baa8d4, testMethod = getStudentByIdTest@StudentRepositoryTest, testException = [null], mergedContextConfiguration = [WebMergedContextConfiguration@86aa60 testClass = StudentRepositoryTest, locations = '{}', classes = '{class learn.programming.DataPersistenceApplication, class learn.programming.DataPersistenceApplication}', contextInitializerClasses = '[]', activeProfiles = '{}', propertySourceLocations = '{}', propertySourceProperties = '{org.springframework.boot.test.context.SpringBootTestContextBootstrapper=true}', contextCustomizers = set[org.spockframework.spring.mock.SpockContextCustomizer@0, org.springframework.boot.test.autoconfigure.properties.PropertyMappingContextCustomizer@0, org.springframework.boot.test.autoconfigure.web.servlet.WebDriverContextCustomizerFactory$Customizer@33b0f5a3, org.springframework.boot.test.context.filter.ExcludeFilterContextCustomizer@1ce6b297, org.springframework.boot.test.json.DuplicateJsonObjectContextCustomizerFactory$DuplicateJsonObjectContextCustomizer@707f63c7, org.springframework.boot.test.mock.mockito.MockitoContextCustomizer@0, org.springframework.boot.test.web.client.TestRestTemplateContextCustomizer@5fb8cf5f], resourceBasePath = 'src/main/webapp', contextLoader = 'org.springframework.boot.test.context.SpringBootContextLoader', parent = [null]], attributes = map['org.springframework.test.context.web.ServletTestExecutionListener.activateListener' -> true, 'org.springframework.test.context.web.ServletTestExecutionListener.populatedRequestContextHolder' -> true, 'org.springframework.test.context.web.ServletTestExecutionListener.resetRequestContextHolder' -> true]]; transaction manager [org.springframework.orm.jpa.JpaTransactionManager@3ba179b5]; rollback [true]
?[2m2019-02-19 22:24:36.881?[0;39m ?[32mDEBUG?[0;39m ?[35m21075?[0;39m ?[2m---?[0;39m ?[2m[    Test worker]?[0;39m ?[36mc.DefaultCacheAwareContextLoaderDelegate?[0;39m ?[2m:?[0;39m Retrieved ApplicationContext from cache with key [[WebMergedContextConfiguration@86aa60 testClass = StudentRepositoryTest, locations = '{}', classes = '{class learn.programming.DataPersistenceApplication, class learn.programming.DataPersistenceApplication}', contextInitializerClasses = '[]', activeProfiles = '{}', propertySourceLocations = '{}', propertySourceProperties = '{org.springframework.boot.test.context.SpringBootTestContextBootstrapper=true}', contextCustomizers = set[org.spockframework.spring.mock.SpockContextCustomizer@0, org.springframework.boot.test.autoconfigure.properties.PropertyMappingContextCustomizer@0, org.springframework.boot.test.autoconfigure.web.servlet.WebDriverContextCustomizerFactory$Customizer@33b0f5a3, org.springframework.boot.test.context.filter.ExcludeFilterContextCustomizer@1ce6b297, org.springframework.boot.test.json.DuplicateJsonObjectContextCustomizerFactory$DuplicateJsonObjectContextCustomizer@707f63c7, org.springframework.boot.test.mock.mockito.MockitoContextCustomizer@0, org.springframework.boot.test.web.client.TestRestTemplateContextCustomizer@5fb8cf5f], resourceBasePath = 'src/main/webapp', contextLoader = 'org.springframework.boot.test.context.SpringBootContextLoader', parent = [null]]]
?[2m2019-02-19 22:24:36.881?[0;39m ?[32mDEBUG?[0;39m ?[35m21075?[0;39m ?[2m---?[0;39m ?[2m[    Test worker]?[0;39m ?[36morg.springframework.test.context.cache  ?[0;39m ?[2m:?[0;39m Spring test ApplicationContext cache statistics: [DefaultContextCache@17d559c5 size = 1, maxSize = 32, parentContextCount = 0, hitCount = 3, missCount = 1]
?[2m2019-02-19 22:24:36.933?[0;39m ?[32m INFO?[0;39m ?[35m21075?[0;39m ?[2m---?[0;39m ?[2m[    Test worker]?[0;39m ?[36mlearn.programming.StudentRepositoryTest ?[0;39m ?[2m:?[0;39m Inside Spring Application Test...
Hibernate: 
    select
        student0_.id as id1_3_0_,
        student0_.name as name2_3_0_,
        student0_.passport_id as passport3_3_0_ 
    from
        student student0_ 
    where
        student0_.id=?
?[2m2019-02-19 22:24:36.934?[0;39m ?[32mTRACE?[0;39m ?[35m21075?[0;39m ?[2m---?[0;39m ?[2m[    Test worker]?[0;39m ?[36mo.h.type.descriptor.sql.BasicBinder     ?[0;39m ?[2m:?[0;39m binding parameter [1] as [BIGINT] - [100]
?[2m2019-02-19 22:24:36.935?[0;39m ?[32mTRACE?[0;39m ?[35m21075?[0;39m ?[2m---?[0;39m ?[2m[    Test worker]?[0;39m ?[36mo.h.type.descriptor.sql.BasicExtractor  ?[0;39m ?[2m:?[0;39m extracted value ([name2_3_0_] : [VARCHAR]) - [Fae]
?[2m2019-02-19 22:24:36.936?[0;39m ?[32mTRACE?[0;39m ?[35m21075?[0;39m ?[2m---?[0;39m ?[2m[    Test worker]?[0;39m ?[36mo.h.type.descriptor.sql.BasicExtractor  ?[0;39m ?[2m:?[0;39m extracted value ([passport3_3_0_] : [BIGINT]) - [100]
?[2m2019-02-19 22:24:36.937?[0;39m ?[32mTRACE?[0;39m ?[35m21075?[0;39m ?[2m---?[0;39m ?[2m[    Test worker]?[0;39m ?[36morg.hibernate.type.CollectionType       ?[0;39m ?[2m:?[0;39m Created collection wrapper: [learn.programming.entity.Student.courses#100]
?[2m2019-02-19 22:24:36.942?[0;39m ?[32m INFO?[0;39m ?[35m21075?[0;39m ?[2m---?[0;39m ?[2m[    Test worker]?[0;39m ?[36mlearn.programming.StudentRepositoryTest ?[0;39m ?[2m:?[0;39m Student 
 Student{id=100, name='Fae'}
Hibernate: 
    select
        passport0_.id as id1_1_0_,
        passport0_.number as number2_1_0_ 
    from
        passport passport0_ 
    where
        passport0_.id=?
?[2m2019-02-19 22:24:36.943?[0;39m ?[32m INFO?[0;39m ?[35m21075?[0;39m ?[2m---?[0;39m ?[2m[    Test worker]?[0;39m ?[36mlearn.programming.StudentRepositoryTest ?[0;39m ?[2m:?[0;39m Passport 
 Passport{id=100, number='N2001020'}
?[2m2019-02-19 22:24:36.947?[0;39m ?[32mDEBUG?[0;39m ?[35m21075?[0;39m ?[2m---?[0;39m ?[2m[    Test worker]?[0;39m ?[36mc.DefaultCacheAwareContextLoaderDelegate?[0;39m ?[2m:?[0;39m Retrieved ApplicationContext from cache with key [[WebMergedContextConfiguration@86aa60 testClass = StudentRepositoryTest, locations = '{}', classes = '{class learn.programming.DataPersistenceApplication, class learn.programming.DataPersistenceApplication}', contextInitializerClasses = '[]', activeProfiles = '{}', propertySourceLocations = '{}', propertySourceProperties = '{org.springframework.boot.test.context.SpringBootTestContextBootstrapper=true}', contextCustomizers = set[org.spockframework.spring.mock.SpockContextCustomizer@0, org.springframework.boot.test.autoconfigure.properties.PropertyMappingContextCustomizer@0, org.springframework.boot.test.autoconfigure.web.servlet.WebDriverContextCustomizerFactory$Customizer@33b0f5a3, org.springframework.boot.test.context.filter.ExcludeFilterContextCustomizer@1ce6b297, org.springframework.boot.test.json.DuplicateJsonObjectContextCustomizerFactory$DuplicateJsonObjectContextCustomizer@707f63c7, org.springframework.boot.test.mock.mockito.MockitoContextCustomizer@0, org.springframework.boot.test.web.client.TestRestTemplateContextCustomizer@5fb8cf5f], resourceBasePath = 'src/main/webapp', contextLoader = 'org.springframework.boot.test.context.SpringBootContextLoader', parent = [null]]]
?[2m2019-02-19 22:24:36.947?[0;39m ?[32mDEBUG?[0;39m ?[35m21075?[0;39m ?[2m---?[0;39m ?[2m[    Test worker]?[0;39m ?[36morg.springframework.test.context.cache  ?[0;39m ?[2m:?[0;39m Spring test ApplicationContext cache statistics: [DefaultContextCache@17d559c5 size = 1, maxSize = 32, parentContextCount = 0, hitCount = 4, missCount = 1]
?[2m2019-02-19 22:24:36.948?[0;39m ?[32mDEBUG?[0;39m ?[35m21075?[0;39m ?[2m---?[0;39m ?[2m[    Test worker]?[0;39m ?[36mc.DefaultCacheAwareContextLoaderDelegate?[0;39m ?[2m:?[0;39m Retrieved ApplicationContext from cache with key [[WebMergedContextConfiguration@86aa60 testClass = StudentRepositoryTest, locations = '{}', classes = '{class learn.programming.DataPersistenceApplication, class learn.programming.DataPersistenceApplication}', contextInitializerClasses = '[]', activeProfiles = '{}', propertySourceLocations = '{}', propertySourceProperties = '{org.springframework.boot.test.context.SpringBootTestContextBootstrapper=true}', contextCustomizers = set[org.spockframework.spring.mock.SpockContextCustomizer@0, org.springframework.boot.test.autoconfigure.properties.PropertyMappingContextCustomizer@0, org.springframework.boot.test.autoconfigure.web.servlet.WebDriverContextCustomizerFactory$Customizer@33b0f5a3, org.springframework.boot.test.context.filter.ExcludeFilterContextCustomizer@1ce6b297, org.springframework.boot.test.json.DuplicateJsonObjectContextCustomizerFactory$DuplicateJsonObjectContextCustomizer@707f63c7, org.springframework.boot.test.mock.mockito.MockitoContextCustomizer@0, org.springframework.boot.test.web.client.TestRestTemplateContextCustomizer@5fb8cf5f], resourceBasePath = 'src/main/webapp', contextLoader = 'org.springframework.boot.test.context.SpringBootContextLoader', parent = [null]]]
?[2m2019-02-19 22:24:36.948?[0;39m ?[32mDEBUG?[0;39m ?[35m21075?[0;39m ?[2m---?[0;39m ?[2m[    Test worker]?[0;39m ?[36morg.springframework.test.context.cache  ?[0;39m ?[2m:?[0;39m Spring test ApplicationContext cache statistics: [DefaultContextCache@17d559c5 size = 1, maxSize = 32, parentContextCount = 0, hitCount = 5, missCount = 1]
?[2m2019-02-19 22:24:36.949?[0;39m ?[32mDEBUG?[0;39m ?[35m21075?[0;39m ?[2m---?[0;39m ?[2m[    Test worker]?[0;39m ?[36mc.DefaultCacheAwareContextLoaderDelegate?[0;39m ?[2m:?[0;39m Retrieved ApplicationContext from cache with key [[WebMergedContextConfiguration@86aa60 testClass = StudentRepositoryTest, locations = '{}', classes = '{class learn.programming.DataPersistenceApplication, class learn.programming.DataPersistenceApplication}', contextInitializerClasses = '[]', activeProfiles = '{}', propertySourceLocations = '{}', propertySourceProperties = '{org.springframework.boot.test.context.SpringBootTestContextBootstrapper=true}', contextCustomizers = set[org.spockframework.spring.mock.SpockContextCustomizer@0, org.springframework.boot.test.autoconfigure.properties.PropertyMappingContextCustomizer@0, org.springframework.boot.test.autoconfigure.web.servlet.WebDriverContextCustomizerFactory$Customizer@33b0f5a3, org.springframework.boot.test.context.filter.ExcludeFilterContextCustomizer@1ce6b297, org.springframework.boot.test.json.DuplicateJsonObjectContextCustomizerFactory$DuplicateJsonObjectContextCustomizer@707f63c7, org.springframework.boot.test.mock.mockito.MockitoContextCustomizer@0, org.springframework.boot.test.web.client.TestRestTemplateContextCustomizer@5fb8cf5f], resourceBasePath = 'src/main/webapp', contextLoader = 'org.springframework.boot.test.context.SpringBootContextLoader', parent = [null]]]
?[2m2019-02-19 22:24:36.949?[0;39m ?[32mDEBUG?[0;39m ?[35m21075?[0;39m ?[2m---?[0;39m ?[2m[    Test worker]?[0;39m ?[36morg.springframework.test.context.cache  ?[0;39m ?[2m:?[0;39m Spring test ApplicationContext cache statistics: [DefaultContextCache@17d559c5 size = 1, maxSize = 32, parentContextCount = 0, hitCount = 6, missCount = 1]
?[2m2019-02-19 22:24:36.952?[0;39m ?[32mDEBUG?[0;39m ?[35m21075?[0;39m ?[2m---?[0;39m ?[2m[    Test worker]?[0;39m ?[36mo.s.orm.jpa.JpaTransactionManager       ?[0;39m ?[2m:?[0;39m Initiating transaction rollback
?[2m2019-02-19 22:24:36.953?[0;39m ?[32mDEBUG?[0;39m ?[35m21075?[0;39m ?[2m---?[0;39m ?[2m[    Test worker]?[0;39m ?[36mo.s.orm.jpa.JpaTransactionManager       ?[0;39m ?[2m:?[0;39m Rolling back JPA transaction on EntityManager [SessionImpl(1276674891<open>)]
?[2m2019-02-19 22:24:36.954?[0;39m ?[32mDEBUG?[0;39m ?[35m21075?[0;39m ?[2m---?[0;39m ?[2m[    Test worker]?[0;39m ?[36mo.s.orm.jpa.JpaTransactionManager       ?[0;39m ?[2m:?[0;39m Closing JPA EntityManager [SessionImpl(1276674891<open>)] after transaction
?[2m2019-02-19 22:24:36.955?[0;39m ?[32m INFO?[0;39m ?[35m21075?[0;39m ?[2m---?[0;39m ?[2m[    Test worker]?[0;39m ?[36mo.s.t.c.transaction.TransactionContext  ?[0;39m ?[2m:?[0;39m Rolled back transaction for test: [DefaultTestContext@791145ff testClass = StudentRepositoryTest, testInstance = learn.programming.StudentRepositoryTest@61baa8d4, testMethod = getStudentByIdTest@StudentRepositoryTest, testException = [null], mergedContextConfiguration = [WebMergedContextConfiguration@86aa60 testClass = StudentRepositoryTest, locations = '{}', classes = '{class learn.programming.DataPersistenceApplication, class learn.programming.DataPersistenceApplication}', contextInitializerClasses = '[]', activeProfiles = '{}', propertySourceLocations = '{}', propertySourceProperties = '{org.springframework.boot.test.context.SpringBootTestContextBootstrapper=true}', contextCustomizers = set[org.spockframework.spring.mock.SpockContextCustomizer@0, org.springframework.boot.test.autoconfigure.properties.PropertyMappingContextCustomizer@0, org.springframework.boot.test.autoconfigure.web.servlet.WebDriverContextCustomizerFactory$Customizer@33b0f5a3, org.springframework.boot.test.context.filter.ExcludeFilterContextCustomizer@1ce6b297, org.springframework.boot.test.json.DuplicateJsonObjectContextCustomizerFactory$DuplicateJsonObjectContextCustomizer@707f63c7, org.springframework.boot.test.mock.mockito.MockitoContextCustomizer@0, org.springframework.boot.test.web.client.TestRestTemplateContextCustomizer@5fb8cf5f], resourceBasePath = 'src/main/webapp', contextLoader = 'org.springframework.boot.test.context.SpringBootContextLoader', parent = [null]], attributes = map['org.springframework.test.context.web.ServletTestExecutionListener.activateListener' -> true, 'org.springframework.test.context.web.ServletTestExecutionListener.populatedRequestContextHolder' -> true, 'org.springframework.test.context.web.ServletTestExecutionListener.resetRequestContextHolder' -> true]]
?[2m2019-02-19 22:24:36.956?[0;39m ?[32mDEBUG?[0;39m ?[35m21075?[0;39m ?[2m---?[0;39m ?[2m[    Test worker]?[0;39m ?[36mtractDirtiesContextTestExecutionListener?[0;39m ?[2m:?[0;39m After test method: context [DefaultTestContext@791145ff testClass = StudentRepositoryTest, testInstance = learn.programming.StudentRepositoryTest@61baa8d4, testMethod = getStudentByIdTest@StudentRepositoryTest, testException = [null], mergedContextConfiguration = [WebMergedContextConfiguration@86aa60 testClass = StudentRepositoryTest, locations = '{}', classes = '{class learn.programming.DataPersistenceApplication, class learn.programming.DataPersistenceApplication}', contextInitializerClasses = '[]', activeProfiles = '{}', propertySourceLocations = '{}', propertySourceProperties = '{org.springframework.boot.test.context.SpringBootTestContextBootstrapper=true}', contextCustomizers = set[org.spockframework.spring.mock.SpockContextCustomizer@0, org.springframework.boot.test.autoconfigure.properties.PropertyMappingContextCustomizer@0, org.springframework.boot.test.autoconfigure.web.servlet.WebDriverContextCustomizerFactory$Customizer@33b0f5a3, org.springframework.boot.test.context.filter.ExcludeFilterContextCustomizer@1ce6b297, org.springframework.boot.test.json.DuplicateJsonObjectContextCustomizerFactory$DuplicateJsonObjectContextCustomizer@707f63c7, org.springframework.boot.test.mock.mockito.MockitoContextCustomizer@0, org.springframework.boot.test.web.client.TestRestTemplateContextCustomizer@5fb8cf5f], resourceBasePath = 'src/main/webapp', contextLoader = 'org.springframework.boot.test.context.SpringBootContextLoader', parent = [null]], attributes = map['org.springframework.test.context.web.ServletTestExecutionListener.activateListener' -> true, 'org.springframework.test.context.web.ServletTestExecutionListener.populatedRequestContextHolder' -> true, 'org.springframework.test.context.web.ServletTestExecutionListener.resetRequestContextHolder' -> true]], class annotated with @DirtiesContext [false] with mode [null], method annotated with @DirtiesContext [false] with mode [null].
?[2m2019-02-19 22:24:36.956?[0;39m ?[32mDEBUG?[0;39m ?[35m21075?[0;39m ?[2m---?[0;39m ?[2m[    Test worker]?[0;39m ?[36mo.s.t.c.w.ServletTestExecutionListener  ?[0;39m ?[2m:?[0;39m Resetting RequestContextHolder for test context [DefaultTestContext@791145ff testClass = StudentRepositoryTest, testInstance = learn.programming.StudentRepositoryTest@61baa8d4, testMethod = getStudentByIdTest@StudentRepositoryTest, testException = [null], mergedContextConfiguration = [WebMergedContextConfiguration@86aa60 testClass = StudentRepositoryTest, locations = '{}', classes = '{class learn.programming.DataPersistenceApplication, class learn.programming.DataPersistenceApplication}', contextInitializerClasses = '[]', activeProfiles = '{}', propertySourceLocations = '{}', propertySourceProperties = '{org.springframework.boot.test.context.SpringBootTestContextBootstrapper=true}', contextCustomizers = set[org.spockframework.spring.mock.SpockContextCustomizer@0, org.springframework.boot.test.autoconfigure.properties.PropertyMappingContextCustomizer@0, org.springframework.boot.test.autoconfigure.web.servlet.WebDriverContextCustomizerFactory$Customizer@33b0f5a3, org.springframework.boot.test.context.filter.ExcludeFilterContextCustomizer@1ce6b297, org.springframework.boot.test.json.DuplicateJsonObjectContextCustomizerFactory$DuplicateJsonObjectContextCustomizer@707f63c7, org.springframework.boot.test.mock.mockito.MockitoContextCustomizer@0, org.springframework.boot.test.web.client.TestRestTemplateContextCustomizer@5fb8cf5f], resourceBasePath = 'src/main/webapp', contextLoader = 'org.springframework.boot.test.context.SpringBootContextLoader', parent = [null]], attributes = map['org.springframework.test.context.web.ServletTestExecutionListener.activateListener' -> true, 'org.springframework.test.context.web.ServletTestExecutionListener.populatedRequestContextHolder' -> true, 'org.springframework.test.context.web.ServletTestExecutionListener.resetRequestContextHolder' -> true]].
?[2m2019-02-19 22:24:36.958?[0;39m ?[32mDEBUG?[0;39m ?[35m21075?[0;39m ?[2m---?[0;39m ?[2m[    Test worker]?[0;39m ?[36mo.s.test.annotation.ProfileValueUtils   ?[0;39m ?[2m:?[0;39m Retrieved @ProfileValueSourceConfiguration [null] for test class [learn.programming.StudentRepositoryTest]
?[2m2019-02-19 22:24:36.958?[0;39m ?[32mDEBUG?[0;39m ?[35m21075?[0;39m ?[2m---?[0;39m ?[2m[    Test worker]?[0;39m ?[36mo.s.test.annotation.ProfileValueUtils   ?[0;39m ?[2m:?[0;39m Retrieved ProfileValueSource type [class org.springframework.test.annotation.SystemProfileValueSource] for class [learn.programming.StudentRepositoryTest]
?[2m2019-02-19 22:24:36.958?[0;39m ?[32mDEBUG?[0;39m ?[35m21075?[0;39m ?[2m---?[0;39m ?[2m[    Test worker]?[0;39m ?[36mc.DefaultCacheAwareContextLoaderDelegate?[0;39m ?[2m:?[0;39m Retrieved ApplicationContext from cache with key [[WebMergedContextConfiguration@86aa60 testClass = StudentRepositoryTest, locations = '{}', classes = '{class learn.programming.DataPersistenceApplication, class learn.programming.DataPersistenceApplication}', contextInitializerClasses = '[]', activeProfiles = '{}', propertySourceLocations = '{}', propertySourceProperties = '{org.springframework.boot.test.context.SpringBootTestContextBootstrapper=true}', contextCustomizers = set[org.spockframework.spring.mock.SpockContextCustomizer@0, org.springframework.boot.test.autoconfigure.properties.PropertyMappingContextCustomizer@0, org.springframework.boot.test.autoconfigure.web.servlet.WebDriverContextCustomizerFactory$Customizer@33b0f5a3, org.springframework.boot.test.context.filter.ExcludeFilterContextCustomizer@1ce6b297, org.springframework.boot.test.json.DuplicateJsonObjectContextCustomizerFactory$DuplicateJsonObjectContextCustomizer@707f63c7, org.springframework.boot.test.mock.mockito.MockitoContextCustomizer@0, org.springframework.boot.test.web.client.TestRestTemplateContextCustomizer@5fb8cf5f], resourceBasePath = 'src/main/webapp', contextLoader = 'org.springframework.boot.test.context.SpringBootContextLoader', parent = [null]]]
?[2m2019-02-19 22:24:36.959?[0;39m ?[32mDEBUG?[0;39m ?[35m21075?[0;39m ?[2m---?[0;39m ?[2m[    Test worker]?[0;39m ?[36morg.springframework.test.context.cache  ?[0;39m ?[2m:?[0;39m Spring test ApplicationContext cache statistics: [DefaultContextCache@17d559c5 size = 1, maxSize = 32, parentContextCount = 0, hitCount = 7, missCount = 1]
?[2m2019-02-19 22:24:36.959?[0;39m ?[32mDEBUG?[0;39m ?[35m21075?[0;39m ?[2m---?[0;39m ?[2m[    Test worker]?[0;39m ?[36mo.s.t.c.w.ServletTestExecutionListener  ?[0;39m ?[2m:?[0;39m Setting up MockHttpServletRequest, MockHttpServletResponse, ServletWebRequest, and RequestContextHolder for test context [DefaultTestContext@791145ff testClass = StudentRepositoryTest, testInstance = learn.programming.StudentRepositoryTest@7735583e, testMethod = [null], testException = [null], mergedContextConfiguration = [WebMergedContextConfiguration@86aa60 testClass = StudentRepositoryTest, locations = '{}', classes = '{class learn.programming.DataPersistenceApplication, class learn.programming.DataPersistenceApplication}', contextInitializerClasses = '[]', activeProfiles = '{}', propertySourceLocations = '{}', propertySourceProperties = '{org.springframework.boot.test.context.SpringBootTestContextBootstrapper=true}', contextCustomizers = set[org.spockframework.spring.mock.SpockContextCustomizer@0, org.springframework.boot.test.autoconfigure.properties.PropertyMappingContextCustomizer@0, org.springframework.boot.test.autoconfigure.web.servlet.WebDriverContextCustomizerFactory$Customizer@33b0f5a3, org.springframework.boot.test.context.filter.ExcludeFilterContextCustomizer@1ce6b297, org.springframework.boot.test.json.DuplicateJsonObjectContextCustomizerFactory$DuplicateJsonObjectContextCustomizer@707f63c7, org.springframework.boot.test.mock.mockito.MockitoContextCustomizer@0, org.springframework.boot.test.web.client.TestRestTemplateContextCustomizer@5fb8cf5f], resourceBasePath = 'src/main/webapp', contextLoader = 'org.springframework.boot.test.context.SpringBootContextLoader', parent = [null]], attributes = map['org.springframework.test.context.web.ServletTestExecutionListener.activateListener' -> true, 'org.springframework.test.context.support.DependencyInjectionTestExecutionListener.reinjectDependencies' -> true]].
?[2m2019-02-19 22:24:36.959?[0;39m ?[32mDEBUG?[0;39m ?[35m21075?[0;39m ?[2m---?[0;39m ?[2m[    Test worker]?[0;39m ?[36mDependencyInjectionTestExecutionListener?[0;39m ?[2m:?[0;39m Performing dependency injection for test context [[DefaultTestContext@791145ff testClass = StudentRepositoryTest, testInstance = learn.programming.StudentRepositoryTest@7735583e, testMethod = [null], testException = [null], mergedContextConfiguration = [WebMergedContextConfiguration@86aa60 testClass = StudentRepositoryTest, locations = '{}', classes = '{class learn.programming.DataPersistenceApplication, class learn.programming.DataPersistenceApplication}', contextInitializerClasses = '[]', activeProfiles = '{}', propertySourceLocations = '{}', propertySourceProperties = '{org.springframework.boot.test.context.SpringBootTestContextBootstrapper=true}', contextCustomizers = set[org.spockframework.spring.mock.SpockContextCustomizer@0, org.springframework.boot.test.autoconfigure.properties.PropertyMappingContextCustomizer@0, org.springframework.boot.test.autoconfigure.web.servlet.WebDriverContextCustomizerFactory$Customizer@33b0f5a3, org.springframework.boot.test.context.filter.ExcludeFilterContextCustomizer@1ce6b297, org.springframework.boot.test.json.DuplicateJsonObjectContextCustomizerFactory$DuplicateJsonObjectContextCustomizer@707f63c7, org.springframework.boot.test.mock.mockito.MockitoContextCustomizer@0, org.springframework.boot.test.web.client.TestRestTemplateContextCustomizer@5fb8cf5f], resourceBasePath = 'src/main/webapp', contextLoader = 'org.springframework.boot.test.context.SpringBootContextLoader', parent = [null]], attributes = map['org.springframework.test.context.web.ServletTestExecutionListener.activateListener' -> true, 'org.springframework.test.context.web.ServletTestExecutionListener.populatedRequestContextHolder' -> true, 'org.springframework.test.context.web.ServletTestExecutionListener.resetRequestContextHolder' -> true, 'org.springframework.test.context.support.DependencyInjectionTestExecutionListener.reinjectDependencies' -> true]]].
?[2m2019-02-19 22:24:36.960?[0;39m ?[32mDEBUG?[0;39m ?[35m21075?[0;39m ?[2m---?[0;39m ?[2m[    Test worker]?[0;39m ?[36mc.DefaultCacheAwareContextLoaderDelegate?[0;39m ?[2m:?[0;39m Retrieved ApplicationContext from cache with key [[WebMergedContextConfiguration@86aa60 testClass = StudentRepositoryTest, locations = '{}', classes = '{class learn.programming.DataPersistenceApplication, class learn.programming.DataPersistenceApplication}', contextInitializerClasses = '[]', activeProfiles = '{}', propertySourceLocations = '{}', propertySourceProperties = '{org.springframework.boot.test.context.SpringBootTestContextBootstrapper=true}', contextCustomizers = set[org.spockframework.spring.mock.SpockContextCustomizer@0, org.springframework.boot.test.autoconfigure.properties.PropertyMappingContextCustomizer@0, org.springframework.boot.test.autoconfigure.web.servlet.WebDriverContextCustomizerFactory$Customizer@33b0f5a3, org.springframework.boot.test.context.filter.ExcludeFilterContextCustomizer@1ce6b297, org.springframework.boot.test.json.DuplicateJsonObjectContextCustomizerFactory$DuplicateJsonObjectContextCustomizer@707f63c7, org.springframework.boot.test.mock.mockito.MockitoContextCustomizer@0, org.springframework.boot.test.web.client.TestRestTemplateContextCustomizer@5fb8cf5f], resourceBasePath = 'src/main/webapp', contextLoader = 'org.springframework.boot.test.context.SpringBootContextLoader', parent = [null]]]
?[2m2019-02-19 22:24:36.960?[0;39m ?[32mDEBUG?[0;39m ?[35m21075?[0;39m ?[2m---?[0;39m ?[2m[    Test worker]?[0;39m ?[36morg.springframework.test.context.cache  ?[0;39m ?[2m:?[0;39m Spring test ApplicationContext cache statistics: [DefaultContextCache@17d559c5 size = 1, maxSize = 32, parentContextCount = 0, hitCount = 8, missCount = 1]
?[2m2019-02-19 22:24:36.961?[0;39m ?[32mDEBUG?[0;39m ?[35m21075?[0;39m ?[2m---?[0;39m ?[2m[    Test worker]?[0;39m ?[36mtractDirtiesContextTestExecutionListener?[0;39m ?[2m:?[0;39m Before test method: context [DefaultTestContext@791145ff testClass = StudentRepositoryTest, testInstance = learn.programming.StudentRepositoryTest@7735583e, testMethod = getStudentFromPassport@StudentRepositoryTest, testException = [null], mergedContextConfiguration = [WebMergedContextConfiguration@86aa60 testClass = StudentRepositoryTest, locations = '{}', classes = '{class learn.programming.DataPersistenceApplication, class learn.programming.DataPersistenceApplication}', contextInitializerClasses = '[]', activeProfiles = '{}', propertySourceLocations = '{}', propertySourceProperties = '{org.springframework.boot.test.context.SpringBootTestContextBootstrapper=true}', contextCustomizers = set[org.spockframework.spring.mock.SpockContextCustomizer@0, org.springframework.boot.test.autoconfigure.properties.PropertyMappingContextCustomizer@0, org.springframework.boot.test.autoconfigure.web.servlet.WebDriverContextCustomizerFactory$Customizer@33b0f5a3, org.springframework.boot.test.context.filter.ExcludeFilterContextCustomizer@1ce6b297, org.springframework.boot.test.json.DuplicateJsonObjectContextCustomizerFactory$DuplicateJsonObjectContextCustomizer@707f63c7, org.springframework.boot.test.mock.mockito.MockitoContextCustomizer@0, org.springframework.boot.test.web.client.TestRestTemplateContextCustomizer@5fb8cf5f], resourceBasePath = 'src/main/webapp', contextLoader = 'org.springframework.boot.test.context.SpringBootContextLoader', parent = [null]], attributes = map['org.springframework.test.context.web.ServletTestExecutionListener.activateListener' -> true, 'org.springframework.test.context.web.ServletTestExecutionListener.populatedRequestContextHolder' -> true, 'org.springframework.test.context.web.ServletTestExecutionListener.resetRequestContextHolder' -> true]], class annotated with @DirtiesContext [false] with mode [null], method annotated with @DirtiesContext [false] with mode [null].
?[2m2019-02-19 22:24:36.963?[0;39m ?[32mDEBUG?[0;39m ?[35m21075?[0;39m ?[2m---?[0;39m ?[2m[    Test worker]?[0;39m ?[36mc.DefaultCacheAwareContextLoaderDelegate?[0;39m ?[2m:?[0;39m Retrieved ApplicationContext from cache with key [[WebMergedContextConfiguration@86aa60 testClass = StudentRepositoryTest, locations = '{}', classes = '{class learn.programming.DataPersistenceApplication, class learn.programming.DataPersistenceApplication}', contextInitializerClasses = '[]', activeProfiles = '{}', propertySourceLocations = '{}', propertySourceProperties = '{org.springframework.boot.test.context.SpringBootTestContextBootstrapper=true}', contextCustomizers = set[org.spockframework.spring.mock.SpockContextCustomizer@0, org.springframework.boot.test.autoconfigure.properties.PropertyMappingContextCustomizer@0, org.springframework.boot.test.autoconfigure.web.servlet.WebDriverContextCustomizerFactory$Customizer@33b0f5a3, org.springframework.boot.test.context.filter.ExcludeFilterContextCustomizer@1ce6b297, org.springframework.boot.test.json.DuplicateJsonObjectContextCustomizerFactory$DuplicateJsonObjectContextCustomizer@707f63c7, org.springframework.boot.test.mock.mockito.MockitoContextCustomizer@0, org.springframework.boot.test.web.client.TestRestTemplateContextCustomizer@5fb8cf5f], resourceBasePath = 'src/main/webapp', contextLoader = 'org.springframework.boot.test.context.SpringBootContextLoader', parent = [null]]]
?[2m2019-02-19 22:24:36.963?[0;39m ?[32mDEBUG?[0;39m ?[35m21075?[0;39m ?[2m---?[0;39m ?[2m[    Test worker]?[0;39m ?[36morg.springframework.test.context.cache  ?[0;39m ?[2m:?[0;39m Spring test ApplicationContext cache statistics: [DefaultContextCache@17d559c5 size = 1, maxSize = 32, parentContextCount = 0, hitCount = 9, missCount = 1]
?[2m2019-02-19 22:24:36.964?[0;39m ?[32mDEBUG?[0;39m ?[35m21075?[0;39m ?[2m---?[0;39m ?[2m[    Test worker]?[0;39m ?[36mtor$SharedEntityManagerInvocationHandler?[0;39m ?[2m:?[0;39m Creating new EntityManager for shared EntityManager invocation
Hibernate: 
    select
        passport0_.id as id1_1_0_,
        passport0_.number as number2_1_0_ 
    from
        passport passport0_ 
    where
        passport0_.id=?
?[2m2019-02-19 22:24:36.967?[0;39m ?[32mTRACE?[0;39m ?[35m21075?[0;39m ?[2m---?[0;39m ?[2m[    Test worker]?[0;39m ?[36mo.h.type.descriptor.sql.BasicBinder     ?[0;39m ?[2m:?[0;39m binding parameter [1] as [BIGINT] - [100]
?[2m2019-02-19 22:24:36.968?[0;39m ?[32mTRACE?[0;39m ?[35m21075?[0;39m ?[2m---?[0;39m ?[2m[    Test worker]?[0;39m ?[36mo.h.type.descriptor.sql.BasicExtractor  ?[0;39m ?[2m:?[0;39m extracted value ([number2_1_0_] : [VARCHAR]) - [N2001020]
Hibernate: 
    select
        student0_.id as id1_3_0_,
        student0_.name as name2_3_0_,
        student0_.passport_id as passport3_3_0_ 
    from
        student student0_ 
    where
        student0_.passport_id=?
?[2m2019-02-19 22:24:36.969?[0;39m ?[32mTRACE?[0;39m ?[35m21075?[0;39m ?[2m---?[0;39m ?[2m[    Test worker]?[0;39m ?[36mo.h.type.descriptor.sql.BasicBinder     ?[0;39m ?[2m:?[0;39m binding parameter [1] as [BIGINT] - [100]
?[2m2019-02-19 22:24:36.971?[0;39m ?[32mTRACE?[0;39m ?[35m21075?[0;39m ?[2m---?[0;39m ?[2m[    Test worker]?[0;39m ?[36mo.h.type.descriptor.sql.BasicExtractor  ?[0;39m ?[2m:?[0;39m extracted value ([id1_3_0_] : [BIGINT]) - [100]
?[2m2019-02-19 22:24:36.972?[0;39m ?[32mTRACE?[0;39m ?[35m21075?[0;39m ?[2m---?[0;39m ?[2m[    Test worker]?[0;39m ?[36mo.h.type.descriptor.sql.BasicExtractor  ?[0;39m ?[2m:?[0;39m extracted value ([name2_3_0_] : [VARCHAR]) - [Fae]
?[2m2019-02-19 22:24:36.972?[0;39m ?[32mTRACE?[0;39m ?[35m21075?[0;39m ?[2m---?[0;39m ?[2m[    Test worker]?[0;39m ?[36mo.h.type.descriptor.sql.BasicExtractor  ?[0;39m ?[2m:?[0;39m extracted value ([passport3_3_0_] : [BIGINT]) - [100]
?[2m2019-02-19 22:24:36.972?[0;39m ?[32mTRACE?[0;39m ?[35m21075?[0;39m ?[2m---?[0;39m ?[2m[    Test worker]?[0;39m ?[36morg.hibernate.type.CollectionType       ?[0;39m ?[2m:?[0;39m Created collection wrapper: [learn.programming.entity.Student.courses#100]
?[2m2019-02-19 22:24:36.973?[0;39m ?[32m INFO?[0;39m ?[35m21075?[0;39m ?[2m---?[0;39m ?[2m[    Test worker]?[0;39m ?[36mlearn.programming.StudentRepositoryTest ?[0;39m ?[2m:?[0;39m Passport details 
 Passport{id=100, number='N2001020'}
?[2m2019-02-19 22:24:36.973?[0;39m ?[32m INFO?[0;39m ?[35m21075?[0;39m ?[2m---?[0;39m ?[2m[    Test worker]?[0;39m ?[36mlearn.programming.StudentRepositoryTest ?[0;39m ?[2m:?[0;39m Student details 
 Student{id=100, name='Fae'}
?[2m2019-02-19 22:24:36.974?[0;39m ?[32mDEBUG?[0;39m ?[35m21075?[0;39m ?[2m---?[0;39m ?[2m[    Test worker]?[0;39m ?[36mc.DefaultCacheAwareContextLoaderDelegate?[0;39m ?[2m:?[0;39m Retrieved ApplicationContext from cache with key [[WebMergedContextConfiguration@86aa60 testClass = StudentRepositoryTest, locations = '{}', classes = '{class learn.programming.DataPersistenceApplication, class learn.programming.DataPersistenceApplication}', contextInitializerClasses = '[]', activeProfiles = '{}', propertySourceLocations = '{}', propertySourceProperties = '{org.springframework.boot.test.context.SpringBootTestContextBootstrapper=true}', contextCustomizers = set[org.spockframework.spring.mock.SpockContextCustomizer@0, org.springframework.boot.test.autoconfigure.properties.PropertyMappingContextCustomizer@0, org.springframework.boot.test.autoconfigure.web.servlet.WebDriverContextCustomizerFactory$Customizer@33b0f5a3, org.springframework.boot.test.context.filter.ExcludeFilterContextCustomizer@1ce6b297, org.springframework.boot.test.json.DuplicateJsonObjectContextCustomizerFactory$DuplicateJsonObjectContextCustomizer@707f63c7, org.springframework.boot.test.mock.mockito.MockitoContextCustomizer@0, org.springframework.boot.test.web.client.TestRestTemplateContextCustomizer@5fb8cf5f], resourceBasePath = 'src/main/webapp', contextLoader = 'org.springframework.boot.test.context.SpringBootContextLoader', parent = [null]]]
?[2m2019-02-19 22:24:36.974?[0;39m ?[32mDEBUG?[0;39m ?[35m21075?[0;39m ?[2m---?[0;39m ?[2m[    Test worker]?[0;39m ?[36morg.springframework.test.context.cache  ?[0;39m ?[2m:?[0;39m Spring test ApplicationContext cache statistics: [DefaultContextCache@17d559c5 size = 1, maxSize = 32, parentContextCount = 0, hitCount = 10, missCount = 1]
?[2m2019-02-19 22:24:36.975?[0;39m ?[32mDEBUG?[0;39m ?[35m21075?[0;39m ?[2m---?[0;39m ?[2m[    Test worker]?[0;39m ?[36mc.DefaultCacheAwareContextLoaderDelegate?[0;39m ?[2m:?[0;39m Retrieved ApplicationContext from cache with key [[WebMergedContextConfiguration@86aa60 testClass = StudentRepositoryTest, locations = '{}', classes = '{class learn.programming.DataPersistenceApplication, class learn.programming.DataPersistenceApplication}', contextInitializerClasses = '[]', activeProfiles = '{}', propertySourceLocations = '{}', propertySourceProperties = '{org.springframework.boot.test.context.SpringBootTestContextBootstrapper=true}', contextCustomizers = set[org.spockframework.spring.mock.SpockContextCustomizer@0, org.springframework.boot.test.autoconfigure.properties.PropertyMappingContextCustomizer@0, org.springframework.boot.test.autoconfigure.web.servlet.WebDriverContextCustomizerFactory$Customizer@33b0f5a3, org.springframework.boot.test.context.filter.ExcludeFilterContextCustomizer@1ce6b297, org.springframework.boot.test.json.DuplicateJsonObjectContextCustomizerFactory$DuplicateJsonObjectContextCustomizer@707f63c7, org.springframework.boot.test.mock.mockito.MockitoContextCustomizer@0, org.springframework.boot.test.web.client.TestRestTemplateContextCustomizer@5fb8cf5f], resourceBasePath = 'src/main/webapp', contextLoader = 'org.springframework.boot.test.context.SpringBootContextLoader', parent = [null]]]
?[2m2019-02-19 22:24:36.975?[0;39m ?[32mDEBUG?[0;39m ?[35m21075?[0;39m ?[2m---?[0;39m ?[2m[    Test worker]?[0;39m ?[36morg.springframework.test.context.cache  ?[0;39m ?[2m:?[0;39m Spring test ApplicationContext cache statistics: [DefaultContextCache@17d559c5 size = 1, maxSize = 32, parentContextCount = 0, hitCount = 11, missCount = 1]
?[2m2019-02-19 22:24:36.975?[0;39m ?[32mDEBUG?[0;39m ?[35m21075?[0;39m ?[2m---?[0;39m ?[2m[    Test worker]?[0;39m ?[36mc.DefaultCacheAwareContextLoaderDelegate?[0;39m ?[2m:?[0;39m Retrieved ApplicationContext from cache with key [[WebMergedContextConfiguration@86aa60 testClass = StudentRepositoryTest, locations = '{}', classes = '{class learn.programming.DataPersistenceApplication, class learn.programming.DataPersistenceApplication}', contextInitializerClasses = '[]', activeProfiles = '{}', propertySourceLocations = '{}', propertySourceProperties = '{org.springframework.boot.test.context.SpringBootTestContextBootstrapper=true}', contextCustomizers = set[org.spockframework.spring.mock.SpockContextCustomizer@0, org.springframework.boot.test.autoconfigure.properties.PropertyMappingContextCustomizer@0, org.springframework.boot.test.autoconfigure.web.servlet.WebDriverContextCustomizerFactory$Customizer@33b0f5a3, org.springframework.boot.test.context.filter.ExcludeFilterContextCustomizer@1ce6b297, org.springframework.boot.test.json.DuplicateJsonObjectContextCustomizerFactory$DuplicateJsonObjectContextCustomizer@707f63c7, org.springframework.boot.test.mock.mockito.MockitoContextCustomizer@0, org.springframework.boot.test.web.client.TestRestTemplateContextCustomizer@5fb8cf5f], resourceBasePath = 'src/main/webapp', contextLoader = 'org.springframework.boot.test.context.SpringBootContextLoader', parent = [null]]]
?[2m2019-02-19 22:24:36.975?[0;39m ?[32mDEBUG?[0;39m ?[35m21075?[0;39m ?[2m---?[0;39m ?[2m[    Test worker]?[0;39m ?[36morg.springframework.test.context.cache  ?[0;39m ?[2m:?[0;39m Spring test ApplicationContext cache statistics: [DefaultContextCache@17d559c5 size = 1, maxSize = 32, parentContextCount = 0, hitCount = 12, missCount = 1]
?[2m2019-02-19 22:24:36.977?[0;39m ?[32mDEBUG?[0;39m ?[35m21075?[0;39m ?[2m---?[0;39m ?[2m[    Test worker]?[0;39m ?[36mtractDirtiesContextTestExecutionListener?[0;39m ?[2m:?[0;39m After test method: context [DefaultTestContext@791145ff testClass = StudentRepositoryTest, testInstance = learn.programming.StudentRepositoryTest@7735583e, testMethod = getStudentFromPassport@StudentRepositoryTest, testException = [null], mergedContextConfiguration = [WebMergedContextConfiguration@86aa60 testClass = StudentRepositoryTest, locations = '{}', classes = '{class learn.programming.DataPersistenceApplication, class learn.programming.DataPersistenceApplication}', contextInitializerClasses = '[]', activeProfiles = '{}', propertySourceLocations = '{}', propertySourceProperties = '{org.springframework.boot.test.context.SpringBootTestContextBootstrapper=true}', contextCustomizers = set[org.spockframework.spring.mock.SpockContextCustomizer@0, org.springframework.boot.test.autoconfigure.properties.PropertyMappingContextCustomizer@0, org.springframework.boot.test.autoconfigure.web.servlet.WebDriverContextCustomizerFactory$Customizer@33b0f5a3, org.springframework.boot.test.context.filter.ExcludeFilterContextCustomizer@1ce6b297, org.springframework.boot.test.json.DuplicateJsonObjectContextCustomizerFactory$DuplicateJsonObjectContextCustomizer@707f63c7, org.springframework.boot.test.mock.mockito.MockitoContextCustomizer@0, org.springframework.boot.test.web.client.TestRestTemplateContextCustomizer@5fb8cf5f], resourceBasePath = 'src/main/webapp', contextLoader = 'org.springframework.boot.test.context.SpringBootContextLoader', parent = [null]], attributes = map['org.springframework.test.context.web.ServletTestExecutionListener.activateListener' -> true, 'org.springframework.test.context.web.ServletTestExecutionListener.populatedRequestContextHolder' -> true, 'org.springframework.test.context.web.ServletTestExecutionListener.resetRequestContextHolder' -> true]], class annotated with @DirtiesContext [false] with mode [null], method annotated with @DirtiesContext [false] with mode [null].
?[2m2019-02-19 22:24:36.977?[0;39m ?[32mDEBUG?[0;39m ?[35m21075?[0;39m ?[2m---?[0;39m ?[2m[    Test worker]?[0;39m ?[36mo.s.t.c.w.ServletTestExecutionListener  ?[0;39m ?[2m:?[0;39m Resetting RequestContextHolder for test context [DefaultTestContext@791145ff testClass = StudentRepositoryTest, testInstance = learn.programming.StudentRepositoryTest@7735583e, testMethod = getStudentFromPassport@StudentRepositoryTest, testException = [null], mergedContextConfiguration = [WebMergedContextConfiguration@86aa60 testClass = StudentRepositoryTest, locations = '{}', classes = '{class learn.programming.DataPersistenceApplication, class learn.programming.DataPersistenceApplication}', contextInitializerClasses = '[]', activeProfiles = '{}', propertySourceLocations = '{}', propertySourceProperties = '{org.springframework.boot.test.context.SpringBootTestContextBootstrapper=true}', contextCustomizers = set[org.spockframework.spring.mock.SpockContextCustomizer@0, org.springframework.boot.test.autoconfigure.properties.PropertyMappingContextCustomizer@0, org.springframework.boot.test.autoconfigure.web.servlet.WebDriverContextCustomizerFactory$Customizer@33b0f5a3, org.springframework.boot.test.context.filter.ExcludeFilterContextCustomizer@1ce6b297, org.springframework.boot.test.json.DuplicateJsonObjectContextCustomizerFactory$DuplicateJsonObjectContextCustomizer@707f63c7, org.springframework.boot.test.mock.mockito.MockitoContextCustomizer@0, org.springframework.boot.test.web.client.TestRestTemplateContextCustomizer@5fb8cf5f], resourceBasePath = 'src/main/webapp', contextLoader = 'org.springframework.boot.test.context.SpringBootContextLoader', parent = [null]], attributes = map['org.springframework.test.context.web.ServletTestExecutionListener.activateListener' -> true, 'org.springframework.test.context.web.ServletTestExecutionListener.populatedRequestContextHolder' -> true, 'org.springframework.test.context.web.ServletTestExecutionListener.resetRequestContextHolder' -> true]].
?[2m2019-02-19 22:24:36.978?[0;39m ?[32mDEBUG?[0;39m ?[35m21075?[0;39m ?[2m---?[0;39m ?[2m[    Test worker]?[0;39m ?[36mtractDirtiesContextTestExecutionListener?[0;39m ?[2m:?[0;39m After test class: context [DefaultTestContext@791145ff testClass = StudentRepositoryTest, testInstance = [null], testMethod = [null], testException = [null], mergedContextConfiguration = [WebMergedContextConfiguration@86aa60 testClass = StudentRepositoryTest, locations = '{}', classes = '{class learn.programming.DataPersistenceApplication, class learn.programming.DataPersistenceApplication}', contextInitializerClasses = '[]', activeProfiles = '{}', propertySourceLocations = '{}', propertySourceProperties = '{org.springframework.boot.test.context.SpringBootTestContextBootstrapper=true}', contextCustomizers = set[org.spockframework.spring.mock.SpockContextCustomizer@0, org.springframework.boot.test.autoconfigure.properties.PropertyMappingContextCustomizer@0, org.springframework.boot.test.autoconfigure.web.servlet.WebDriverContextCustomizerFactory$Customizer@33b0f5a3, org.springframework.boot.test.context.filter.ExcludeFilterContextCustomizer@1ce6b297, org.springframework.boot.test.json.DuplicateJsonObjectContextCustomizerFactory$DuplicateJsonObjectContextCustomizer@707f63c7, org.springframework.boot.test.mock.mockito.MockitoContextCustomizer@0, org.springframework.boot.test.web.client.TestRestTemplateContextCustomizer@5fb8cf5f], resourceBasePath = 'src/main/webapp', contextLoader = 'org.springframework.boot.test.context.SpringBootContextLoader', parent = [null]], attributes = map['org.springframework.test.context.web.ServletTestExecutionListener.activateListener' -> true, 'org.springframework.test.context.support.DependencyInjectionTestExecutionListener.reinjectDependencies' -> true]], class annotated with @DirtiesContext [false] with mode [null].
]]></system-out>
  <system-err><![CDATA[]]></system-err>
</testsuite>
